<?xml version="1.0" encoding="UTF-8"?>
<testsuite xmlns:xsi="http://www.w3.org/2001/XMLSchema-instance" xsi:noNamespaceSchemaLocation="https://maven.apache.org/surefire/maven-surefire-plugin/xsd/surefire-test-report-3.0.xsd" version="3.0" name="runner.SampleTest" time="10.655" tests="4" errors="0" skipped="0" failures="0">
  <properties>
[...]
</properties>
  <testcase name="[1:12] Get the created product (GET)" classname="features/product-crud" time="5.024">
    <system-out><![CDATA[22:32:04.557 [main] INFO com.intuit.karate -- >> lock acquired, begin callonce: read('classpath:features/create-product.feature')
22:32:04.612 [main] DEBUG com.jayway.jsonpath.internal.path.CompiledPath -- Evaluating path: $
22:32:04.668 [main] DEBUG io.netty.util.internal.logging.InternalLoggerFactory -- Using SLF4J as the default logging framework
22:32:04.670 [main] DEBUG io.netty.util.internal.PlatformDependent0 -- -Dio.netty.noUnsafe: false
22:32:04.670 [main] DEBUG io.netty.util.internal.PlatformDependent0 -- Java version: 21
22:32:04.671 [main] DEBUG io.netty.util.internal.PlatformDependent0 -- sun.misc.Unsafe.theUnsafe: available
22:32:04.672 [main] DEBUG io.netty.util.internal.PlatformDependent0 -- sun.misc.Unsafe.copyMemory: available
22:32:04.672 [main] DEBUG io.netty.util.internal.PlatformDependent0 -- sun.misc.Unsafe.storeFence: available
22:32:04.673 [main] DEBUG io.netty.util.internal.PlatformDependent0 -- java.nio.Buffer.address: available
22:32:04.673 [main] DEBUG io.netty.util.internal.PlatformDependent0 -- direct buffer constructor: unavailable: Reflective setAccessible(true) disabled
22:32:04.674 [main] DEBUG io.netty.util.internal.PlatformDependent0 -- java.nio.Bits.unaligned: available, true
22:32:04.674 [main] DEBUG io.netty.util.internal.PlatformDependent0 -- jdk.internal.misc.Unsafe.allocateUninitializedArray(int): unavailable: class io.netty.util.internal.PlatformDependent0$7 cannot access class jdk.internal.misc.Unsafe (in module java.base) because module java.base does not export jdk.internal.misc to unnamed module @10a035a0
22:32:04.675 [main] DEBUG io.netty.util.internal.PlatformDependent0 -- java.nio.DirectByteBuffer.<init>(long, {int,long}): unavailable
22:32:04.675 [main] DEBUG io.netty.util.internal.PlatformDependent -- sun.misc.Unsafe: available
22:32:04.677 [main] DEBUG io.netty.util.internal.PlatformDependent -- maxDirectMemory: 4234149888 bytes (maybe)
22:32:04.677 [main] DEBUG io.netty.util.internal.PlatformDependent -- -Dio.netty.tmpdir: C:\Users\matsa\AppData\Local\Temp (java.io.tmpdir)
22:32:04.677 [main] DEBUG io.netty.util.internal.PlatformDependent -- -Dio.netty.bitMode: 64 (sun.arch.data.model)
22:32:04.678 [main] DEBUG io.netty.util.internal.PlatformDependent -- Platform: Windows
22:32:04.678 [main] DEBUG io.netty.util.internal.PlatformDependent -- -Dio.netty.maxDirectMemory: -1 bytes
22:32:04.678 [main] DEBUG io.netty.util.internal.PlatformDependent -- -Dio.netty.uninitializedArrayAllocationThreshold: -1
22:32:04.680 [main] DEBUG io.netty.util.internal.CleanerJava9 -- java.nio.ByteBuffer.cleaner(): available
22:32:04.680 [main] DEBUG io.netty.util.internal.PlatformDependent -- -Dio.netty.noPreferDirect: false
22:32:05.010 [main] DEBUG org.apache.http.client.protocol.RequestAddCookies -- CookieSpec selected: karate
22:32:05.017 [main] DEBUG org.apache.http.client.protocol.RequestAuthCache -- Auth cache not set in the context
22:32:05.018 [main] DEBUG com.intuit.karate -- request:
1 > POST https://api.escuelajs.co/api/v1/products
1 > Content-Type: application/json; charset=UTF-8
1 > Content-Length: 162
1 > Host: api.escuelajs.co
1 > Connection: Keep-Alive
1 > User-Agent: Apache-HttpClient/4.5.14 (Java/21.0.6)
1 > Accept-Encoding: gzip,deflate
{"title":"Sample Test 1","price":65,"description":"This is a test product created using Karate","categoryId":1,"images":["https:\/\/placeimg.com\/640\/480\/any"]}

22:32:05.020 [main] DEBUG org.apache.http.impl.conn.PoolingHttpClientConnectionManager -- Connection request: [route: {s}->https://api.escuelajs.co:443][total available: 0; route allocated: 0 of 5; total allocated: 0 of 10]
22:32:05.028 [main] DEBUG org.apache.http.impl.conn.PoolingHttpClientConnectionManager -- Connection leased: [id: 0][route: {s}->https://api.escuelajs.co:443][total available: 0; route allocated: 1 of 5; total allocated: 1 of 10]
22:32:05.029 [main] DEBUG org.apache.http.impl.execchain.MainClientExec -- Opening connection {s}->https://api.escuelajs.co:443
22:32:06.437 [main] DEBUG org.apache.http.impl.conn.DefaultHttpClientConnectionOperator -- Connecting to api.escuelajs.co/99.83.151.71:443
22:32:06.437 [main] DEBUG org.apache.http.conn.ssl.SSLConnectionSocketFactory -- Connecting socket to api.escuelajs.co/99.83.151.71:443 with timeout 30000
22:32:06.728 [main] DEBUG org.apache.http.conn.ssl.SSLConnectionSocketFactory -- Enabled protocols: [TLSv1.3, TLSv1.2]
22:32:06.729 [main] DEBUG org.apache.http.conn.ssl.SSLConnectionSocketFactory -- Enabled cipher suites:[TLS_AES_256_GCM_SHA384, TLS_AES_128_GCM_SHA256, TLS_CHACHA20_POLY1305_SHA256, TLS_ECDHE_ECDSA_WITH_AES_256_GCM_SHA384, TLS_ECDHE_ECDSA_WITH_AES_128_GCM_SHA256, TLS_ECDHE_ECDSA_WITH_CHACHA20_POLY1305_SHA256, TLS_ECDHE_RSA_WITH_AES_256_GCM_SHA384, TLS_ECDHE_RSA_WITH_CHACHA20_POLY1305_SHA256, TLS_ECDHE_RSA_WITH_AES_128_GCM_SHA256, TLS_DHE_RSA_WITH_AES_256_GCM_SHA384, TLS_DHE_RSA_WITH_CHACHA20_POLY1305_SHA256, TLS_DHE_DSS_WITH_AES_256_GCM_SHA384, TLS_DHE_RSA_WITH_AES_128_GCM_SHA256, TLS_DHE_DSS_WITH_AES_128_GCM_SHA256, TLS_ECDHE_ECDSA_WITH_AES_256_CBC_SHA384, TLS_ECDHE_RSA_WITH_AES_256_CBC_SHA384, TLS_ECDHE_ECDSA_WITH_AES_128_CBC_SHA256, TLS_ECDHE_RSA_WITH_AES_128_CBC_SHA256, TLS_DHE_RSA_WITH_AES_256_CBC_SHA256, TLS_DHE_DSS_WITH_AES_256_CBC_SHA256, TLS_DHE_RSA_WITH_AES_128_CBC_SHA256, TLS_DHE_DSS_WITH_AES_128_CBC_SHA256, TLS_ECDHE_ECDSA_WITH_AES_256_CBC_SHA, TLS_ECDHE_RSA_WITH_AES_256_CBC_SHA, TLS_ECDHE_ECDSA_WITH_AES_128_CBC_SHA, TLS_ECDHE_RSA_WITH_AES_128_CBC_SHA, TLS_DHE_RSA_WITH_AES_256_CBC_SHA, TLS_DHE_DSS_WITH_AES_256_CBC_SHA, TLS_DHE_RSA_WITH_AES_128_CBC_SHA, TLS_DHE_DSS_WITH_AES_128_CBC_SHA, TLS_RSA_WITH_AES_256_GCM_SHA384, TLS_RSA_WITH_AES_128_GCM_SHA256, TLS_RSA_WITH_AES_256_CBC_SHA256, TLS_RSA_WITH_AES_128_CBC_SHA256, TLS_RSA_WITH_AES_256_CBC_SHA, TLS_RSA_WITH_AES_128_CBC_SHA, TLS_EMPTY_RENEGOTIATION_INFO_SCSV]
22:32:06.729 [main] DEBUG org.apache.http.conn.ssl.SSLConnectionSocketFactory -- Starting handshake
22:32:07.136 [main] DEBUG org.apache.http.conn.ssl.SSLConnectionSocketFactory -- Secure session established
22:32:07.136 [main] DEBUG org.apache.http.conn.ssl.SSLConnectionSocketFactory --  negotiated protocol: TLSv1.3
22:32:07.136 [main] DEBUG org.apache.http.conn.ssl.SSLConnectionSocketFactory --  negotiated cipher suite: TLS_AES_128_GCM_SHA256
22:32:07.136 [main] DEBUG org.apache.http.conn.ssl.SSLConnectionSocketFactory --  peer principal: CN=api.escuelajs.co
22:32:07.136 [main] DEBUG org.apache.http.conn.ssl.SSLConnectionSocketFactory --  peer alternative names: [api.escuelajs.co]
22:32:07.136 [main] DEBUG org.apache.http.conn.ssl.SSLConnectionSocketFactory --  issuer principal: CN=R11, O=Let's Encrypt, C=US
22:32:07.138 [main] DEBUG org.apache.http.impl.conn.DefaultHttpClientConnectionOperator -- Connection established 192.168.31.107:54981<->99.83.151.71:443
22:32:07.138 [main] DEBUG org.apache.http.impl.conn.DefaultManagedHttpClientConnection -- http-outgoing-0: set socket timeout to 30000
22:32:07.138 [main] DEBUG org.apache.http.impl.execchain.MainClientExec -- Executing request POST /api/v1/products HTTP/1.1
22:32:07.138 [main] DEBUG org.apache.http.impl.execchain.MainClientExec -- Target auth state: UNCHALLENGED
22:32:07.139 [main] DEBUG org.apache.http.impl.execchain.MainClientExec -- Proxy auth state: UNCHALLENGED
22:32:07.139 [main] DEBUG org.apache.http.headers -- http-outgoing-0 >> POST /api/v1/products HTTP/1.1
22:32:07.139 [main] DEBUG org.apache.http.headers -- http-outgoing-0 >> Content-Type: application/json; charset=UTF-8
22:32:07.140 [main] DEBUG org.apache.http.headers -- http-outgoing-0 >> Content-Length: 162
22:32:07.140 [main] DEBUG org.apache.http.headers -- http-outgoing-0 >> Host: api.escuelajs.co
22:32:07.140 [main] DEBUG org.apache.http.headers -- http-outgoing-0 >> Connection: Keep-Alive
22:32:07.140 [main] DEBUG org.apache.http.headers -- http-outgoing-0 >> User-Agent: Apache-HttpClient/4.5.14 (Java/21.0.6)
22:32:07.140 [main] DEBUG org.apache.http.headers -- http-outgoing-0 >> Accept-Encoding: gzip,deflate
22:32:07.140 [main] DEBUG org.apache.http.wire -- http-outgoing-0 >> "POST /api/v1/products HTTP/1.1[\r][\n]"
22:32:07.140 [main] DEBUG org.apache.http.wire -- http-outgoing-0 >> "Content-Type: application/json; charset=UTF-8[\r][\n]"
22:32:07.140 [main] DEBUG org.apache.http.wire -- http-outgoing-0 >> "Content-Length: 162[\r][\n]"
22:32:07.140 [main] DEBUG org.apache.http.wire -- http-outgoing-0 >> "Host: api.escuelajs.co[\r][\n]"
22:32:07.140 [main] DEBUG org.apache.http.wire -- http-outgoing-0 >> "Connection: Keep-Alive[\r][\n]"
22:32:07.140 [main] DEBUG org.apache.http.wire -- http-outgoing-0 >> "User-Agent: Apache-HttpClient/4.5.14 (Java/21.0.6)[\r][\n]"
22:32:07.140 [main] DEBUG org.apache.http.wire -- http-outgoing-0 >> "Accept-Encoding: gzip,deflate[\r][\n]"
22:32:07.140 [main] DEBUG org.apache.http.wire -- http-outgoing-0 >> "[\r][\n]"
22:32:07.140 [main] DEBUG org.apache.http.wire -- http-outgoing-0 >> "{"title":"Sample Test 1","price":65,"description":"This is a test product created using Karate","categoryId":1,"images":["https:\/\/placeimg.com\/640\/480\/any"]}"
22:32:07.634 [main] DEBUG org.apache.http.wire -- http-outgoing-0 << "HTTP/1.1 201 Created[\r][\n]"
22:32:07.634 [main] DEBUG org.apache.http.wire -- http-outgoing-0 << "Access-Control-Allow-Origin: *[\r][\n]"
22:32:07.634 [main] DEBUG org.apache.http.wire -- http-outgoing-0 << "Content-Length: 429[\r][\n]"
22:32:07.634 [main] DEBUG org.apache.http.wire -- http-outgoing-0 << "Content-Security-Policy: script-src 'self' 'unsafe-inline' https://cdn.jsdelivr.net;img-src 'self' data: https://cdn.jsdelivr.net;default-src 'self';base-uri 'self';font-src 'self' https: data:;form-action 'self';frame-ancestors 'self';object-src 'none';script-src-attr 'none';style-src 'self' https: 'unsafe-inline';upgrade-insecure-requests[\r][\n]"
22:32:07.634 [main] DEBUG org.apache.http.wire -- http-outgoing-0 << "Content-Type: application/json; charset=utf-8[\r][\n]"
22:32:07.634 [main] DEBUG org.apache.http.wire -- http-outgoing-0 << "Cross-Origin-Opener-Policy: same-origin[\r][\n]"
22:32:07.634 [main] DEBUG org.apache.http.wire -- http-outgoing-0 << "Cross-Origin-Resource-Policy: same-origin[\r][\n]"
22:32:07.634 [main] DEBUG org.apache.http.wire -- http-outgoing-0 << "Date: Sat, 14 Jun 2025 17:02:08 GMT[\r][\n]"
22:32:07.634 [main] DEBUG org.apache.http.wire -- http-outgoing-0 << "Etag: W/"1ad-89Dma69TWzpo32oUSDL+8DpJ0GQ"[\r][\n]"
22:32:07.635 [main] DEBUG org.apache.http.wire -- http-outgoing-0 << "Nel: {"report_to":"heroku-nel","response_headers":["Via"],"max_age":3600,"success_fraction":0.01,"failure_fraction":0.1}[\r][\n]"
22:32:07.635 [main] DEBUG org.apache.http.wire -- http-outgoing-0 << "Origin-Agent-Cluster: ?1[\r][\n]"
22:32:07.635 [main] DEBUG org.apache.http.wire -- http-outgoing-0 << "Referrer-Policy: no-referrer[\r][\n]"
22:32:07.635 [main] DEBUG org.apache.http.wire -- http-outgoing-0 << "Report-To: {"group":"heroku-nel","endpoints":[{"url":"https://nel.heroku.com/reports?s=Ke57TD21kx4f1qhH3ZxxTTmC1hdpqwMmnxelt0ygZCo%3D\u0026sid=c46efe9b-d3d2-4a0c-8c76-bfafa16c5add\u0026ts=1749920527"}],"max_age":3600}[\r][\n]"
22:32:07.635 [main] DEBUG org.apache.http.wire -- http-outgoing-0 << "Reporting-Endpoints: heroku-nel="https://nel.heroku.com/reports?s=Ke57TD21kx4f1qhH3ZxxTTmC1hdpqwMmnxelt0ygZCo%3D&sid=c46efe9b-d3d2-4a0c-8c76-bfafa16c5add&ts=17"
22:32:07.636 [main] DEBUG org.apache.http.wire -- http-outgoing-0 << "49920527"[\r][\n]"
22:32:07.637 [main] DEBUG org.apache.http.wire -- http-outgoing-0 << "Server: Heroku[\r][\n]"
22:32:07.637 [main] DEBUG org.apache.http.wire -- http-outgoing-0 << "Strict-Transport-Security: max-age=31536000; includeSubDomains[\r][\n]"
22:32:07.637 [main] DEBUG org.apache.http.wire -- http-outgoing-0 << "Via: 1.1 heroku-router[\r][\n]"
22:32:07.637 [main] DEBUG org.apache.http.wire -- http-outgoing-0 << "X-Content-Type-Options: nosniff[\r][\n]"
22:32:07.637 [main] DEBUG org.apache.http.wire -- http-outgoing-0 << "X-Dns-Prefetch-Control: off[\r][\n]"
22:32:07.637 [main] DEBUG org.apache.http.wire -- http-outgoing-0 << "X-Download-Options: noopen[\r][\n]"
22:32:07.637 [main] DEBUG org.apache.http.wire -- http-outgoing-0 << "X-Frame-Options: SAMEORIGIN[\r][\n]"
22:32:07.637 [main] DEBUG org.apache.http.wire -- http-outgoing-0 << "X-Permitted-Cross-Domain-Policies: none[\r][\n]"
22:32:07.637 [main] DEBUG org.apache.http.wire -- http-outgoing-0 << "X-Xss-Protection: 0[\r][\n]"
22:32:07.637 [main] DEBUG org.apache.http.wire -- http-outgoing-0 << "[\r][\n]"
22:32:07.637 [main] DEBUG org.apache.http.wire -- http-outgoing-0 << "{"id":170,"title":"Sample Test 1","slug":"sample-test-1","price":65,"description":"This is a test product created using Karate","category":{"id":1,"name":"Clothes","slug":"clothes","image":"https://i.imgur.com/QkIa5tT.jpeg","creationAt":"2025-06-14T03:03:40.000Z","updatedAt":"2025-06-14T03:03:40.000Z"},"images":["https://placeimg.com/640/480/any"],"creationAt":"2025-06-14T17:02:08.000Z","updatedAt":"2025-06-14T17:02:08.000Z"}"
22:32:07.638 [main] DEBUG org.apache.http.headers -- http-outgoing-0 << HTTP/1.1 201 Created
22:32:07.638 [main] DEBUG org.apache.http.headers -- http-outgoing-0 << Access-Control-Allow-Origin: *
22:32:07.638 [main] DEBUG org.apache.http.headers -- http-outgoing-0 << Content-Length: 429
22:32:07.638 [main] DEBUG org.apache.http.headers -- http-outgoing-0 << Content-Security-Policy: script-src 'self' 'unsafe-inline' https://cdn.jsdelivr.net;img-src 'self' data: https://cdn.jsdelivr.net;default-src 'self';base-uri 'self';font-src 'self' https: data:;form-action 'self';frame-ancestors 'self';object-src 'none';script-src-attr 'none';style-src 'self' https: 'unsafe-inline';upgrade-insecure-requests
22:32:07.638 [main] DEBUG org.apache.http.headers -- http-outgoing-0 << Content-Type: application/json; charset=utf-8
22:32:07.638 [main] DEBUG org.apache.http.headers -- http-outgoing-0 << Cross-Origin-Opener-Policy: same-origin
22:32:07.638 [main] DEBUG org.apache.http.headers -- http-outgoing-0 << Cross-Origin-Resource-Policy: same-origin
22:32:07.638 [main] DEBUG org.apache.http.headers -- http-outgoing-0 << Date: Sat, 14 Jun 2025 17:02:08 GMT
22:32:07.638 [main] DEBUG org.apache.http.headers -- http-outgoing-0 << Etag: W/"1ad-89Dma69TWzpo32oUSDL+8DpJ0GQ"
22:32:07.638 [main] DEBUG org.apache.http.headers -- http-outgoing-0 << Nel: {"report_to":"heroku-nel","response_headers":["Via"],"max_age":3600,"success_fraction":0.01,"failure_fraction":0.1}
22:32:07.639 [main] DEBUG org.apache.http.headers -- http-outgoing-0 << Origin-Agent-Cluster: ?1
22:32:07.639 [main] DEBUG org.apache.http.headers -- http-outgoing-0 << Referrer-Policy: no-referrer
22:32:07.639 [main] DEBUG org.apache.http.headers -- http-outgoing-0 << Report-To: {"group":"heroku-nel","endpoints":[{"url":"https://nel.heroku.com/reports?s=Ke57TD21kx4f1qhH3ZxxTTmC1hdpqwMmnxelt0ygZCo%3D\u0026sid=c46efe9b-d3d2-4a0c-8c76-bfafa16c5add\u0026ts=1749920527"}],"max_age":3600}
22:32:07.639 [main] DEBUG org.apache.http.headers -- http-outgoing-0 << Reporting-Endpoints: heroku-nel="https://nel.heroku.com/reports?s=Ke57TD21kx4f1qhH3ZxxTTmC1hdpqwMmnxelt0ygZCo%3D&sid=c46efe9b-d3d2-4a0c-8c76-bfafa16c5add&ts=1749920527"
22:32:07.639 [main] DEBUG org.apache.http.headers -- http-outgoing-0 << Server: Heroku
22:32:07.639 [main] DEBUG org.apache.http.headers -- http-outgoing-0 << Strict-Transport-Security: max-age=31536000; includeSubDomains
22:32:07.639 [main] DEBUG org.apache.http.headers -- http-outgoing-0 << Via: 1.1 heroku-router
22:32:07.639 [main] DEBUG org.apache.http.headers -- http-outgoing-0 << X-Content-Type-Options: nosniff
22:32:07.639 [main] DEBUG org.apache.http.headers -- http-outgoing-0 << X-Dns-Prefetch-Control: off
22:32:07.639 [main] DEBUG org.apache.http.headers -- http-outgoing-0 << X-Download-Options: noopen
22:32:07.639 [main] DEBUG org.apache.http.headers -- http-outgoing-0 << X-Frame-Options: SAMEORIGIN
22:32:07.639 [main] DEBUG org.apache.http.headers -- http-outgoing-0 << X-Permitted-Cross-Domain-Policies: none
22:32:07.639 [main] DEBUG org.apache.http.headers -- http-outgoing-0 << X-Xss-Protection: 0
22:32:07.641 [main] DEBUG org.apache.http.impl.execchain.MainClientExec -- Connection can be kept alive indefinitely
22:32:07.642 [main] DEBUG org.apache.http.impl.conn.PoolingHttpClientConnectionManager -- Connection [id: 0][route: {s}->https://api.escuelajs.co:443] can be kept alive indefinitely
22:32:07.643 [main] DEBUG org.apache.http.impl.conn.DefaultManagedHttpClientConnection -- http-outgoing-0: set socket timeout to 0
22:32:07.643 [main] DEBUG org.apache.http.impl.conn.PoolingHttpClientConnectionManager -- Connection released: [id: 0][route: {s}->https://api.escuelajs.co:443][total available: 1; route allocated: 1 of 5; total allocated: 1 of 10]
22:32:07.643 [main] DEBUG org.apache.http.impl.conn.PoolingHttpClientConnectionManager -- Connection manager is shutting down
22:32:07.643 [main] DEBUG org.apache.http.impl.conn.DefaultManagedHttpClientConnection -- http-outgoing-0: Close connection
22:32:07.645 [main] DEBUG org.apache.http.impl.conn.PoolingHttpClientConnectionManager -- Connection manager shut down
22:32:07.647 [main] DEBUG com.intuit.karate -- response time in milliseconds: 2624
1 < 201
1 < Access-Control-Allow-Origin: *
1 < Content-Length: 429
1 < Content-Security-Policy: script-src 'self' 'unsafe-inline' https://cdn.jsdelivr.net;img-src 'self' data: https://cdn.jsdelivr.net;default-src 'self';base-uri 'self';font-src 'self' https: data:;form-action 'self';frame-ancestors 'self';object-src 'none';script-src-attr 'none';style-src 'self' https: 'unsafe-inline';upgrade-insecure-requests
1 < Content-Type: application/json; charset=utf-8
1 < Cross-Origin-Opener-Policy: same-origin
1 < Cross-Origin-Resource-Policy: same-origin
1 < Date: Sat, 14 Jun 2025 17:02:08 GMT
1 < Etag: W/"1ad-89Dma69TWzpo32oUSDL+8DpJ0GQ"
1 < Nel: {"report_to":"heroku-nel","response_headers":["Via"],"max_age":3600,"success_fraction":0.01,"failure_fraction":0.1}
1 < Origin-Agent-Cluster: ?1
1 < Referrer-Policy: no-referrer
1 < Report-To: {"group":"heroku-nel","endpoints":[{"url":"https://nel.heroku.com/reports?s=Ke57TD21kx4f1qhH3ZxxTTmC1hdpqwMmnxelt0ygZCo%3D\u0026sid=c46efe9b-d3d2-4a0c-8c76-bfafa16c5add\u0026ts=1749920527"}],"max_age":3600}
1 < Reporting-Endpoints: heroku-nel="https://nel.heroku.com/reports?s=Ke57TD21kx4f1qhH3ZxxTTmC1hdpqwMmnxelt0ygZCo%3D&sid=c46efe9b-d3d2-4a0c-8c76-bfafa16c5add&ts=1749920527"
1 < Server: Heroku
1 < Strict-Transport-Security: max-age=31536000; includeSubDomains
1 < Via: 1.1 heroku-router
1 < X-Content-Type-Options: nosniff
1 < X-Dns-Prefetch-Control: off
1 < X-Download-Options: noopen
1 < X-Frame-Options: SAMEORIGIN
1 < X-Permitted-Cross-Domain-Policies: none
1 < X-Xss-Protection: 0
{"id":170,"title":"Sample Test 1","slug":"sample-test-1","price":65,"description":"This is a test product created using Karate","category":{"id":1,"name":"Clothes","slug":"clothes","image":"https://i.imgur.com/QkIa5tT.jpeg","creationAt":"2025-06-14T03:03:40.000Z","updatedAt":"2025-06-14T03:03:40.000Z"},"images":["https://placeimg.com/640/480/any"],"creationAt":"2025-06-14T17:02:08.000Z","updatedAt":"2025-06-14T17:02:08.000Z"}

22:32:07.659 [main] INFO com.intuit.karate -- [print] {
  "id": 170,
  "title": "Sample Test 1",
  "slug": "sample-test-1",
  "price": 65,
  "description": "This is a test product created using Karate",
  "category": {
    "id": 1,
    "name": "Clothes",
    "slug": "clothes",
    "image": "https://i.imgur.com/QkIa5tT.jpeg",
    "creationAt": "2025-06-14T03:03:40.000Z",
    "updatedAt": "2025-06-14T03:03:40.000Z"
  },
  "images": [
    "https://placeimg.com/640/480/any"
  ],
  "creationAt": "2025-06-14T17:02:08.000Z",
  "updatedAt": "2025-06-14T17:02:08.000Z"
}
 
22:32:07.661 [main] INFO com.intuit.karate -- [print] 201 
22:32:07.676 [main] DEBUG com.jayway.jsonpath.internal.path.CompiledPath -- Evaluating path: $['title']
22:32:07.683 [main] INFO com.intuit.karate -- [print] Sample Test 1 
22:32:07.689 [main] INFO com.intuit.karate -- [print] 170 
22:32:07.691 [main] INFO com.intuit.karate -- << lock released, cached callonce: read('classpath:features/create-product.feature')
22:32:07.700 [main] DEBUG org.apache.http.client.protocol.RequestAddCookies -- CookieSpec selected: karate
22:32:07.700 [main] DEBUG org.apache.http.client.protocol.RequestAuthCache -- Auth cache not set in the context
22:32:07.700 [main] DEBUG com.intuit.karate -- request:
1 > GET https://api.escuelajs.co/api/v1/products/170
1 > Host: api.escuelajs.co
1 > Connection: Keep-Alive
1 > User-Agent: Apache-HttpClient/4.5.14 (Java/21.0.6)
1 > Accept-Encoding: gzip,deflate


22:32:07.700 [main] DEBUG org.apache.http.impl.conn.PoolingHttpClientConnectionManager -- Connection request: [route: {s}->https://api.escuelajs.co:443][total available: 0; route allocated: 0 of 5; total allocated: 0 of 10]
22:32:07.700 [main] DEBUG org.apache.http.impl.conn.PoolingHttpClientConnectionManager -- Connection leased: [id: 1][route: {s}->https://api.escuelajs.co:443][total available: 0; route allocated: 1 of 5; total allocated: 1 of 10]
22:32:07.700 [main] DEBUG org.apache.http.impl.execchain.MainClientExec -- Opening connection {s}->https://api.escuelajs.co:443
22:32:07.700 [main] DEBUG org.apache.http.impl.conn.DefaultHttpClientConnectionOperator -- Connecting to api.escuelajs.co/99.83.151.71:443
22:32:07.700 [main] DEBUG org.apache.http.conn.ssl.SSLConnectionSocketFactory -- Connecting socket to api.escuelajs.co/99.83.151.71:443 with timeout 30000
22:32:07.983 [main] DEBUG org.apache.http.conn.ssl.SSLConnectionSocketFactory -- Enabled protocols: [TLSv1.3, TLSv1.2]
22:32:07.983 [main] DEBUG org.apache.http.conn.ssl.SSLConnectionSocketFactory -- Enabled cipher suites:[TLS_AES_256_GCM_SHA384, TLS_AES_128_GCM_SHA256, TLS_CHACHA20_POLY1305_SHA256, TLS_ECDHE_ECDSA_WITH_AES_256_GCM_SHA384, TLS_ECDHE_ECDSA_WITH_AES_128_GCM_SHA256, TLS_ECDHE_ECDSA_WITH_CHACHA20_POLY1305_SHA256, TLS_ECDHE_RSA_WITH_AES_256_GCM_SHA384, TLS_ECDHE_RSA_WITH_CHACHA20_POLY1305_SHA256, TLS_ECDHE_RSA_WITH_AES_128_GCM_SHA256, TLS_DHE_RSA_WITH_AES_256_GCM_SHA384, TLS_DHE_RSA_WITH_CHACHA20_POLY1305_SHA256, TLS_DHE_DSS_WITH_AES_256_GCM_SHA384, TLS_DHE_RSA_WITH_AES_128_GCM_SHA256, TLS_DHE_DSS_WITH_AES_128_GCM_SHA256, TLS_ECDHE_ECDSA_WITH_AES_256_CBC_SHA384, TLS_ECDHE_RSA_WITH_AES_256_CBC_SHA384, TLS_ECDHE_ECDSA_WITH_AES_128_CBC_SHA256, TLS_ECDHE_RSA_WITH_AES_128_CBC_SHA256, TLS_DHE_RSA_WITH_AES_256_CBC_SHA256, TLS_DHE_DSS_WITH_AES_256_CBC_SHA256, TLS_DHE_RSA_WITH_AES_128_CBC_SHA256, TLS_DHE_DSS_WITH_AES_128_CBC_SHA256, TLS_ECDHE_ECDSA_WITH_AES_256_CBC_SHA, TLS_ECDHE_RSA_WITH_AES_256_CBC_SHA, TLS_ECDHE_ECDSA_WITH_AES_128_CBC_SHA, TLS_ECDHE_RSA_WITH_AES_128_CBC_SHA, TLS_DHE_RSA_WITH_AES_256_CBC_SHA, TLS_DHE_DSS_WITH_AES_256_CBC_SHA, TLS_DHE_RSA_WITH_AES_128_CBC_SHA, TLS_DHE_DSS_WITH_AES_128_CBC_SHA, TLS_RSA_WITH_AES_256_GCM_SHA384, TLS_RSA_WITH_AES_128_GCM_SHA256, TLS_RSA_WITH_AES_256_CBC_SHA256, TLS_RSA_WITH_AES_128_CBC_SHA256, TLS_RSA_WITH_AES_256_CBC_SHA, TLS_RSA_WITH_AES_128_CBC_SHA, TLS_EMPTY_RENEGOTIATION_INFO_SCSV]
22:32:07.983 [main] DEBUG org.apache.http.conn.ssl.SSLConnectionSocketFactory -- Starting handshake
22:32:08.256 [main] DEBUG org.apache.http.conn.ssl.SSLConnectionSocketFactory -- Secure session established
22:32:08.256 [main] DEBUG org.apache.http.conn.ssl.SSLConnectionSocketFactory --  negotiated protocol: TLSv1.3
22:32:08.256 [main] DEBUG org.apache.http.conn.ssl.SSLConnectionSocketFactory --  negotiated cipher suite: TLS_AES_128_GCM_SHA256
22:32:08.256 [main] DEBUG org.apache.http.conn.ssl.SSLConnectionSocketFactory --  peer principal: CN=api.escuelajs.co
22:32:08.256 [main] DEBUG org.apache.http.conn.ssl.SSLConnectionSocketFactory --  peer alternative names: [api.escuelajs.co]
22:32:08.256 [main] DEBUG org.apache.http.conn.ssl.SSLConnectionSocketFactory --  issuer principal: CN=R11, O=Let's Encrypt, C=US
22:32:08.256 [main] DEBUG org.apache.http.impl.conn.DefaultHttpClientConnectionOperator -- Connection established 192.168.31.107:54982<->99.83.151.71:443
22:32:08.256 [main] DEBUG org.apache.http.impl.conn.DefaultManagedHttpClientConnection -- http-outgoing-1: set socket timeout to 30000
22:32:08.256 [main] DEBUG org.apache.http.impl.execchain.MainClientExec -- Executing request GET /api/v1/products/170 HTTP/1.1
22:32:08.257 [main] DEBUG org.apache.http.impl.execchain.MainClientExec -- Target auth state: UNCHALLENGED
22:32:08.257 [main] DEBUG org.apache.http.impl.execchain.MainClientExec -- Proxy auth state: UNCHALLENGED
22:32:08.257 [main] DEBUG org.apache.http.headers -- http-outgoing-1 >> GET /api/v1/products/170 HTTP/1.1
22:32:08.257 [main] DEBUG org.apache.http.headers -- http-outgoing-1 >> Host: api.escuelajs.co
22:32:08.257 [main] DEBUG org.apache.http.headers -- http-outgoing-1 >> Connection: Keep-Alive
22:32:08.257 [main] DEBUG org.apache.http.headers -- http-outgoing-1 >> User-Agent: Apache-HttpClient/4.5.14 (Java/21.0.6)
22:32:08.257 [main] DEBUG org.apache.http.headers -- http-outgoing-1 >> Accept-Encoding: gzip,deflate
22:32:08.257 [main] DEBUG org.apache.http.wire -- http-outgoing-1 >> "GET /api/v1/products/170 HTTP/1.1[\r][\n]"
22:32:08.257 [main] DEBUG org.apache.http.wire -- http-outgoing-1 >> "Host: api.escuelajs.co[\r][\n]"
22:32:08.257 [main] DEBUG org.apache.http.wire -- http-outgoing-1 >> "Connection: Keep-Alive[\r][\n]"
22:32:08.257 [main] DEBUG org.apache.http.wire -- http-outgoing-1 >> "User-Agent: Apache-HttpClient/4.5.14 (Java/21.0.6)[\r][\n]"
22:32:08.257 [main] DEBUG org.apache.http.wire -- http-outgoing-1 >> "Accept-Encoding: gzip,deflate[\r][\n]"
22:32:08.257 [main] DEBUG org.apache.http.wire -- http-outgoing-1 >> "[\r][\n]"
22:32:08.525 [main] DEBUG org.apache.http.wire -- http-outgoing-1 << "HTTP/1.1 200 OK[\r][\n]"
22:32:08.525 [main] DEBUG org.apache.http.wire -- http-outgoing-1 << "Access-Control-Allow-Origin: *[\r][\n]"
22:32:08.525 [main] DEBUG org.apache.http.wire -- http-outgoing-1 << "Content-Length: 429[\r][\n]"
22:32:08.525 [main] DEBUG org.apache.http.wire -- http-outgoing-1 << "Content-Security-Policy: script-src 'self' 'unsafe-inline' https://cdn.jsdelivr.net;img-src 'self' data: https://cdn.jsdelivr.net;default-src 'self';base-uri 'self';font-src 'self' https: data:;form-action 'self';frame-ancestors 'self';object-src 'none';script-src-attr 'none';style-src 'self' https: 'unsafe-inline';upgrade-insecure-requests[\r][\n]"
22:32:08.525 [main] DEBUG org.apache.http.wire -- http-outgoing-1 << "Content-Type: application/json; charset=utf-8[\r][\n]"
22:32:08.525 [main] DEBUG org.apache.http.wire -- http-outgoing-1 << "Cross-Origin-Opener-Policy: same-origin[\r][\n]"
22:32:08.525 [main] DEBUG org.apache.http.wire -- http-outgoing-1 << "Cross-Origin-Resource-Policy: same-origin[\r][\n]"
22:32:08.525 [main] DEBUG org.apache.http.wire -- http-outgoing-1 << "Date: Sat, 14 Jun 2025 17:02:08 GMT[\r][\n]"
22:32:08.526 [main] DEBUG org.apache.http.wire -- http-outgoing-1 << "Etag: W/"1ad-89Dma69TWzpo32oUSDL+8DpJ0GQ"[\r][\n]"
22:32:08.526 [main] DEBUG org.apache.http.wire -- http-outgoing-1 << "Nel: {"report_to":"heroku-nel","response_headers":["Via"],"max_age":3600,"success_fraction":0.01,"failure_fraction":0.1}[\r][\n]"
22:32:08.526 [main] DEBUG org.apache.http.wire -- http-outgoing-1 << "Origin-Agent-Cluster: ?1[\r][\n]"
22:32:08.526 [main] DEBUG org.apache.http.wire -- http-outgoing-1 << "Referrer-Policy: no-referrer[\r][\n]"
22:32:08.526 [main] DEBUG org.apache.http.wire -- http-outgoing-1 << "Report-To: {"group":"heroku-nel","endpoints":[{"url":"https://nel.heroku.com/reports?s=zwjy9qzlPs9Toy%2BayzKcBVVuG8tueuAGqRveuJ%2FpE%2BY%3D\u0026sid=c46efe9b-d3d2-4a0c-8c76-bfafa16c5add\u0026ts=1749920528"}],"max_age":3600}[\r][\n]"
22:32:08.526 [main] DEBUG org.apache.http.wire -- http-outgoing-1 << "Reporting-Endpoints: heroku-nel="https://nel.heroku.com/reports?s=zwjy9qzlPs9Toy%2BayzKcBVVuG8tueuAGqRveuJ%2FpE%2BY%3D&sid=c46efe9b-d3d2-4a0c-8c76-bfafa16c5ad"
22:32:08.526 [main] DEBUG org.apache.http.wire -- http-outgoing-1 << "d&ts=1749920528"[\r][\n]"
22:32:08.526 [main] DEBUG org.apache.http.wire -- http-outgoing-1 << "Server: Heroku[\r][\n]"
22:32:08.526 [main] DEBUG org.apache.http.wire -- http-outgoing-1 << "Strict-Transport-Security: max-age=31536000; includeSubDomains[\r][\n]"
22:32:08.526 [main] DEBUG org.apache.http.wire -- http-outgoing-1 << "Via: 1.1 heroku-router[\r][\n]"
22:32:08.526 [main] DEBUG org.apache.http.wire -- http-outgoing-1 << "X-Content-Type-Options: nosniff[\r][\n]"
22:32:08.526 [main] DEBUG org.apache.http.wire -- http-outgoing-1 << "X-Dns-Prefetch-Control: off[\r][\n]"
22:32:08.526 [main] DEBUG org.apache.http.wire -- http-outgoing-1 << "X-Download-Options: noopen[\r][\n]"
22:32:08.526 [main] DEBUG org.apache.http.wire -- http-outgoing-1 << "X-Frame-Options: SAMEORIGIN[\r][\n]"
22:32:08.526 [main] DEBUG org.apache.http.wire -- http-outgoing-1 << "X-Permitted-Cross-Domain-Policies: none[\r][\n]"
22:32:08.526 [main] DEBUG org.apache.http.wire -- http-outgoing-1 << "X-Xss-Protection: 0[\r][\n]"
22:32:08.526 [main] DEBUG org.apache.http.wire -- http-outgoing-1 << "[\r][\n]"
22:32:08.526 [main] DEBUG org.apache.http.wire -- http-outgoing-1 << "{"id":170,"title":"Sample Test 1","slug":"sample-test-1","price":65,"description":"This is a test product created using Karate","category":{"id":1,"name":"Clothes","slug":"clothes","image":"https://i.imgur.com/QkIa5tT.jpeg","creationAt":"2025-06-14T03:03:40.000Z","updatedAt":"2025-06-14T03:03:40.000Z"},"images":["https://placeimg.com/640/480/any"],"creationAt":"2025-06-14T17:02:08.000Z","updatedAt":"2025-06-14T17:02:08.000Z"}"
22:32:08.526 [main] DEBUG org.apache.http.headers -- http-outgoing-1 << HTTP/1.1 200 OK
22:32:08.527 [main] DEBUG org.apache.http.headers -- http-outgoing-1 << Access-Control-Allow-Origin: *
22:32:08.527 [main] DEBUG org.apache.http.headers -- http-outgoing-1 << Content-Length: 429
22:32:08.527 [main] DEBUG org.apache.http.headers -- http-outgoing-1 << Content-Security-Policy: script-src 'self' 'unsafe-inline' https://cdn.jsdelivr.net;img-src 'self' data: https://cdn.jsdelivr.net;default-src 'self';base-uri 'self';font-src 'self' https: data:;form-action 'self';frame-ancestors 'self';object-src 'none';script-src-attr 'none';style-src 'self' https: 'unsafe-inline';upgrade-insecure-requests
22:32:08.527 [main] DEBUG org.apache.http.headers -- http-outgoing-1 << Content-Type: application/json; charset=utf-8
22:32:08.527 [main] DEBUG org.apache.http.headers -- http-outgoing-1 << Cross-Origin-Opener-Policy: same-origin
22:32:08.527 [main] DEBUG org.apache.http.headers -- http-outgoing-1 << Cross-Origin-Resource-Policy: same-origin
22:32:08.527 [main] DEBUG org.apache.http.headers -- http-outgoing-1 << Date: Sat, 14 Jun 2025 17:02:08 GMT
22:32:08.527 [main] DEBUG org.apache.http.headers -- http-outgoing-1 << Etag: W/"1ad-89Dma69TWzpo32oUSDL+8DpJ0GQ"
22:32:08.527 [main] DEBUG org.apache.http.headers -- http-outgoing-1 << Nel: {"report_to":"heroku-nel","response_headers":["Via"],"max_age":3600,"success_fraction":0.01,"failure_fraction":0.1}
22:32:08.527 [main] DEBUG org.apache.http.headers -- http-outgoing-1 << Origin-Agent-Cluster: ?1
22:32:08.527 [main] DEBUG org.apache.http.headers -- http-outgoing-1 << Referrer-Policy: no-referrer
22:32:08.527 [main] DEBUG org.apache.http.headers -- http-outgoing-1 << Report-To: {"group":"heroku-nel","endpoints":[{"url":"https://nel.heroku.com/reports?s=zwjy9qzlPs9Toy%2BayzKcBVVuG8tueuAGqRveuJ%2FpE%2BY%3D\u0026sid=c46efe9b-d3d2-4a0c-8c76-bfafa16c5add\u0026ts=1749920528"}],"max_age":3600}
22:32:08.527 [main] DEBUG org.apache.http.headers -- http-outgoing-1 << Reporting-Endpoints: heroku-nel="https://nel.heroku.com/reports?s=zwjy9qzlPs9Toy%2BayzKcBVVuG8tueuAGqRveuJ%2FpE%2BY%3D&sid=c46efe9b-d3d2-4a0c-8c76-bfafa16c5add&ts=1749920528"
22:32:08.527 [main] DEBUG org.apache.http.headers -- http-outgoing-1 << Server: Heroku
22:32:08.527 [main] DEBUG org.apache.http.headers -- http-outgoing-1 << Strict-Transport-Security: max-age=31536000; includeSubDomains
22:32:08.527 [main] DEBUG org.apache.http.headers -- http-outgoing-1 << Via: 1.1 heroku-router
22:32:08.527 [main] DEBUG org.apache.http.headers -- http-outgoing-1 << X-Content-Type-Options: nosniff
22:32:08.527 [main] DEBUG org.apache.http.headers -- http-outgoing-1 << X-Dns-Prefetch-Control: off
22:32:08.527 [main] DEBUG org.apache.http.headers -- http-outgoing-1 << X-Download-Options: noopen
22:32:08.527 [main] DEBUG org.apache.http.headers -- http-outgoing-1 << X-Frame-Options: SAMEORIGIN
22:32:08.527 [main] DEBUG org.apache.http.headers -- http-outgoing-1 << X-Permitted-Cross-Domain-Policies: none
22:32:08.527 [main] DEBUG org.apache.http.headers -- http-outgoing-1 << X-Xss-Protection: 0
22:32:08.527 [main] DEBUG org.apache.http.impl.execchain.MainClientExec -- Connection can be kept alive indefinitely
22:32:08.527 [main] DEBUG org.apache.http.impl.conn.PoolingHttpClientConnectionManager -- Connection [id: 1][route: {s}->https://api.escuelajs.co:443] can be kept alive indefinitely
22:32:08.527 [main] DEBUG org.apache.http.impl.conn.DefaultManagedHttpClientConnection -- http-outgoing-1: set socket timeout to 0
22:32:08.527 [main] DEBUG org.apache.http.impl.conn.PoolingHttpClientConnectionManager -- Connection released: [id: 1][route: {s}->https://api.escuelajs.co:443][total available: 1; route allocated: 1 of 5; total allocated: 1 of 10]
22:32:08.527 [main] DEBUG org.apache.http.impl.conn.PoolingHttpClientConnectionManager -- Connection manager is shutting down
22:32:08.527 [main] DEBUG org.apache.http.impl.conn.DefaultManagedHttpClientConnection -- http-outgoing-1: Close connection
22:32:08.529 [main] DEBUG org.apache.http.impl.conn.PoolingHttpClientConnectionManager -- Connection manager shut down
22:32:08.529 [main] DEBUG com.intuit.karate -- response time in milliseconds: 827
1 < 200
1 < Access-Control-Allow-Origin: *
1 < Content-Length: 429
1 < Content-Security-Policy: script-src 'self' 'unsafe-inline' https://cdn.jsdelivr.net;img-src 'self' data: https://cdn.jsdelivr.net;default-src 'self';base-uri 'self';font-src 'self' https: data:;form-action 'self';frame-ancestors 'self';object-src 'none';script-src-attr 'none';style-src 'self' https: 'unsafe-inline';upgrade-insecure-requests
1 < Content-Type: application/json; charset=utf-8
1 < Cross-Origin-Opener-Policy: same-origin
1 < Cross-Origin-Resource-Policy: same-origin
1 < Date: Sat, 14 Jun 2025 17:02:08 GMT
1 < Etag: W/"1ad-89Dma69TWzpo32oUSDL+8DpJ0GQ"
1 < Nel: {"report_to":"heroku-nel","response_headers":["Via"],"max_age":3600,"success_fraction":0.01,"failure_fraction":0.1}
1 < Origin-Agent-Cluster: ?1
1 < Referrer-Policy: no-referrer
1 < Report-To: {"group":"heroku-nel","endpoints":[{"url":"https://nel.heroku.com/reports?s=zwjy9qzlPs9Toy%2BayzKcBVVuG8tueuAGqRveuJ%2FpE%2BY%3D\u0026sid=c46efe9b-d3d2-4a0c-8c76-bfafa16c5add\u0026ts=1749920528"}],"max_age":3600}
1 < Reporting-Endpoints: heroku-nel="https://nel.heroku.com/reports?s=zwjy9qzlPs9Toy%2BayzKcBVVuG8tueuAGqRveuJ%2FpE%2BY%3D&sid=c46efe9b-d3d2-4a0c-8c76-bfafa16c5add&ts=1749920528"
1 < Server: Heroku
1 < Strict-Transport-Security: max-age=31536000; includeSubDomains
1 < Via: 1.1 heroku-router
1 < X-Content-Type-Options: nosniff
1 < X-Dns-Prefetch-Control: off
1 < X-Download-Options: noopen
1 < X-Frame-Options: SAMEORIGIN
1 < X-Permitted-Cross-Domain-Policies: none
1 < X-Xss-Protection: 0
{"id":170,"title":"Sample Test 1","slug":"sample-test-1","price":65,"description":"This is a test product created using Karate","category":{"id":1,"name":"Clothes","slug":"clothes","image":"https://i.imgur.com/QkIa5tT.jpeg","creationAt":"2025-06-14T03:03:40.000Z","updatedAt":"2025-06-14T03:03:40.000Z"},"images":["https://placeimg.com/640/480/any"],"creationAt":"2025-06-14T17:02:08.000Z","updatedAt":"2025-06-14T17:02:08.000Z"}

22:32:08.531 [main] INFO com.intuit.karate -- [print] {
  "id": 170,
  "title": "Sample Test 1",
  "slug": "sample-test-1",
  "price": 65,
  "description": "This is a test product created using Karate",
  "category": {
    "id": 1,
    "name": "Clothes",
    "slug": "clothes",
    "image": "https://i.imgur.com/QkIa5tT.jpeg",
    "creationAt": "2025-06-14T03:03:40.000Z",
    "updatedAt": "2025-06-14T03:03:40.000Z"
  },
  "images": [
    "https://placeimg.com/640/480/any"
  ],
  "creationAt": "2025-06-14T17:02:08.000Z",
  "updatedAt": "2025-06-14T17:02:08.000Z"
}
 
22:32:08.531 [main] INFO com.intuit.karate -- [print] 200 
22:32:08.532 [main] DEBUG com.jayway.jsonpath.internal.path.CompiledPath -- Evaluating path: $['title']
22:32:08.539 [main] DEBUG com.jayway.jsonpath.internal.path.CompiledPath -- Evaluating path: $['price']
22:32:08.540 [main] DEBUG com.jayway.jsonpath.internal.path.CompiledPath -- Evaluating path: $['description']
]]></system-out>
  </testcase>
  <testcase name="[2:23] Update the product (PUT)" classname="features/product-crud" time="1.06">
    <system-out><![CDATA[22:32:08.564 [main] DEBUG com.jayway.jsonpath.internal.path.CompiledPath -- Evaluating path: $
22:32:08.569 [main] DEBUG org.apache.http.client.protocol.RequestAddCookies -- CookieSpec selected: karate
22:32:08.570 [main] DEBUG org.apache.http.client.protocol.RequestAuthCache -- Auth cache not set in the context
22:32:08.570 [main] DEBUG com.intuit.karate -- request:
1 > PUT https://api.escuelajs.co/api/v1/products/170
1 > Content-Type: application/json; charset=UTF-8
1 > Content-Length: 152
1 > Host: api.escuelajs.co
1 > Connection: Keep-Alive
1 > User-Agent: Apache-HttpClient/4.5.14 (Java/21.0.6)
1 > Accept-Encoding: gzip,deflate
{"title":"Sample Test 1","price":56,"description":"Updated description using Karate","categoryId":1,"images":["https:\/\/placeimg.com\/640\/480\/tech"]}

22:32:08.570 [main] DEBUG org.apache.http.impl.conn.PoolingHttpClientConnectionManager -- Connection request: [route: {s}->https://api.escuelajs.co:443][total available: 0; route allocated: 0 of 5; total allocated: 0 of 10]
22:32:08.572 [main] DEBUG org.apache.http.impl.conn.PoolingHttpClientConnectionManager -- Connection leased: [id: 2][route: {s}->https://api.escuelajs.co:443][total available: 0; route allocated: 1 of 5; total allocated: 1 of 10]
22:32:08.573 [main] DEBUG org.apache.http.impl.execchain.MainClientExec -- Opening connection {s}->https://api.escuelajs.co:443
22:32:08.573 [main] DEBUG org.apache.http.impl.conn.DefaultHttpClientConnectionOperator -- Connecting to api.escuelajs.co/99.83.151.71:443
22:32:08.573 [main] DEBUG org.apache.http.conn.ssl.SSLConnectionSocketFactory -- Connecting socket to api.escuelajs.co/99.83.151.71:443 with timeout 30000
22:32:08.837 [main] DEBUG org.apache.http.conn.ssl.SSLConnectionSocketFactory -- Enabled protocols: [TLSv1.3, TLSv1.2]
22:32:08.837 [main] DEBUG org.apache.http.conn.ssl.SSLConnectionSocketFactory -- Enabled cipher suites:[TLS_AES_256_GCM_SHA384, TLS_AES_128_GCM_SHA256, TLS_CHACHA20_POLY1305_SHA256, TLS_ECDHE_ECDSA_WITH_AES_256_GCM_SHA384, TLS_ECDHE_ECDSA_WITH_AES_128_GCM_SHA256, TLS_ECDHE_ECDSA_WITH_CHACHA20_POLY1305_SHA256, TLS_ECDHE_RSA_WITH_AES_256_GCM_SHA384, TLS_ECDHE_RSA_WITH_CHACHA20_POLY1305_SHA256, TLS_ECDHE_RSA_WITH_AES_128_GCM_SHA256, TLS_DHE_RSA_WITH_AES_256_GCM_SHA384, TLS_DHE_RSA_WITH_CHACHA20_POLY1305_SHA256, TLS_DHE_DSS_WITH_AES_256_GCM_SHA384, TLS_DHE_RSA_WITH_AES_128_GCM_SHA256, TLS_DHE_DSS_WITH_AES_128_GCM_SHA256, TLS_ECDHE_ECDSA_WITH_AES_256_CBC_SHA384, TLS_ECDHE_RSA_WITH_AES_256_CBC_SHA384, TLS_ECDHE_ECDSA_WITH_AES_128_CBC_SHA256, TLS_ECDHE_RSA_WITH_AES_128_CBC_SHA256, TLS_DHE_RSA_WITH_AES_256_CBC_SHA256, TLS_DHE_DSS_WITH_AES_256_CBC_SHA256, TLS_DHE_RSA_WITH_AES_128_CBC_SHA256, TLS_DHE_DSS_WITH_AES_128_CBC_SHA256, TLS_ECDHE_ECDSA_WITH_AES_256_CBC_SHA, TLS_ECDHE_RSA_WITH_AES_256_CBC_SHA, TLS_ECDHE_ECDSA_WITH_AES_128_CBC_SHA, TLS_ECDHE_RSA_WITH_AES_128_CBC_SHA, TLS_DHE_RSA_WITH_AES_256_CBC_SHA, TLS_DHE_DSS_WITH_AES_256_CBC_SHA, TLS_DHE_RSA_WITH_AES_128_CBC_SHA, TLS_DHE_DSS_WITH_AES_128_CBC_SHA, TLS_RSA_WITH_AES_256_GCM_SHA384, TLS_RSA_WITH_AES_128_GCM_SHA256, TLS_RSA_WITH_AES_256_CBC_SHA256, TLS_RSA_WITH_AES_128_CBC_SHA256, TLS_RSA_WITH_AES_256_CBC_SHA, TLS_RSA_WITH_AES_128_CBC_SHA, TLS_EMPTY_RENEGOTIATION_INFO_SCSV]
22:32:08.837 [main] DEBUG org.apache.http.conn.ssl.SSLConnectionSocketFactory -- Starting handshake
22:32:09.120 [main] DEBUG org.apache.http.conn.ssl.SSLConnectionSocketFactory -- Secure session established
22:32:09.120 [main] DEBUG org.apache.http.conn.ssl.SSLConnectionSocketFactory --  negotiated protocol: TLSv1.3
22:32:09.120 [main] DEBUG org.apache.http.conn.ssl.SSLConnectionSocketFactory --  negotiated cipher suite: TLS_AES_128_GCM_SHA256
22:32:09.120 [main] DEBUG org.apache.http.conn.ssl.SSLConnectionSocketFactory --  peer principal: CN=api.escuelajs.co
22:32:09.120 [main] DEBUG org.apache.http.conn.ssl.SSLConnectionSocketFactory --  peer alternative names: [api.escuelajs.co]
22:32:09.120 [main] DEBUG org.apache.http.conn.ssl.SSLConnectionSocketFactory --  issuer principal: CN=R11, O=Let's Encrypt, C=US
22:32:09.120 [main] DEBUG org.apache.http.impl.conn.DefaultHttpClientConnectionOperator -- Connection established 192.168.31.107:54983<->99.83.151.71:443
22:32:09.120 [main] DEBUG org.apache.http.impl.conn.DefaultManagedHttpClientConnection -- http-outgoing-2: set socket timeout to 30000
22:32:09.120 [main] DEBUG org.apache.http.impl.execchain.MainClientExec -- Executing request PUT /api/v1/products/170 HTTP/1.1
22:32:09.120 [main] DEBUG org.apache.http.impl.execchain.MainClientExec -- Target auth state: UNCHALLENGED
22:32:09.120 [main] DEBUG org.apache.http.impl.execchain.MainClientExec -- Proxy auth state: UNCHALLENGED
22:32:09.121 [main] DEBUG org.apache.http.headers -- http-outgoing-2 >> PUT /api/v1/products/170 HTTP/1.1
22:32:09.121 [main] DEBUG org.apache.http.headers -- http-outgoing-2 >> Content-Type: application/json; charset=UTF-8
22:32:09.121 [main] DEBUG org.apache.http.headers -- http-outgoing-2 >> Content-Length: 152
22:32:09.121 [main] DEBUG org.apache.http.headers -- http-outgoing-2 >> Host: api.escuelajs.co
22:32:09.121 [main] DEBUG org.apache.http.headers -- http-outgoing-2 >> Connection: Keep-Alive
22:32:09.121 [main] DEBUG org.apache.http.headers -- http-outgoing-2 >> User-Agent: Apache-HttpClient/4.5.14 (Java/21.0.6)
22:32:09.121 [main] DEBUG org.apache.http.headers -- http-outgoing-2 >> Accept-Encoding: gzip,deflate
22:32:09.121 [main] DEBUG org.apache.http.wire -- http-outgoing-2 >> "PUT /api/v1/products/170 HTTP/1.1[\r][\n]"
22:32:09.121 [main] DEBUG org.apache.http.wire -- http-outgoing-2 >> "Content-Type: application/json; charset=UTF-8[\r][\n]"
22:32:09.121 [main] DEBUG org.apache.http.wire -- http-outgoing-2 >> "Content-Length: 152[\r][\n]"
22:32:09.121 [main] DEBUG org.apache.http.wire -- http-outgoing-2 >> "Host: api.escuelajs.co[\r][\n]"
22:32:09.121 [main] DEBUG org.apache.http.wire -- http-outgoing-2 >> "Connection: Keep-Alive[\r][\n]"
22:32:09.121 [main] DEBUG org.apache.http.wire -- http-outgoing-2 >> "User-Agent: Apache-HttpClient/4.5.14 (Java/21.0.6)[\r][\n]"
22:32:09.121 [main] DEBUG org.apache.http.wire -- http-outgoing-2 >> "Accept-Encoding: gzip,deflate[\r][\n]"
22:32:09.121 [main] DEBUG org.apache.http.wire -- http-outgoing-2 >> "[\r][\n]"
22:32:09.121 [main] DEBUG org.apache.http.wire -- http-outgoing-2 >> "{"title":"Sample Test 1","price":56,"description":"Updated description using Karate","categoryId":1,"images":["https:\/\/placeimg.com\/640\/480\/tech"]}"
22:32:09.596 [main] DEBUG org.apache.http.wire -- http-outgoing-2 << "HTTP/1.1 200 OK[\r][\n]"
22:32:09.597 [main] DEBUG org.apache.http.wire -- http-outgoing-2 << "Access-Control-Allow-Origin: *[\r][\n]"
22:32:09.597 [main] DEBUG org.apache.http.wire -- http-outgoing-2 << "Content-Length: 419[\r][\n]"
22:32:09.597 [main] DEBUG org.apache.http.wire -- http-outgoing-2 << "Content-Security-Policy: script-src 'self' 'unsafe-inline' https://cdn.jsdelivr.net;img-src 'self' data: https://cdn.jsdelivr.net;default-src 'self';base-uri 'self';font-src 'self' https: data:;form-action 'self';frame-ancestors 'self';object-src 'none';script-src-attr 'none';style-src 'self' https: 'unsafe-inline';upgrade-insecure-requests[\r][\n]"
22:32:09.597 [main] DEBUG org.apache.http.wire -- http-outgoing-2 << "Content-Type: application/json; charset=utf-8[\r][\n]"
22:32:09.597 [main] DEBUG org.apache.http.wire -- http-outgoing-2 << "Cross-Origin-Opener-Policy: same-origin[\r][\n]"
22:32:09.597 [main] DEBUG org.apache.http.wire -- http-outgoing-2 << "Cross-Origin-Resource-Policy: same-origin[\r][\n]"
22:32:09.597 [main] DEBUG org.apache.http.wire -- http-outgoing-2 << "Date: Sat, 14 Jun 2025 17:02:10 GMT[\r][\n]"
22:32:09.597 [main] DEBUG org.apache.http.wire -- http-outgoing-2 << "Etag: W/"1a3-dQ9QiyB7LRsxj1G06AWf6Yp7RLI"[\r][\n]"
22:32:09.597 [main] DEBUG org.apache.http.wire -- http-outgoing-2 << "Nel: {"report_to":"heroku-nel","response_headers":["Via"],"max_age":3600,"success_fraction":0.01,"failure_fraction":0.1}[\r][\n]"
22:32:09.597 [main] DEBUG org.apache.http.wire -- http-outgoing-2 << "Origin-Agent-Cluster: ?1[\r][\n]"
22:32:09.597 [main] DEBUG org.apache.http.wire -- http-outgoing-2 << "Referrer-Policy: no-referrer[\r][\n]"
22:32:09.597 [main] DEBUG org.apache.http.wire -- http-outgoing-2 << "Report-To: {"group":"heroku-nel","endpoints":[{"url":"https://nel.heroku.com/reports?s=NDDZ1Q75gRp6nx9kG%2FG7AXxb4fe7P3xzshG%2FSUT91Is%3D\u0026sid=c46efe9b-d3d2-4a0c-8c76-bfafa16c5add\u0026ts=1749920529"}],"max_age":3600}[\r][\n]"
22:32:09.597 [main] DEBUG org.apache.http.wire -- http-outgoing-2 << "Reporting-Endpoints: heroku-nel="https://nel.heroku.com/reports?s=NDDZ1Q75gRp6nx9kG%2FG7AXxb4fe7P3xzshG%2FSUT91Is%3D&sid=c46efe9b-d3d2-4a0c-8c76-bfafa16c5add&ts"
22:32:09.597 [main] DEBUG org.apache.http.wire -- http-outgoing-2 << "=1749920529"[\r][\n]"
22:32:09.597 [main] DEBUG org.apache.http.wire -- http-outgoing-2 << "Server: Heroku[\r][\n]"
22:32:09.597 [main] DEBUG org.apache.http.wire -- http-outgoing-2 << "Strict-Transport-Security: max-age=31536000; includeSubDomains[\r][\n]"
22:32:09.597 [main] DEBUG org.apache.http.wire -- http-outgoing-2 << "Via: 1.1 heroku-router[\r][\n]"
22:32:09.597 [main] DEBUG org.apache.http.wire -- http-outgoing-2 << "X-Content-Type-Options: nosniff[\r][\n]"
22:32:09.597 [main] DEBUG org.apache.http.wire -- http-outgoing-2 << "X-Dns-Prefetch-Control: off[\r][\n]"
22:32:09.597 [main] DEBUG org.apache.http.wire -- http-outgoing-2 << "X-Download-Options: noopen[\r][\n]"
22:32:09.598 [main] DEBUG org.apache.http.wire -- http-outgoing-2 << "X-Frame-Options: SAMEORIGIN[\r][\n]"
22:32:09.598 [main] DEBUG org.apache.http.wire -- http-outgoing-2 << "X-Permitted-Cross-Domain-Policies: none[\r][\n]"
22:32:09.598 [main] DEBUG org.apache.http.wire -- http-outgoing-2 << "X-Xss-Protection: 0[\r][\n]"
22:32:09.598 [main] DEBUG org.apache.http.wire -- http-outgoing-2 << "[\r][\n]"
22:32:09.598 [main] DEBUG org.apache.http.wire -- http-outgoing-2 << "{"id":170,"title":"Sample Test 1","slug":"sample-test-1","price":56,"description":"Updated description using Karate","category":{"id":1,"name":"Clothes","slug":"clothes","image":"https://i.imgur.com/QkIa5tT.jpeg","creationAt":"2025-06-14T03:03:40.000Z","updatedAt":"2025-06-14T03:03:40.000Z"},"images":["https://placeimg.com/640/480/tech"],"creationAt":"2025-06-14T17:02:08.000Z","updatedAt":"2025-06-14T17:02:10.000Z"}"
22:32:09.598 [main] DEBUG org.apache.http.headers -- http-outgoing-2 << HTTP/1.1 200 OK
22:32:09.598 [main] DEBUG org.apache.http.headers -- http-outgoing-2 << Access-Control-Allow-Origin: *
22:32:09.598 [main] DEBUG org.apache.http.headers -- http-outgoing-2 << Content-Length: 419
22:32:09.598 [main] DEBUG org.apache.http.headers -- http-outgoing-2 << Content-Security-Policy: script-src 'self' 'unsafe-inline' https://cdn.jsdelivr.net;img-src 'self' data: https://cdn.jsdelivr.net;default-src 'self';base-uri 'self';font-src 'self' https: data:;form-action 'self';frame-ancestors 'self';object-src 'none';script-src-attr 'none';style-src 'self' https: 'unsafe-inline';upgrade-insecure-requests
22:32:09.598 [main] DEBUG org.apache.http.headers -- http-outgoing-2 << Content-Type: application/json; charset=utf-8
22:32:09.598 [main] DEBUG org.apache.http.headers -- http-outgoing-2 << Cross-Origin-Opener-Policy: same-origin
22:32:09.598 [main] DEBUG org.apache.http.headers -- http-outgoing-2 << Cross-Origin-Resource-Policy: same-origin
22:32:09.598 [main] DEBUG org.apache.http.headers -- http-outgoing-2 << Date: Sat, 14 Jun 2025 17:02:10 GMT
22:32:09.598 [main] DEBUG org.apache.http.headers -- http-outgoing-2 << Etag: W/"1a3-dQ9QiyB7LRsxj1G06AWf6Yp7RLI"
22:32:09.598 [main] DEBUG org.apache.http.headers -- http-outgoing-2 << Nel: {"report_to":"heroku-nel","response_headers":["Via"],"max_age":3600,"success_fraction":0.01,"failure_fraction":0.1}
22:32:09.598 [main] DEBUG org.apache.http.headers -- http-outgoing-2 << Origin-Agent-Cluster: ?1
22:32:09.598 [main] DEBUG org.apache.http.headers -- http-outgoing-2 << Referrer-Policy: no-referrer
22:32:09.598 [main] DEBUG org.apache.http.headers -- http-outgoing-2 << Report-To: {"group":"heroku-nel","endpoints":[{"url":"https://nel.heroku.com/reports?s=NDDZ1Q75gRp6nx9kG%2FG7AXxb4fe7P3xzshG%2FSUT91Is%3D\u0026sid=c46efe9b-d3d2-4a0c-8c76-bfafa16c5add\u0026ts=1749920529"}],"max_age":3600}
22:32:09.598 [main] DEBUG org.apache.http.headers -- http-outgoing-2 << Reporting-Endpoints: heroku-nel="https://nel.heroku.com/reports?s=NDDZ1Q75gRp6nx9kG%2FG7AXxb4fe7P3xzshG%2FSUT91Is%3D&sid=c46efe9b-d3d2-4a0c-8c76-bfafa16c5add&ts=1749920529"
22:32:09.598 [main] DEBUG org.apache.http.headers -- http-outgoing-2 << Server: Heroku
22:32:09.598 [main] DEBUG org.apache.http.headers -- http-outgoing-2 << Strict-Transport-Security: max-age=31536000; includeSubDomains
22:32:09.598 [main] DEBUG org.apache.http.headers -- http-outgoing-2 << Via: 1.1 heroku-router
22:32:09.598 [main] DEBUG org.apache.http.headers -- http-outgoing-2 << X-Content-Type-Options: nosniff
22:32:09.598 [main] DEBUG org.apache.http.headers -- http-outgoing-2 << X-Dns-Prefetch-Control: off
22:32:09.598 [main] DEBUG org.apache.http.headers -- http-outgoing-2 << X-Download-Options: noopen
22:32:09.598 [main] DEBUG org.apache.http.headers -- http-outgoing-2 << X-Frame-Options: SAMEORIGIN
22:32:09.598 [main] DEBUG org.apache.http.headers -- http-outgoing-2 << X-Permitted-Cross-Domain-Policies: none
22:32:09.598 [main] DEBUG org.apache.http.headers -- http-outgoing-2 << X-Xss-Protection: 0
22:32:09.598 [main] DEBUG org.apache.http.impl.execchain.MainClientExec -- Connection can be kept alive indefinitely
22:32:09.599 [main] DEBUG org.apache.http.impl.conn.PoolingHttpClientConnectionManager -- Connection [id: 2][route: {s}->https://api.escuelajs.co:443] can be kept alive indefinitely
22:32:09.599 [main] DEBUG org.apache.http.impl.conn.DefaultManagedHttpClientConnection -- http-outgoing-2: set socket timeout to 0
22:32:09.599 [main] DEBUG org.apache.http.impl.conn.PoolingHttpClientConnectionManager -- Connection released: [id: 2][route: {s}->https://api.escuelajs.co:443][total available: 1; route allocated: 1 of 5; total allocated: 1 of 10]
22:32:09.599 [main] DEBUG org.apache.http.impl.conn.PoolingHttpClientConnectionManager -- Connection manager is shutting down
22:32:09.599 [main] DEBUG org.apache.http.impl.conn.DefaultManagedHttpClientConnection -- http-outgoing-2: Close connection
22:32:09.600 [main] DEBUG org.apache.http.impl.conn.PoolingHttpClientConnectionManager -- Connection manager shut down
22:32:09.600 [main] DEBUG com.intuit.karate -- response time in milliseconds: 1029
1 < 200
1 < Access-Control-Allow-Origin: *
1 < Content-Length: 419
1 < Content-Security-Policy: script-src 'self' 'unsafe-inline' https://cdn.jsdelivr.net;img-src 'self' data: https://cdn.jsdelivr.net;default-src 'self';base-uri 'self';font-src 'self' https: data:;form-action 'self';frame-ancestors 'self';object-src 'none';script-src-attr 'none';style-src 'self' https: 'unsafe-inline';upgrade-insecure-requests
1 < Content-Type: application/json; charset=utf-8
1 < Cross-Origin-Opener-Policy: same-origin
1 < Cross-Origin-Resource-Policy: same-origin
1 < Date: Sat, 14 Jun 2025 17:02:10 GMT
1 < Etag: W/"1a3-dQ9QiyB7LRsxj1G06AWf6Yp7RLI"
1 < Nel: {"report_to":"heroku-nel","response_headers":["Via"],"max_age":3600,"success_fraction":0.01,"failure_fraction":0.1}
1 < Origin-Agent-Cluster: ?1
1 < Referrer-Policy: no-referrer
1 < Report-To: {"group":"heroku-nel","endpoints":[{"url":"https://nel.heroku.com/reports?s=NDDZ1Q75gRp6nx9kG%2FG7AXxb4fe7P3xzshG%2FSUT91Is%3D\u0026sid=c46efe9b-d3d2-4a0c-8c76-bfafa16c5add\u0026ts=1749920529"}],"max_age":3600}
1 < Reporting-Endpoints: heroku-nel="https://nel.heroku.com/reports?s=NDDZ1Q75gRp6nx9kG%2FG7AXxb4fe7P3xzshG%2FSUT91Is%3D&sid=c46efe9b-d3d2-4a0c-8c76-bfafa16c5add&ts=1749920529"
1 < Server: Heroku
1 < Strict-Transport-Security: max-age=31536000; includeSubDomains
1 < Via: 1.1 heroku-router
1 < X-Content-Type-Options: nosniff
1 < X-Dns-Prefetch-Control: off
1 < X-Download-Options: noopen
1 < X-Frame-Options: SAMEORIGIN
1 < X-Permitted-Cross-Domain-Policies: none
1 < X-Xss-Protection: 0
{"id":170,"title":"Sample Test 1","slug":"sample-test-1","price":56,"description":"Updated description using Karate","category":{"id":1,"name":"Clothes","slug":"clothes","image":"https://i.imgur.com/QkIa5tT.jpeg","creationAt":"2025-06-14T03:03:40.000Z","updatedAt":"2025-06-14T03:03:40.000Z"},"images":["https://placeimg.com/640/480/tech"],"creationAt":"2025-06-14T17:02:08.000Z","updatedAt":"2025-06-14T17:02:10.000Z"}

22:32:09.601 [main] INFO com.intuit.karate -- [print] {
  "id": 170,
  "title": "Sample Test 1",
  "slug": "sample-test-1",
  "price": 56,
  "description": "Updated description using Karate",
  "category": {
    "id": 1,
    "name": "Clothes",
    "slug": "clothes",
    "image": "https://i.imgur.com/QkIa5tT.jpeg",
    "creationAt": "2025-06-14T03:03:40.000Z",
    "updatedAt": "2025-06-14T03:03:40.000Z"
  },
  "images": [
    "https://placeimg.com/640/480/tech"
  ],
  "creationAt": "2025-06-14T17:02:08.000Z",
  "updatedAt": "2025-06-14T17:02:10.000Z"
}
 
22:32:09.602 [main] INFO com.intuit.karate -- [print] 200 
22:32:09.603 [main] DEBUG com.jayway.jsonpath.internal.path.CompiledPath -- Evaluating path: $['title']
22:32:09.603 [main] DEBUG com.jayway.jsonpath.internal.path.CompiledPath -- Evaluating path: $['price']
22:32:09.607 [main] DEBUG com.jayway.jsonpath.internal.path.CompiledPath -- Evaluating path: $['description']
]]></system-out>
  </testcase>
  <testcase name="[3:45] Delete the product (DELETE)" classname="features/product-crud" time="0.834">
    <system-out><![CDATA[22:32:09.623 [main] DEBUG org.apache.http.client.protocol.RequestAddCookies -- CookieSpec selected: karate
22:32:09.623 [main] DEBUG org.apache.http.client.protocol.RequestAuthCache -- Auth cache not set in the context
22:32:09.623 [main] DEBUG com.intuit.karate -- request:
1 > DELETE https://api.escuelajs.co/api/v1/products/170
1 > Host: api.escuelajs.co
1 > Connection: Keep-Alive
1 > User-Agent: Apache-HttpClient/4.5.14 (Java/21.0.6)
1 > Accept-Encoding: gzip,deflate


22:32:09.623 [main] DEBUG org.apache.http.impl.conn.PoolingHttpClientConnectionManager -- Connection request: [route: {s}->https://api.escuelajs.co:443][total available: 0; route allocated: 0 of 5; total allocated: 0 of 10]
22:32:09.624 [main] DEBUG org.apache.http.impl.conn.PoolingHttpClientConnectionManager -- Connection leased: [id: 3][route: {s}->https://api.escuelajs.co:443][total available: 0; route allocated: 1 of 5; total allocated: 1 of 10]
22:32:09.624 [main] DEBUG org.apache.http.impl.execchain.MainClientExec -- Opening connection {s}->https://api.escuelajs.co:443
22:32:09.624 [main] DEBUG org.apache.http.impl.conn.DefaultHttpClientConnectionOperator -- Connecting to api.escuelajs.co/99.83.151.71:443
22:32:09.624 [main] DEBUG org.apache.http.conn.ssl.SSLConnectionSocketFactory -- Connecting socket to api.escuelajs.co/99.83.151.71:443 with timeout 30000
22:32:09.886 [main] DEBUG org.apache.http.conn.ssl.SSLConnectionSocketFactory -- Enabled protocols: [TLSv1.3, TLSv1.2]
22:32:09.886 [main] DEBUG org.apache.http.conn.ssl.SSLConnectionSocketFactory -- Enabled cipher suites:[TLS_AES_256_GCM_SHA384, TLS_AES_128_GCM_SHA256, TLS_CHACHA20_POLY1305_SHA256, TLS_ECDHE_ECDSA_WITH_AES_256_GCM_SHA384, TLS_ECDHE_ECDSA_WITH_AES_128_GCM_SHA256, TLS_ECDHE_ECDSA_WITH_CHACHA20_POLY1305_SHA256, TLS_ECDHE_RSA_WITH_AES_256_GCM_SHA384, TLS_ECDHE_RSA_WITH_CHACHA20_POLY1305_SHA256, TLS_ECDHE_RSA_WITH_AES_128_GCM_SHA256, TLS_DHE_RSA_WITH_AES_256_GCM_SHA384, TLS_DHE_RSA_WITH_CHACHA20_POLY1305_SHA256, TLS_DHE_DSS_WITH_AES_256_GCM_SHA384, TLS_DHE_RSA_WITH_AES_128_GCM_SHA256, TLS_DHE_DSS_WITH_AES_128_GCM_SHA256, TLS_ECDHE_ECDSA_WITH_AES_256_CBC_SHA384, TLS_ECDHE_RSA_WITH_AES_256_CBC_SHA384, TLS_ECDHE_ECDSA_WITH_AES_128_CBC_SHA256, TLS_ECDHE_RSA_WITH_AES_128_CBC_SHA256, TLS_DHE_RSA_WITH_AES_256_CBC_SHA256, TLS_DHE_DSS_WITH_AES_256_CBC_SHA256, TLS_DHE_RSA_WITH_AES_128_CBC_SHA256, TLS_DHE_DSS_WITH_AES_128_CBC_SHA256, TLS_ECDHE_ECDSA_WITH_AES_256_CBC_SHA, TLS_ECDHE_RSA_WITH_AES_256_CBC_SHA, TLS_ECDHE_ECDSA_WITH_AES_128_CBC_SHA, TLS_ECDHE_RSA_WITH_AES_128_CBC_SHA, TLS_DHE_RSA_WITH_AES_256_CBC_SHA, TLS_DHE_DSS_WITH_AES_256_CBC_SHA, TLS_DHE_RSA_WITH_AES_128_CBC_SHA, TLS_DHE_DSS_WITH_AES_128_CBC_SHA, TLS_RSA_WITH_AES_256_GCM_SHA384, TLS_RSA_WITH_AES_128_GCM_SHA256, TLS_RSA_WITH_AES_256_CBC_SHA256, TLS_RSA_WITH_AES_128_CBC_SHA256, TLS_RSA_WITH_AES_256_CBC_SHA, TLS_RSA_WITH_AES_128_CBC_SHA, TLS_EMPTY_RENEGOTIATION_INFO_SCSV]
22:32:09.886 [main] DEBUG org.apache.http.conn.ssl.SSLConnectionSocketFactory -- Starting handshake
22:32:10.170 [main] DEBUG org.apache.http.conn.ssl.SSLConnectionSocketFactory -- Secure session established
22:32:10.171 [main] DEBUG org.apache.http.conn.ssl.SSLConnectionSocketFactory --  negotiated protocol: TLSv1.3
22:32:10.171 [main] DEBUG org.apache.http.conn.ssl.SSLConnectionSocketFactory --  negotiated cipher suite: TLS_AES_128_GCM_SHA256
22:32:10.171 [main] DEBUG org.apache.http.conn.ssl.SSLConnectionSocketFactory --  peer principal: CN=api.escuelajs.co
22:32:10.171 [main] DEBUG org.apache.http.conn.ssl.SSLConnectionSocketFactory --  peer alternative names: [api.escuelajs.co]
22:32:10.171 [main] DEBUG org.apache.http.conn.ssl.SSLConnectionSocketFactory --  issuer principal: CN=R11, O=Let's Encrypt, C=US
22:32:10.171 [main] DEBUG org.apache.http.impl.conn.DefaultHttpClientConnectionOperator -- Connection established 192.168.31.107:54984<->99.83.151.71:443
22:32:10.171 [main] DEBUG org.apache.http.impl.conn.DefaultManagedHttpClientConnection -- http-outgoing-3: set socket timeout to 30000
22:32:10.171 [main] DEBUG org.apache.http.impl.execchain.MainClientExec -- Executing request DELETE /api/v1/products/170 HTTP/1.1
22:32:10.171 [main] DEBUG org.apache.http.impl.execchain.MainClientExec -- Target auth state: UNCHALLENGED
22:32:10.171 [main] DEBUG org.apache.http.impl.execchain.MainClientExec -- Proxy auth state: UNCHALLENGED
22:32:10.171 [main] DEBUG org.apache.http.headers -- http-outgoing-3 >> DELETE /api/v1/products/170 HTTP/1.1
22:32:10.171 [main] DEBUG org.apache.http.headers -- http-outgoing-3 >> Host: api.escuelajs.co
22:32:10.171 [main] DEBUG org.apache.http.headers -- http-outgoing-3 >> Connection: Keep-Alive
22:32:10.171 [main] DEBUG org.apache.http.headers -- http-outgoing-3 >> User-Agent: Apache-HttpClient/4.5.14 (Java/21.0.6)
22:32:10.171 [main] DEBUG org.apache.http.headers -- http-outgoing-3 >> Accept-Encoding: gzip,deflate
22:32:10.171 [main] DEBUG org.apache.http.wire -- http-outgoing-3 >> "DELETE /api/v1/products/170 HTTP/1.1[\r][\n]"
22:32:10.171 [main] DEBUG org.apache.http.wire -- http-outgoing-3 >> "Host: api.escuelajs.co[\r][\n]"
22:32:10.171 [main] DEBUG org.apache.http.wire -- http-outgoing-3 >> "Connection: Keep-Alive[\r][\n]"
22:32:10.171 [main] DEBUG org.apache.http.wire -- http-outgoing-3 >> "User-Agent: Apache-HttpClient/4.5.14 (Java/21.0.6)[\r][\n]"
22:32:10.171 [main] DEBUG org.apache.http.wire -- http-outgoing-3 >> "Accept-Encoding: gzip,deflate[\r][\n]"
22:32:10.171 [main] DEBUG org.apache.http.wire -- http-outgoing-3 >> "[\r][\n]"
22:32:10.436 [main] DEBUG org.apache.http.wire -- http-outgoing-3 << "HTTP/1.1 200 OK[\r][\n]"
22:32:10.436 [main] DEBUG org.apache.http.wire -- http-outgoing-3 << "Access-Control-Allow-Origin: *[\r][\n]"
22:32:10.436 [main] DEBUG org.apache.http.wire -- http-outgoing-3 << "Content-Length: 4[\r][\n]"
22:32:10.436 [main] DEBUG org.apache.http.wire -- http-outgoing-3 << "Content-Security-Policy: script-src 'self' 'unsafe-inline' https://cdn.jsdelivr.net;img-src 'self' data: https://cdn.jsdelivr.net;default-src 'self';base-uri 'self';font-src 'self' https: data:;form-action 'self';frame-ancestors 'self';object-src 'none';script-src-attr 'none';style-src 'self' https: 'unsafe-inline';upgrade-insecure-requests[\r][\n]"
22:32:10.436 [main] DEBUG org.apache.http.wire -- http-outgoing-3 << "Content-Type: text/html; charset=utf-8[\r][\n]"
22:32:10.436 [main] DEBUG org.apache.http.wire -- http-outgoing-3 << "Cross-Origin-Opener-Policy: same-origin[\r][\n]"
22:32:10.436 [main] DEBUG org.apache.http.wire -- http-outgoing-3 << "Cross-Origin-Resource-Policy: same-origin[\r][\n]"
22:32:10.436 [main] DEBUG org.apache.http.wire -- http-outgoing-3 << "Date: Sat, 14 Jun 2025 17:02:10 GMT[\r][\n]"
22:32:10.436 [main] DEBUG org.apache.http.wire -- http-outgoing-3 << "Etag: W/"4-X/5TO4MPCKAyY0ipFgr6/IraRNs"[\r][\n]"
22:32:10.436 [main] DEBUG org.apache.http.wire -- http-outgoing-3 << "Nel: {"report_to":"heroku-nel","response_headers":["Via"],"max_age":3600,"success_fraction":0.01,"failure_fraction":0.1}[\r][\n]"
22:32:10.436 [main] DEBUG org.apache.http.wire -- http-outgoing-3 << "Origin-Agent-Cluster: ?1[\r][\n]"
22:32:10.437 [main] DEBUG org.apache.http.wire -- http-outgoing-3 << "Referrer-Policy: no-referrer[\r][\n]"
22:32:10.437 [main] DEBUG org.apache.http.wire -- http-outgoing-3 << "Report-To: {"group":"heroku-nel","endpoints":[{"url":"https://nel.heroku.com/reports?s=S2npDR5837NmIQyV%2BzoFn9iccd2dMf64DKYvPubXkT4%3D\u0026sid=c46efe9b-d3d2-4a0c-8c76-bfafa16c5add\u0026ts=1749920530"}],"max_age":3600}[\r][\n]"
22:32:10.437 [main] DEBUG org.apache.http.wire -- http-outgoing-3 << "Reporting-Endpoints: heroku-nel="https://nel.heroku.com/reports?s=S2npDR5837NmIQyV%2BzoFn9iccd2dMf64DKYvPubXkT4%3D&sid=c46efe9b-d3d2-4a0c-8c76-bfafa16c5add&ts=1749920530"[\r][\n]"
22:32:10.437 [main] DEBUG org.apache.http.wire -- http-outgoing-3 << "S"
22:32:10.437 [main] DEBUG org.apache.http.wire -- http-outgoing-3 << "erver: Heroku[\r][\n]"
22:32:10.438 [main] DEBUG org.apache.http.wire -- http-outgoing-3 << "Strict-Transport-Security: max-age=31536000; includeSubDomains[\r][\n]"
22:32:10.438 [main] DEBUG org.apache.http.wire -- http-outgoing-3 << "Via: 1.1 heroku-router[\r][\n]"
22:32:10.438 [main] DEBUG org.apache.http.wire -- http-outgoing-3 << "X-Content-Type-Options: nosniff[\r][\n]"
22:32:10.438 [main] DEBUG org.apache.http.wire -- http-outgoing-3 << "X-Dns-Prefetch-Control: off[\r][\n]"
22:32:10.438 [main] DEBUG org.apache.http.wire -- http-outgoing-3 << "X-Download-Options: noopen[\r][\n]"
22:32:10.438 [main] DEBUG org.apache.http.wire -- http-outgoing-3 << "X-Frame-Options: SAMEORIGIN[\r][\n]"
22:32:10.438 [main] DEBUG org.apache.http.wire -- http-outgoing-3 << "X-Permitted-Cross-Domain-Policies: none[\r][\n]"
22:32:10.438 [main] DEBUG org.apache.http.wire -- http-outgoing-3 << "X-Xss-Protection: 0[\r][\n]"
22:32:10.438 [main] DEBUG org.apache.http.wire -- http-outgoing-3 << "[\r][\n]"
22:32:10.438 [main] DEBUG org.apache.http.wire -- http-outgoing-3 << "true"
22:32:10.438 [main] DEBUG org.apache.http.headers -- http-outgoing-3 << HTTP/1.1 200 OK
22:32:10.438 [main] DEBUG org.apache.http.headers -- http-outgoing-3 << Access-Control-Allow-Origin: *
22:32:10.438 [main] DEBUG org.apache.http.headers -- http-outgoing-3 << Content-Length: 4
22:32:10.438 [main] DEBUG org.apache.http.headers -- http-outgoing-3 << Content-Security-Policy: script-src 'self' 'unsafe-inline' https://cdn.jsdelivr.net;img-src 'self' data: https://cdn.jsdelivr.net;default-src 'self';base-uri 'self';font-src 'self' https: data:;form-action 'self';frame-ancestors 'self';object-src 'none';script-src-attr 'none';style-src 'self' https: 'unsafe-inline';upgrade-insecure-requests
22:32:10.438 [main] DEBUG org.apache.http.headers -- http-outgoing-3 << Content-Type: text/html; charset=utf-8
22:32:10.438 [main] DEBUG org.apache.http.headers -- http-outgoing-3 << Cross-Origin-Opener-Policy: same-origin
22:32:10.438 [main] DEBUG org.apache.http.headers -- http-outgoing-3 << Cross-Origin-Resource-Policy: same-origin
22:32:10.438 [main] DEBUG org.apache.http.headers -- http-outgoing-3 << Date: Sat, 14 Jun 2025 17:02:10 GMT
22:32:10.438 [main] DEBUG org.apache.http.headers -- http-outgoing-3 << Etag: W/"4-X/5TO4MPCKAyY0ipFgr6/IraRNs"
22:32:10.438 [main] DEBUG org.apache.http.headers -- http-outgoing-3 << Nel: {"report_to":"heroku-nel","response_headers":["Via"],"max_age":3600,"success_fraction":0.01,"failure_fraction":0.1}
22:32:10.438 [main] DEBUG org.apache.http.headers -- http-outgoing-3 << Origin-Agent-Cluster: ?1
22:32:10.439 [main] DEBUG org.apache.http.headers -- http-outgoing-3 << Referrer-Policy: no-referrer
22:32:10.439 [main] DEBUG org.apache.http.headers -- http-outgoing-3 << Report-To: {"group":"heroku-nel","endpoints":[{"url":"https://nel.heroku.com/reports?s=S2npDR5837NmIQyV%2BzoFn9iccd2dMf64DKYvPubXkT4%3D\u0026sid=c46efe9b-d3d2-4a0c-8c76-bfafa16c5add\u0026ts=1749920530"}],"max_age":3600}
22:32:10.439 [main] DEBUG org.apache.http.headers -- http-outgoing-3 << Reporting-Endpoints: heroku-nel="https://nel.heroku.com/reports?s=S2npDR5837NmIQyV%2BzoFn9iccd2dMf64DKYvPubXkT4%3D&sid=c46efe9b-d3d2-4a0c-8c76-bfafa16c5add&ts=1749920530"
22:32:10.439 [main] DEBUG org.apache.http.headers -- http-outgoing-3 << Server: Heroku
22:32:10.439 [main] DEBUG org.apache.http.headers -- http-outgoing-3 << Strict-Transport-Security: max-age=31536000; includeSubDomains
22:32:10.439 [main] DEBUG org.apache.http.headers -- http-outgoing-3 << Via: 1.1 heroku-router
22:32:10.439 [main] DEBUG org.apache.http.headers -- http-outgoing-3 << X-Content-Type-Options: nosniff
22:32:10.439 [main] DEBUG org.apache.http.headers -- http-outgoing-3 << X-Dns-Prefetch-Control: off
22:32:10.439 [main] DEBUG org.apache.http.headers -- http-outgoing-3 << X-Download-Options: noopen
22:32:10.439 [main] DEBUG org.apache.http.headers -- http-outgoing-3 << X-Frame-Options: SAMEORIGIN
22:32:10.439 [main] DEBUG org.apache.http.headers -- http-outgoing-3 << X-Permitted-Cross-Domain-Policies: none
22:32:10.439 [main] DEBUG org.apache.http.headers -- http-outgoing-3 << X-Xss-Protection: 0
22:32:10.439 [main] DEBUG org.apache.http.impl.execchain.MainClientExec -- Connection can be kept alive indefinitely
22:32:10.439 [main] DEBUG org.apache.http.impl.conn.PoolingHttpClientConnectionManager -- Connection [id: 3][route: {s}->https://api.escuelajs.co:443] can be kept alive indefinitely
22:32:10.439 [main] DEBUG org.apache.http.impl.conn.DefaultManagedHttpClientConnection -- http-outgoing-3: set socket timeout to 0
22:32:10.439 [main] DEBUG org.apache.http.impl.conn.PoolingHttpClientConnectionManager -- Connection released: [id: 3][route: {s}->https://api.escuelajs.co:443][total available: 1; route allocated: 1 of 5; total allocated: 1 of 10]
22:32:10.439 [main] DEBUG org.apache.http.impl.conn.PoolingHttpClientConnectionManager -- Connection manager is shutting down
22:32:10.439 [main] DEBUG org.apache.http.impl.conn.DefaultManagedHttpClientConnection -- http-outgoing-3: Close connection
22:32:10.440 [main] DEBUG org.apache.http.impl.conn.PoolingHttpClientConnectionManager -- Connection manager shut down
22:32:10.440 [main] DEBUG com.intuit.karate -- response time in milliseconds: 816
1 < 200
1 < Access-Control-Allow-Origin: *
1 < Content-Length: 4
1 < Content-Security-Policy: script-src 'self' 'unsafe-inline' https://cdn.jsdelivr.net;img-src 'self' data: https://cdn.jsdelivr.net;default-src 'self';base-uri 'self';font-src 'self' https: data:;form-action 'self';frame-ancestors 'self';object-src 'none';script-src-attr 'none';style-src 'self' https: 'unsafe-inline';upgrade-insecure-requests
1 < Content-Type: text/html; charset=utf-8
1 < Cross-Origin-Opener-Policy: same-origin
1 < Cross-Origin-Resource-Policy: same-origin
1 < Date: Sat, 14 Jun 2025 17:02:10 GMT
1 < Etag: W/"4-X/5TO4MPCKAyY0ipFgr6/IraRNs"
1 < Nel: {"report_to":"heroku-nel","response_headers":["Via"],"max_age":3600,"success_fraction":0.01,"failure_fraction":0.1}
1 < Origin-Agent-Cluster: ?1
1 < Referrer-Policy: no-referrer
1 < Report-To: {"group":"heroku-nel","endpoints":[{"url":"https://nel.heroku.com/reports?s=S2npDR5837NmIQyV%2BzoFn9iccd2dMf64DKYvPubXkT4%3D\u0026sid=c46efe9b-d3d2-4a0c-8c76-bfafa16c5add\u0026ts=1749920530"}],"max_age":3600}
1 < Reporting-Endpoints: heroku-nel="https://nel.heroku.com/reports?s=S2npDR5837NmIQyV%2BzoFn9iccd2dMf64DKYvPubXkT4%3D&sid=c46efe9b-d3d2-4a0c-8c76-bfafa16c5add&ts=1749920530"
1 < Server: Heroku
1 < Strict-Transport-Security: max-age=31536000; includeSubDomains
1 < Via: 1.1 heroku-router
1 < X-Content-Type-Options: nosniff
1 < X-Dns-Prefetch-Control: off
1 < X-Download-Options: noopen
1 < X-Frame-Options: SAMEORIGIN
1 < X-Permitted-Cross-Domain-Policies: none
1 < X-Xss-Protection: 0
true

22:32:10.442 [main] INFO com.intuit.karate -- [print] true 
22:32:10.442 [main] INFO com.intuit.karate -- [print] 200 
]]></system-out>
  </testcase>
  <testcase name="[4:53] Verify product has been deleted (GET)" classname="features/product-crud" time="2.176">
    <system-out><![CDATA[22:32:10.456 [main] DEBUG org.apache.http.client.protocol.RequestAddCookies -- CookieSpec selected: karate
22:32:10.456 [main] DEBUG org.apache.http.client.protocol.RequestAuthCache -- Auth cache not set in the context
22:32:10.457 [main] DEBUG com.intuit.karate -- request:
1 > GET https://api.escuelajs.co/api/v1/products/170
1 > Host: api.escuelajs.co
1 > Connection: Keep-Alive
1 > User-Agent: Apache-HttpClient/4.5.14 (Java/21.0.6)
1 > Accept-Encoding: gzip,deflate


22:32:10.457 [main] DEBUG org.apache.http.impl.conn.PoolingHttpClientConnectionManager -- Connection request: [route: {s}->https://api.escuelajs.co:443][total available: 0; route allocated: 0 of 5; total allocated: 0 of 10]
22:32:10.457 [main] DEBUG org.apache.http.impl.conn.PoolingHttpClientConnectionManager -- Connection leased: [id: 4][route: {s}->https://api.escuelajs.co:443][total available: 0; route allocated: 1 of 5; total allocated: 1 of 10]
22:32:10.457 [main] DEBUG org.apache.http.impl.execchain.MainClientExec -- Opening connection {s}->https://api.escuelajs.co:443
22:32:10.457 [main] DEBUG org.apache.http.impl.conn.DefaultHttpClientConnectionOperator -- Connecting to api.escuelajs.co/99.83.151.71:443
22:32:10.457 [main] DEBUG org.apache.http.conn.ssl.SSLConnectionSocketFactory -- Connecting socket to api.escuelajs.co/99.83.151.71:443 with timeout 30000
22:32:10.720 [main] DEBUG org.apache.http.conn.ssl.SSLConnectionSocketFactory -- Enabled protocols: [TLSv1.3, TLSv1.2]
22:32:10.720 [main] DEBUG org.apache.http.conn.ssl.SSLConnectionSocketFactory -- Enabled cipher suites:[TLS_AES_256_GCM_SHA384, TLS_AES_128_GCM_SHA256, TLS_CHACHA20_POLY1305_SHA256, TLS_ECDHE_ECDSA_WITH_AES_256_GCM_SHA384, TLS_ECDHE_ECDSA_WITH_AES_128_GCM_SHA256, TLS_ECDHE_ECDSA_WITH_CHACHA20_POLY1305_SHA256, TLS_ECDHE_RSA_WITH_AES_256_GCM_SHA384, TLS_ECDHE_RSA_WITH_CHACHA20_POLY1305_SHA256, TLS_ECDHE_RSA_WITH_AES_128_GCM_SHA256, TLS_DHE_RSA_WITH_AES_256_GCM_SHA384, TLS_DHE_RSA_WITH_CHACHA20_POLY1305_SHA256, TLS_DHE_DSS_WITH_AES_256_GCM_SHA384, TLS_DHE_RSA_WITH_AES_128_GCM_SHA256, TLS_DHE_DSS_WITH_AES_128_GCM_SHA256, TLS_ECDHE_ECDSA_WITH_AES_256_CBC_SHA384, TLS_ECDHE_RSA_WITH_AES_256_CBC_SHA384, TLS_ECDHE_ECDSA_WITH_AES_128_CBC_SHA256, TLS_ECDHE_RSA_WITH_AES_128_CBC_SHA256, TLS_DHE_RSA_WITH_AES_256_CBC_SHA256, TLS_DHE_DSS_WITH_AES_256_CBC_SHA256, TLS_DHE_RSA_WITH_AES_128_CBC_SHA256, TLS_DHE_DSS_WITH_AES_128_CBC_SHA256, TLS_ECDHE_ECDSA_WITH_AES_256_CBC_SHA, TLS_ECDHE_RSA_WITH_AES_256_CBC_SHA, TLS_ECDHE_ECDSA_WITH_AES_128_CBC_SHA, TLS_ECDHE_RSA_WITH_AES_128_CBC_SHA, TLS_DHE_RSA_WITH_AES_256_CBC_SHA, TLS_DHE_DSS_WITH_AES_256_CBC_SHA, TLS_DHE_RSA_WITH_AES_128_CBC_SHA, TLS_DHE_DSS_WITH_AES_128_CBC_SHA, TLS_RSA_WITH_AES_256_GCM_SHA384, TLS_RSA_WITH_AES_128_GCM_SHA256, TLS_RSA_WITH_AES_256_CBC_SHA256, TLS_RSA_WITH_AES_128_CBC_SHA256, TLS_RSA_WITH_AES_256_CBC_SHA, TLS_RSA_WITH_AES_128_CBC_SHA, TLS_EMPTY_RENEGOTIATION_INFO_SCSV]
22:32:10.720 [main] DEBUG org.apache.http.conn.ssl.SSLConnectionSocketFactory -- Starting handshake
22:32:10.992 [main] DEBUG org.apache.http.conn.ssl.SSLConnectionSocketFactory -- Secure session established
22:32:10.992 [main] DEBUG org.apache.http.conn.ssl.SSLConnectionSocketFactory --  negotiated protocol: TLSv1.3
22:32:10.992 [main] DEBUG org.apache.http.conn.ssl.SSLConnectionSocketFactory --  negotiated cipher suite: TLS_AES_128_GCM_SHA256
22:32:10.992 [main] DEBUG org.apache.http.conn.ssl.SSLConnectionSocketFactory --  peer principal: CN=api.escuelajs.co
22:32:10.992 [main] DEBUG org.apache.http.conn.ssl.SSLConnectionSocketFactory --  peer alternative names: [api.escuelajs.co]
22:32:10.992 [main] DEBUG org.apache.http.conn.ssl.SSLConnectionSocketFactory --  issuer principal: CN=R11, O=Let's Encrypt, C=US
22:32:10.992 [main] DEBUG org.apache.http.impl.conn.DefaultHttpClientConnectionOperator -- Connection established 192.168.31.107:54985<->99.83.151.71:443
22:32:10.992 [main] DEBUG org.apache.http.impl.conn.DefaultManagedHttpClientConnection -- http-outgoing-4: set socket timeout to 30000
22:32:10.993 [main] DEBUG org.apache.http.impl.execchain.MainClientExec -- Executing request GET /api/v1/products/170 HTTP/1.1
22:32:10.993 [main] DEBUG org.apache.http.impl.execchain.MainClientExec -- Target auth state: UNCHALLENGED
22:32:10.993 [main] DEBUG org.apache.http.impl.execchain.MainClientExec -- Proxy auth state: UNCHALLENGED
22:32:10.993 [main] DEBUG org.apache.http.headers -- http-outgoing-4 >> GET /api/v1/products/170 HTTP/1.1
22:32:10.993 [main] DEBUG org.apache.http.headers -- http-outgoing-4 >> Host: api.escuelajs.co
22:32:10.993 [main] DEBUG org.apache.http.headers -- http-outgoing-4 >> Connection: Keep-Alive
22:32:10.993 [main] DEBUG org.apache.http.headers -- http-outgoing-4 >> User-Agent: Apache-HttpClient/4.5.14 (Java/21.0.6)
22:32:10.993 [main] DEBUG org.apache.http.headers -- http-outgoing-4 >> Accept-Encoding: gzip,deflate
22:32:10.993 [main] DEBUG org.apache.http.wire -- http-outgoing-4 >> "GET /api/v1/products/170 HTTP/1.1[\r][\n]"
22:32:10.993 [main] DEBUG org.apache.http.wire -- http-outgoing-4 >> "Host: api.escuelajs.co[\r][\n]"
22:32:10.993 [main] DEBUG org.apache.http.wire -- http-outgoing-4 >> "Connection: Keep-Alive[\r][\n]"
22:32:10.993 [main] DEBUG org.apache.http.wire -- http-outgoing-4 >> "User-Agent: Apache-HttpClient/4.5.14 (Java/21.0.6)[\r][\n]"
22:32:10.993 [main] DEBUG org.apache.http.wire -- http-outgoing-4 >> "Accept-Encoding: gzip,deflate[\r][\n]"
22:32:10.993 [main] DEBUG org.apache.http.wire -- http-outgoing-4 >> "[\r][\n]"
22:32:11.262 [main] DEBUG org.apache.http.wire -- http-outgoing-4 << "HTTP/1.1 400 Bad Request[\r][\n]"
22:32:11.262 [main] DEBUG org.apache.http.wire -- http-outgoing-4 << "Access-Control-Allow-Origin: *[\r][\n]"
22:32:11.262 [main] DEBUG org.apache.http.wire -- http-outgoing-4 << "Content-Length: 270[\r][\n]"
22:32:11.262 [main] DEBUG org.apache.http.wire -- http-outgoing-4 << "Content-Security-Policy: script-src 'self' 'unsafe-inline' https://cdn.jsdelivr.net;img-src 'self' data: https://cdn.jsdelivr.net;default-src 'self';base-uri 'self';font-src 'self' https: data:;form-action 'self';frame-ancestors 'self';object-src 'none';script-src-attr 'none';style-src 'self' https: 'unsafe-inline';upgrade-insecure-requests[\r][\n]"
22:32:11.262 [main] DEBUG org.apache.http.wire -- http-outgoing-4 << "Content-Type: application/json; charset=utf-8[\r][\n]"
22:32:11.262 [main] DEBUG org.apache.http.wire -- http-outgoing-4 << "Cross-Origin-Opener-Policy: same-origin[\r][\n]"
22:32:11.262 [main] DEBUG org.apache.http.wire -- http-outgoing-4 << "Cross-Origin-Resource-Policy: same-origin[\r][\n]"
22:32:11.262 [main] DEBUG org.apache.http.wire -- http-outgoing-4 << "Date: Sat, 14 Jun 2025 17:02:11 GMT[\r][\n]"
22:32:11.262 [main] DEBUG org.apache.http.wire -- http-outgoing-4 << "Etag: W/"10e-Yy3dbLS/5CkkbYhUE9OH1ErY81Y"[\r][\n]"
22:32:11.262 [main] DEBUG org.apache.http.wire -- http-outgoing-4 << "Nel: {"report_to":"heroku-nel","response_headers":["Via"],"max_age":3600,"success_fraction":0.01,"failure_fraction":0.1}[\r][\n]"
22:32:11.262 [main] DEBUG org.apache.http.wire -- http-outgoing-4 << "Origin-Agent-Cluster: ?1[\r][\n]"
22:32:11.262 [main] DEBUG org.apache.http.wire -- http-outgoing-4 << "Referrer-Policy: no-referrer[\r][\n]"
22:32:11.263 [main] DEBUG org.apache.http.wire -- http-outgoing-4 << "Report-To: {"group":"heroku-nel","endpoints":[{"url":"https://nel.heroku.com/reports?s=qoD93BWKYh4DNqd9Q5DOXkqp%2BuRQZWl%2BIUaW9B4Twe4%3D\u0026sid=c46efe9b-d3d2-4a0c-8c76-bfafa16c5add\u0026ts=1749920531"}],"max_age":3600}[\r][\n]"
22:32:11.263 [main] DEBUG org.apache.http.wire -- http-outgoing-4 << "Reporting-Endpoints: heroku-nel="https://nel.heroku.com/reports?s=qoD93BWKYh4DNqd9Q5DOXkqp%2BuRQZWl%2BIUaW9B4Twe4%3D&sid=c46efe9b-d3d2-4a0c-8c76-bfafa1"
22:32:11.263 [main] DEBUG org.apache.http.wire -- http-outgoing-4 << "6c5add&ts=1749920531"[\r][\n]"
22:32:11.263 [main] DEBUG org.apache.http.wire -- http-outgoing-4 << "Server: Heroku[\r][\n]"
22:32:11.263 [main] DEBUG org.apache.http.wire -- http-outgoing-4 << "Strict-Transport-Security: max-age=31536000; includeSubDomains[\r][\n]"
22:32:11.263 [main] DEBUG org.apache.http.wire -- http-outgoing-4 << "Via: 1.1 heroku-router[\r][\n]"
22:32:11.263 [main] DEBUG org.apache.http.wire -- http-outgoing-4 << "X-Content-Type-Options: nosniff[\r][\n]"
22:32:11.263 [main] DEBUG org.apache.http.wire -- http-outgoing-4 << "X-Dns-Prefetch-Control: off[\r][\n]"
22:32:11.263 [main] DEBUG org.apache.http.wire -- http-outgoing-4 << "X-Download-Options: noopen[\r][\n]"
22:32:11.263 [main] DEBUG org.apache.http.wire -- http-outgoing-4 << "X-Frame-Options: SAMEORIGIN[\r][\n]"
22:32:11.263 [main] DEBUG org.apache.http.wire -- http-outgoing-4 << "X-Permitted-Cross-Domain-Policies: none[\r][\n]"
22:32:11.263 [main] DEBUG org.apache.http.wire -- http-outgoing-4 << "X-Xss-Protection: 0[\r][\n]"
22:32:11.263 [main] DEBUG org.apache.http.wire -- http-outgoing-4 << "[\r][\n]"
[...]
[THYMELEAF]             * [* {th:cite,data-th-cite}] [1000]: org.thymeleaf.standard.processor.StandardRemovableAttributeTagProcessor
[THYMELEAF]             * [* {th:marginwidth,data-th-marginwidth}] [1000]: org.thymeleaf.standard.processor.StandardRemovableAttributeTagProcessor
[THYMELEAF]             * [* {th:marginheight,data-th-marginheight}] [1000]: org.thymeleaf.standard.processor.StandardRemovableAttributeTagProcessor
[THYMELEAF]             * [* {th:align,data-th-align}] [1000]: org.thymeleaf.standard.processor.StandardRemovableAttributeTagProcessor
[THYMELEAF]             * [* {th:start,data-th-start}] [1000]: org.thymeleaf.standard.processor.StandardRemovableAttributeTagProcessor
[THYMELEAF]             * [* {th:longdesc,data-th-longdesc}] [1000]: org.thymeleaf.standard.processor.StandardRemovableAttributeTagProcessor
[THYMELEAF]             * [* {th:content,data-th-content}] [1000]: org.thymeleaf.standard.processor.StandardRemovableAttributeTagProcessor
[THYMELEAF]             * [* {th:max,data-th-max}] [1000]: org.thymeleaf.standard.processor.StandardRemovableAttributeTagProcessor
[THYMELEAF]             * [* {th:list,data-th-list}] [1000]: org.thymeleaf.standard.processor.StandardRemovableAttributeTagProcessor
[THYMELEAF]             * [* {th:radiogroup,data-th-radiogroup}] [1000]: org.thymeleaf.standard.processor.StandardRemovableAttributeTagProcessor
[THYMELEAF]             * [* {th:manifest,data-th-manifest}] [1000]: org.thymeleaf.standard.processor.StandardRemovableAttributeTagProcessor
[THYMELEAF]             * [* {th:cols,data-th-cols}] [1000]: org.thymeleaf.standard.processor.StandardRemovableAttributeTagProcessor
[THYMELEAF]             * [* {th:height,data-th-height}] [1000]: org.thymeleaf.standard.processor.StandardRemovableAttributeTagProcessor
[THYMELEAF]             * [* {th:preload,data-th-preload}] [1000]: org.thymeleaf.standard.processor.StandardRemovableAttributeTagProcessor
[THYMELEAF]             * [* {th:placeholder,data-th-placeholder}] [1000]: org.thymeleaf.standard.processor.StandardRemovableAttributeTagProcessor
[THYMELEAF]             * [* {th:hreflang,data-th-hreflang}] [1000]: org.thymeleaf.standard.processor.StandardRemovableAttributeTagProcessor
[THYMELEAF]             * [* {th:for,data-th-for}] [1000]: org.thymeleaf.standard.processor.StandardRemovableAttributeTagProcessor
[THYMELEAF]             * [* {th:icon,data-th-icon}] [1000]: org.thymeleaf.standard.processor.StandardRemovableAttributeTagProcessor
[THYMELEAF]             * [* {th:frame,data-th-frame}] [1000]: org.thymeleaf.standard.processor.StandardRemovableAttributeTagProcessor
[THYMELEAF]             * [* {th:scope,data-th-scope}] [1000]: org.thymeleaf.standard.processor.StandardRemovableAttributeTagProcessor
[THYMELEAF]             * [* {th:rules,data-th-rules}] [1000]: org.thymeleaf.standard.processor.StandardRemovableAttributeTagProcessor
[THYMELEAF]             * [* {th:hspace,data-th-hspace}] [1000]: org.thymeleaf.standard.processor.StandardRemovableAttributeTagProcessor
[THYMELEAF]             * [* {th:formmethod,data-th-formmethod}] [1000]: org.thymeleaf.standard.processor.StandardRemovableAttributeTagProcessor
[THYMELEAF]             * [* {th:axis,data-th-axis}] [1000]: org.thymeleaf.standard.processor.StandardRemovableAttributeTagProcessor
[THYMELEAF]             * [* {th:kind,data-th-kind}] [1000]: org.thymeleaf.standard.processor.StandardRemovableAttributeTagProcessor
[THYMELEAF]             * [* {th:cellpadding,data-th-cellpadding}] [1000]: org.thymeleaf.standard.processor.StandardRemovableAttributeTagProcessor
[THYMELEAF]             * [* {th:accept-charset,data-th-accept-charset}] [1000]: org.thymeleaf.standard.processor.StandardRemovableAttributeTagProcessor
[THYMELEAF]             * [* {th:lang,data-th-lang}] [1000]: org.thymeleaf.standard.processor.StandardRemovableAttributeTagProcessor
[THYMELEAF]             * [* {th:formtarget,data-th-formtarget}] [1000]: org.thymeleaf.standard.processor.StandardRemovableAttributeTagProcessor
[THYMELEAF]             * [* {th:size,data-th-size}] [1000]: org.thymeleaf.standard.processor.StandardRemovableAttributeTagProcessor
[THYMELEAF]             * [* {th:contenteditable,data-th-contenteditable}] [1000]: org.thymeleaf.standard.processor.StandardRemovableAttributeTagProcessor
[THYMELEAF]             * [* {th:alt,data-th-alt}] [1000]: org.thymeleaf.standard.processor.StandardRemovableAttributeTagProcessor
[THYMELEAF]             * [* {th:formaction,data-th-formaction}] [1000]: org.thymeleaf.standard.processor.StandardRemovableAttributeTagProcessor
[THYMELEAF]             * [* {th:spellcheck,data-th-spellcheck}] [1000]: org.thymeleaf.standard.processor.StandardRemovableAttributeTagProcessor
[THYMELEAF]             * [* {th:width,data-th-width}] [1000]: org.thymeleaf.standard.processor.StandardRemovableAttributeTagProcessor
[THYMELEAF]             * [* {th:id,data-th-id}] [1000]: org.thymeleaf.standard.processor.StandardRemovableAttributeTagProcessor
[THYMELEAF]             * [* {th:rev,data-th-rev}] [1000]: org.thymeleaf.standard.processor.StandardRemovableAttributeTagProcessor
[THYMELEAF]             * [* {th:span,data-th-span}] [1000]: org.thymeleaf.standard.processor.StandardRemovableAttributeTagProcessor
[THYMELEAF]             * [* {th:maxlength,data-th-maxlength}] [1000]: org.thymeleaf.standard.processor.StandardRemovableAttributeTagProcessor
[THYMELEAF]             * [* {th:src,data-th-src}] [1000]: org.thymeleaf.standard.processor.StandardSrcTagProcessor
[THYMELEAF]             * [* {th:value,data-th-value}] [1000]: org.thymeleaf.standard.processor.StandardValueTagProcessor
[THYMELEAF]             * [* {th:xmlbase,data-th-xmlbase}] [1000]: org.thymeleaf.standard.processor.StandardXmlBaseTagProcessor
[THYMELEAF]             * [* {th:xmllang,data-th-xmllang}] [1000]: org.thymeleaf.standard.processor.StandardXmlLangTagProcessor
[THYMELEAF]             * [* {xmlns:th}] [1000]: org.thymeleaf.standard.processor.StandardXmlNsTagProcessor
[THYMELEAF]             * [* {th:xmlspace,data-th-xmlspace}] [1000]: org.thymeleaf.standard.processor.StandardXmlSpaceTagProcessor
[THYMELEAF]             * [* {th:classappend,data-th-classappend}] [1100]: org.thymeleaf.standard.processor.StandardClassappendTagProcessor
[THYMELEAF]             * [* {th:styleappend,data-th-styleappend}] [1100]: org.thymeleaf.standard.processor.StandardStyleappendTagProcessor
[THYMELEAF]             * [* {th:text,data-th-text}] [1300]: org.thymeleaf.standard.processor.StandardTextTagProcessor
[THYMELEAF]             * [* {th:utext,data-th-utext}] [1400]: org.thymeleaf.standard.processor.StandardUtextTagProcessor
[THYMELEAF]             * [* {th:fragment,data-th-fragment}] [1500]: org.thymeleaf.standard.processor.StandardFragmentTagProcessor
[THYMELEAF]             * [* {th:assert,data-th-assert}] [1550]: org.thymeleaf.standard.processor.StandardAssertTagProcessor
[THYMELEAF]             * [* {th:remove,data-th-remove}] [1600]: org.thymeleaf.standard.processor.StandardRemoveTagProcessor
[THYMELEAF]             * [* {th:ref,data-th-ref}] [10000]: org.thymeleaf.standard.processor.StandardRefAttributeTagProcessor
[THYMELEAF]             * [{th:block,th-block} *] [100000]: org.thymeleaf.standard.processor.StandardBlockTagProcessor
[THYMELEAF]             * [* th:*] [2147483647]: org.thymeleaf.standard.processor.StandardDefaultAttributesTagProcessor
[THYMELEAF]         * Text Processors by [precedence]:
[THYMELEAF]             * [1000]: org.thymeleaf.standard.processor.StandardInliningTextProcessor
[THYMELEAF]         * DOCTYPE Processors by [precedence]:
[THYMELEAF]             * [1000]: org.thymeleaf.standard.processor.StandardTranslationDocTypeProcessor
[THYMELEAF]         * CDATA Section Processors by [precedence]:
[THYMELEAF]             * [1000]: org.thymeleaf.standard.processor.StandardInliningCDATASectionProcessor
[THYMELEAF]         * Comment Processors by [precedence]:
[THYMELEAF]             * [1000]: org.thymeleaf.standard.processor.StandardInliningCommentProcessor
[THYMELEAF]             * [1100]: org.thymeleaf.standard.processor.StandardConditionalCommentProcessor
[THYMELEAF]     * Processors for Template Mode: XML
[THYMELEAF]         * Element Tag Processors by [matching element and attribute name] [precedence]:
[THYMELEAF]             * [* {th:include}] [100]: org.thymeleaf.standard.processor.StandardIncludeTagProcessor
[THYMELEAF]             * [* {th:insert}] [100]: org.thymeleaf.standard.processor.StandardInsertTagProcessor
[THYMELEAF]             * [* {th:replace}] [100]: org.thymeleaf.standard.processor.StandardReplaceTagProcessor
[THYMELEAF]             * [* {th:each}] [200]: com.intuit.karate.template.KarateEachTagProcessor
[THYMELEAF]             * [* {th:switch}] [250]: org.thymeleaf.standard.processor.StandardSwitchTagProcessor
[THYMELEAF]             * [* {th:case}] [275]: org.thymeleaf.standard.processor.StandardCaseTagProcessor
[THYMELEAF]             * [* {th:if}] [300]: org.thymeleaf.standard.processor.StandardIfTagProcessor
[THYMELEAF]             * [* {th:unless}] [400]: org.thymeleaf.standard.processor.StandardUnlessTagProcessor
[THYMELEAF]             * [* {th:object}] [500]: org.thymeleaf.standard.processor.StandardObjectTagProcessor
[THYMELEAF]             * [* {th:with}] [600]: com.intuit.karate.template.KarateWithTagProcessor
[THYMELEAF]             * [* {th:attr}] [700]: com.intuit.karate.template.KarateAttributeTagProcessor.KarateAttrTagProcessor
[THYMELEAF]             * [* {th:attrappend}] [900]: com.intuit.karate.template.KarateAttributeTagProcessor.KarateAttrappendTagProcessor
[THYMELEAF]             * [* {th:attrprepend}] [900]: com.intuit.karate.template.KarateAttributeTagProcessor.KarateAttrprependTagProcessor
[THYMELEAF]             * [* {th:inline}] [1000]: org.thymeleaf.standard.processor.StandardInlineXMLTagProcessor
[THYMELEAF]             * [* {xmlns:th}] [1000]: org.thymeleaf.standard.processor.StandardXmlNsTagProcessor
[THYMELEAF]             * [* {th:text}] [1300]: org.thymeleaf.standard.processor.StandardTextTagProcessor
[THYMELEAF]             * [* {th:utext}] [1400]: org.thymeleaf.standard.processor.StandardUtextTagProcessor
[THYMELEAF]             * [* {th:fragment}] [1500]: org.thymeleaf.standard.processor.StandardFragmentTagProcessor
[THYMELEAF]             * [* {th:assert}] [1550]: org.thymeleaf.standard.processor.StandardAssertTagProcessor
[THYMELEAF]             * [* {th:remove}] [1600]: org.thymeleaf.standard.processor.StandardRemoveTagProcessor
[THYMELEAF]             * [* {th:ref}] [10000]: org.thymeleaf.standard.processor.StandardRefAttributeTagProcessor
[THYMELEAF]             * [{th:block} *] [100000]: org.thymeleaf.standard.processor.StandardBlockTagProcessor
[THYMELEAF]             * [* th:*] [2147483647]: org.thymeleaf.standard.processor.StandardDefaultAttributesTagProcessor
[THYMELEAF]         * Text Processors by [precedence]:
[THYMELEAF]             * [1000]: org.thymeleaf.standard.processor.StandardInliningTextProcessor
[THYMELEAF]         * CDATA Section Processors by [precedence]:
[THYMELEAF]             * [1000]: org.thymeleaf.standard.processor.StandardInliningCDATASectionProcessor
[THYMELEAF]         * Comment Processors by [precedence]:
[THYMELEAF]             * [1000]: org.thymeleaf.standard.processor.StandardInliningCommentProcessor
[THYMELEAF]     * Processors for Template Mode: TEXT
[THYMELEAF]         * Element Tag Processors by [matching element and attribute name] [precedence]:
[THYMELEAF]             * [* {th:insert}] [100]: org.thymeleaf.standard.processor.StandardInsertTagProcessor
[THYMELEAF]             * [* {th:replace}] [100]: org.thymeleaf.standard.processor.StandardReplaceTagProcessor
[THYMELEAF]             * [* {th:each}] [200]: com.intuit.karate.template.KarateEachTagProcessor
[THYMELEAF]             * [* {th:switch}] [250]: org.thymeleaf.standard.processor.StandardSwitchTagProcessor
[THYMELEAF]             * [* {th:case}] [275]: org.thymeleaf.standard.processor.StandardCaseTagProcessor
[THYMELEAF]             * [* {th:if}] [300]: org.thymeleaf.standard.processor.StandardIfTagProcessor
[THYMELEAF]             * [* {th:unless}] [400]: org.thymeleaf.standard.processor.StandardUnlessTagProcessor
[THYMELEAF]             * [* {th:object}] [500]: org.thymeleaf.standard.processor.StandardObjectTagProcessor
[THYMELEAF]             * [* {th:with}] [600]: com.intuit.karate.template.KarateWithTagProcessor
[THYMELEAF]             * [* {th:inline}] [1000]: org.thymeleaf.standard.processor.StandardInlineTextualTagProcessor
[THYMELEAF]             * [* {th:text}] [1300]: org.thymeleaf.standard.processor.StandardTextTagProcessor
[THYMELEAF]             * [* {th:utext}] [1400]: org.thymeleaf.standard.processor.StandardUtextTagProcessor
[THYMELEAF]             * [* {th:assert}] [1550]: org.thymeleaf.standard.processor.StandardAssertTagProcessor
[THYMELEAF]             * [* {th:remove}] [1600]: org.thymeleaf.standard.processor.StandardRemoveTagProcessor
[THYMELEAF]             * [* 100000] [org.thymeleaf.standard.processor.StandardBlockTagProcessor]: {}
[THYMELEAF]             * [{th:block} *] [100000]: org.thymeleaf.standard.processor.StandardBlockTagProcessor
[THYMELEAF]         * Text Processors by [precedence]:
[THYMELEAF]             * [1000]: org.thymeleaf.standard.processor.StandardInliningTextProcessor
[THYMELEAF]     * Processors for Template Mode: JAVASCRIPT
[THYMELEAF]         * Element Tag Processors by [matching element and attribute name] [precedence]:
[THYMELEAF]             * [* {th:insert}] [100]: org.thymeleaf.standard.processor.StandardInsertTagProcessor
[THYMELEAF]             * [* {th:replace}] [100]: org.thymeleaf.standard.processor.StandardReplaceTagProcessor
[THYMELEAF]             * [* {th:each}] [200]: com.intuit.karate.template.KarateEachTagProcessor
[THYMELEAF]             * [* {th:switch}] [250]: org.thymeleaf.standard.processor.StandardSwitchTagProcessor
[THYMELEAF]             * [* {th:case}] [275]: org.thymeleaf.standard.processor.StandardCaseTagProcessor
[THYMELEAF]             * [* {th:if}] [300]: org.thymeleaf.standard.processor.StandardIfTagProcessor
[THYMELEAF]             * [* {th:unless}] [400]: org.thymeleaf.standard.processor.StandardUnlessTagProcessor
[THYMELEAF]             * [* {th:object}] [500]: org.thymeleaf.standard.processor.StandardObjectTagProcessor
[THYMELEAF]             * [* {th:with}] [600]: com.intuit.karate.template.KarateWithTagProcessor
[THYMELEAF]             * [* {th:inline}] [1000]: org.thymeleaf.standard.processor.StandardInlineTextualTagProcessor
[THYMELEAF]             * [* {th:text}] [1300]: org.thymeleaf.standard.processor.StandardTextTagProcessor
[THYMELEAF]             * [* {th:utext}] [1400]: org.thymeleaf.standard.processor.StandardUtextTagProcessor
[THYMELEAF]             * [* {th:assert}] [1550]: org.thymeleaf.standard.processor.StandardAssertTagProcessor
[THYMELEAF]             * [* {th:remove}] [1600]: org.thymeleaf.standard.processor.StandardRemoveTagProcessor
[THYMELEAF]             * [* 100000] [org.thymeleaf.standard.processor.StandardBlockTagProcessor]: {}
[THYMELEAF]             * [{th:block} *] [100000]: org.thymeleaf.standard.processor.StandardBlockTagProcessor
[THYMELEAF]         * Text Processors by [precedence]:
[THYMELEAF]             * [1000]: org.thymeleaf.standard.processor.StandardInliningTextProcessor
[THYMELEAF]     * Processors for Template Mode: CSS
[THYMELEAF]         * Element Tag Processors by [matching element and attribute name] [precedence]:
[THYMELEAF]             * [* {th:insert}] [100]: org.thymeleaf.standard.processor.StandardInsertTagProcessor
[THYMELEAF]             * [* {th:replace}] [100]: org.thymeleaf.standard.processor.StandardReplaceTagProcessor
[THYMELEAF]             * [* {th:each}] [200]: com.intuit.karate.template.KarateEachTagProcessor
[THYMELEAF]             * [* {th:switch}] [250]: org.thymeleaf.standard.processor.StandardSwitchTagProcessor
[THYMELEAF]             * [* {th:case}] [275]: org.thymeleaf.standard.processor.StandardCaseTagProcessor
[THYMELEAF]             * [* {th:if}] [300]: org.thymeleaf.standard.processor.StandardIfTagProcessor
[THYMELEAF]             * [* {th:unless}] [400]: org.thymeleaf.standard.processor.StandardUnlessTagProcessor
[THYMELEAF]             * [* {th:object}] [500]: org.thymeleaf.standard.processor.StandardObjectTagProcessor
[THYMELEAF]             * [* {th:with}] [600]: com.intuit.karate.template.KarateWithTagProcessor
[THYMELEAF]             * [* {th:inline}] [1000]: org.thymeleaf.standard.processor.StandardInlineTextualTagProcessor
[THYMELEAF]             * [* {th:text}] [1300]: org.thymeleaf.standard.processor.StandardTextTagProcessor
[THYMELEAF]             * [* {th:utext}] [1400]: org.thymeleaf.standard.processor.StandardUtextTagProcessor
[THYMELEAF]             * [* {th:assert}] [1550]: org.thymeleaf.standard.processor.StandardAssertTagProcessor
[THYMELEAF]             * [* {th:remove}] [1600]: org.thymeleaf.standard.processor.StandardRemoveTagProcessor
[THYMELEAF]             * [* 100000] [org.thymeleaf.standard.processor.StandardBlockTagProcessor]: {}
[THYMELEAF]             * [{th:block} *] [100000]: org.thymeleaf.standard.processor.StandardBlockTagProcessor
[THYMELEAF]         * Text Processors by [precedence]:
[THYMELEAF]             * [1000]: org.thymeleaf.standard.processor.StandardInliningTextProcessor
[THYMELEAF]     * Expression Objects:
[THYMELEAF]         * #ctx
[THYMELEAF]         * #root
[THYMELEAF]         * #vars
[THYMELEAF]         * #object
[THYMELEAF]         * #locale
[THYMELEAF]         * #conversions
[THYMELEAF]         * #uris
[THYMELEAF]         * #temporals
[THYMELEAF]         * #calendars
[THYMELEAF]         * #dates
[THYMELEAF]         * #bools
[THYMELEAF]         * #numbers
[THYMELEAF]         * #objects
[THYMELEAF]         * #strings
[THYMELEAF]         * #arrays
[THYMELEAF]         * #lists
[THYMELEAF]         * #sets
[THYMELEAF]         * #maps
[THYMELEAF]         * #aggregates
[THYMELEAF]         * #messages
[THYMELEAF]         * #ids
[THYMELEAF]         * #execInfo
[THYMELEAF]         * #request
[THYMELEAF]         * #response
[THYMELEAF]         * #session
[THYMELEAF]         * #servletContext
[THYMELEAF]     * Execution Attributes:
[THYMELEAF]         * "StandardExpressionParser": com.intuit.karate.template.KarateStandardDialect@31e7afde
[THYMELEAF]         * "StandardJavaScriptSerializer": org.thymeleaf.standard.serializer.StandardJavaScriptSerializer@6814262d
[THYMELEAF]         * "StandardCSSSerializer": org.thymeleaf.standard.serializer.StandardCSSSerializer@7fc1fd31
[THYMELEAF]         * "StandardVariableExpressionEvaluator": com.intuit.karate.template.KarateStandardDialect@31e7afde
[THYMELEAF]         * "StandardConversionService": org.thymeleaf.standard.expression.StandardConversionService@75a9cc24
[THYMELEAF] * Dialect [2 of 2]: karate (com.intuit.karate.template.KarateScriptDialect)
[THYMELEAF]     * Prefix: "ka"
[THYMELEAF]     * Processors for Template Mode: HTML
[THYMELEAF]         * Element Tag Processors by [matching element and attribute name] [precedence]:
[THYMELEAF]             * [* {src}] [1000]: com.intuit.karate.template.KaScriptAttrProcessor
[THYMELEAF]         * Element Model Processors by [matching element and attribute name] [precedence]:
[THYMELEAF]             * [{script} {ka:scope,data-ka-scope}] [1000]: com.intuit.karate.template.KaScriptElemProcessor
[THYMELEAF]             * [* {ka:set,data-ka-set}] [1000]: com.intuit.karate.template.KaSetElemProcessor
[THYMELEAF] TEMPLATE ENGINE CONFIGURED OK
22:32:12.551 [main] DEBUG org.thymeleaf.TemplateEngine -- [THYMELEAF] TEMPLATE ENGINE INITIALIZED

HTML report: (paste into browser to view) | Karate version: 1.4.1
file:///C:/Users/matsa/OneDrive/Desktop/git-projects/karate-api-tests/target/karate-reports/karate-summary.html
===================================================================

]]></system-out>
  </testcase>
</testsuite>