<?xml version="1.0" encoding="UTF-8"?>
<testsuite xmlns:xsi="http://www.w3.org/2001/XMLSchema-instance" xsi:noNamespaceSchemaLocation="https://maven.apache.org/surefire/maven-surefire-plugin/xsd/surefire-test-report-3.0.xsd" version="3.0" name="runner.SampleTest" time="11.494" tests="8" errors="0" skipped="0" failures="0">
  <properties>
[...]
</properties>
  <testcase name="[1:12] Get the created product (GET)" classname="features/product-crud" time="3.515">
    <system-out><![CDATA[10:58:09.553 [main] INFO com.intuit.karate -- >> lock acquired, begin callonce: read('classpath:features/create-product.feature')
10:58:09.598 [main] DEBUG com.jayway.jsonpath.internal.path.CompiledPath -- Evaluating path: $
10:58:09.644 [main] DEBUG io.netty.util.internal.logging.InternalLoggerFactory -- Using SLF4J as the default logging framework
10:58:09.644 [main] DEBUG io.netty.util.internal.PlatformDependent0 -- -Dio.netty.noUnsafe: false
10:58:09.644 [main] DEBUG io.netty.util.internal.PlatformDependent0 -- Java version: 21
10:58:09.644 [main] DEBUG io.netty.util.internal.PlatformDependent0 -- sun.misc.Unsafe.theUnsafe: available
10:58:09.644 [main] DEBUG io.netty.util.internal.PlatformDependent0 -- sun.misc.Unsafe.copyMemory: available
10:58:09.644 [main] DEBUG io.netty.util.internal.PlatformDependent0 -- sun.misc.Unsafe.storeFence: available
10:58:09.644 [main] DEBUG io.netty.util.internal.PlatformDependent0 -- java.nio.Buffer.address: available
10:58:09.644 [main] DEBUG io.netty.util.internal.PlatformDependent0 -- direct buffer constructor: unavailable: Reflective setAccessible(true) disabled
10:58:09.644 [main] DEBUG io.netty.util.internal.PlatformDependent0 -- java.nio.Bits.unaligned: available, true
10:58:09.644 [main] DEBUG io.netty.util.internal.PlatformDependent0 -- jdk.internal.misc.Unsafe.allocateUninitializedArray(int): unavailable: class io.netty.util.internal.PlatformDependent0$7 cannot access class jdk.internal.misc.Unsafe (in module java.base) because module java.base does not export jdk.internal.misc to unnamed module @10a035a0
10:58:09.644 [main] DEBUG io.netty.util.internal.PlatformDependent0 -- java.nio.DirectByteBuffer.<init>(long, {int,long}): unavailable
10:58:09.644 [main] DEBUG io.netty.util.internal.PlatformDependent -- sun.misc.Unsafe: available
10:58:09.644 [main] DEBUG io.netty.util.internal.PlatformDependent -- maxDirectMemory: 4234149888 bytes (maybe)
10:58:09.644 [main] DEBUG io.netty.util.internal.PlatformDependent -- -Dio.netty.tmpdir: C:\Users\matsa\AppData\Local\Temp (java.io.tmpdir)
10:58:09.644 [main] DEBUG io.netty.util.internal.PlatformDependent -- -Dio.netty.bitMode: 64 (sun.arch.data.model)
10:58:09.644 [main] DEBUG io.netty.util.internal.PlatformDependent -- Platform: Windows
10:58:09.644 [main] DEBUG io.netty.util.internal.PlatformDependent -- -Dio.netty.maxDirectMemory: -1 bytes
10:58:09.644 [main] DEBUG io.netty.util.internal.PlatformDependent -- -Dio.netty.uninitializedArrayAllocationThreshold: -1
10:58:09.644 [main] DEBUG io.netty.util.internal.CleanerJava9 -- java.nio.ByteBuffer.cleaner(): available
10:58:09.644 [main] DEBUG io.netty.util.internal.PlatformDependent -- -Dio.netty.noPreferDirect: false
10:58:09.844 [main] DEBUG org.apache.http.client.protocol.RequestAddCookies -- CookieSpec selected: karate
10:58:09.844 [main] DEBUG org.apache.http.client.protocol.RequestAuthCache -- Auth cache not set in the context
10:58:09.856 [main] DEBUG com.intuit.karate -- request:
1 > POST https://api.escuelajs.co/api/v1/products
1 > Content-Type: application/json; charset=UTF-8
1 > Content-Length: 162
1 > Host: api.escuelajs.co
1 > Connection: Keep-Alive
1 > User-Agent: Apache-HttpClient/4.5.14 (Java/21.0.6)
1 > Accept-Encoding: gzip,deflate
{"title":"Sample Test 5","price":65,"description":"This is a test product created using Karate","categoryId":1,"images":["https:\/\/placeimg.com\/640\/480\/any"]}

10:58:09.856 [main] DEBUG org.apache.http.impl.conn.PoolingHttpClientConnectionManager -- Connection request: [route: {s}->https://api.escuelajs.co:443][total available: 0; route allocated: 0 of 5; total allocated: 0 of 10]
10:58:09.856 [main] DEBUG org.apache.http.impl.conn.PoolingHttpClientConnectionManager -- Connection leased: [id: 0][route: {s}->https://api.escuelajs.co:443][total available: 0; route allocated: 1 of 5; total allocated: 1 of 10]
10:58:09.856 [main] DEBUG org.apache.http.impl.execchain.MainClientExec -- Opening connection {s}->https://api.escuelajs.co:443
10:58:10.001 [main] DEBUG org.apache.http.impl.conn.DefaultHttpClientConnectionOperator -- Connecting to api.escuelajs.co/35.71.145.101:443
10:58:10.001 [main] DEBUG org.apache.http.conn.ssl.SSLConnectionSocketFactory -- Connecting socket to api.escuelajs.co/35.71.145.101:443 with timeout 30000
10:58:10.305 [main] DEBUG org.apache.http.conn.ssl.SSLConnectionSocketFactory -- Enabled protocols: [TLSv1.3, TLSv1.2]
10:58:10.305 [main] DEBUG org.apache.http.conn.ssl.SSLConnectionSocketFactory -- Enabled cipher suites:[TLS_AES_256_GCM_SHA384, TLS_AES_128_GCM_SHA256, TLS_CHACHA20_POLY1305_SHA256, TLS_ECDHE_ECDSA_WITH_AES_256_GCM_SHA384, TLS_ECDHE_ECDSA_WITH_AES_128_GCM_SHA256, TLS_ECDHE_ECDSA_WITH_CHACHA20_POLY1305_SHA256, TLS_ECDHE_RSA_WITH_AES_256_GCM_SHA384, TLS_ECDHE_RSA_WITH_CHACHA20_POLY1305_SHA256, TLS_ECDHE_RSA_WITH_AES_128_GCM_SHA256, TLS_DHE_RSA_WITH_AES_256_GCM_SHA384, TLS_DHE_RSA_WITH_CHACHA20_POLY1305_SHA256, TLS_DHE_DSS_WITH_AES_256_GCM_SHA384, TLS_DHE_RSA_WITH_AES_128_GCM_SHA256, TLS_DHE_DSS_WITH_AES_128_GCM_SHA256, TLS_ECDHE_ECDSA_WITH_AES_256_CBC_SHA384, TLS_ECDHE_RSA_WITH_AES_256_CBC_SHA384, TLS_ECDHE_ECDSA_WITH_AES_128_CBC_SHA256, TLS_ECDHE_RSA_WITH_AES_128_CBC_SHA256, TLS_DHE_RSA_WITH_AES_256_CBC_SHA256, TLS_DHE_DSS_WITH_AES_256_CBC_SHA256, TLS_DHE_RSA_WITH_AES_128_CBC_SHA256, TLS_DHE_DSS_WITH_AES_128_CBC_SHA256, TLS_ECDHE_ECDSA_WITH_AES_256_CBC_SHA, TLS_ECDHE_RSA_WITH_AES_256_CBC_SHA, TLS_ECDHE_ECDSA_WITH_AES_128_CBC_SHA, TLS_ECDHE_RSA_WITH_AES_128_CBC_SHA, TLS_DHE_RSA_WITH_AES_256_CBC_SHA, TLS_DHE_DSS_WITH_AES_256_CBC_SHA, TLS_DHE_RSA_WITH_AES_128_CBC_SHA, TLS_DHE_DSS_WITH_AES_128_CBC_SHA, TLS_RSA_WITH_AES_256_GCM_SHA384, TLS_RSA_WITH_AES_128_GCM_SHA256, TLS_RSA_WITH_AES_256_CBC_SHA256, TLS_RSA_WITH_AES_128_CBC_SHA256, TLS_RSA_WITH_AES_256_CBC_SHA, TLS_RSA_WITH_AES_128_CBC_SHA, TLS_EMPTY_RENEGOTIATION_INFO_SCSV]
10:58:10.305 [main] DEBUG org.apache.http.conn.ssl.SSLConnectionSocketFactory -- Starting handshake
10:58:10.802 [main] DEBUG org.apache.http.conn.ssl.SSLConnectionSocketFactory -- Secure session established
10:58:10.802 [main] DEBUG org.apache.http.conn.ssl.SSLConnectionSocketFactory --  negotiated protocol: TLSv1.3
10:58:10.802 [main] DEBUG org.apache.http.conn.ssl.SSLConnectionSocketFactory --  negotiated cipher suite: TLS_AES_128_GCM_SHA256
10:58:10.802 [main] DEBUG org.apache.http.conn.ssl.SSLConnectionSocketFactory --  peer principal: CN=api.escuelajs.co
10:58:10.802 [main] DEBUG org.apache.http.conn.ssl.SSLConnectionSocketFactory --  peer alternative names: [api.escuelajs.co]
10:58:10.802 [main] DEBUG org.apache.http.conn.ssl.SSLConnectionSocketFactory --  issuer principal: CN=R11, O=Let's Encrypt, C=US
10:58:10.802 [main] DEBUG org.apache.http.impl.conn.DefaultHttpClientConnectionOperator -- Connection established 192.168.31.107:54597<->35.71.145.101:443
10:58:10.802 [main] DEBUG org.apache.http.impl.conn.DefaultManagedHttpClientConnection -- http-outgoing-0: set socket timeout to 30000
10:58:10.802 [main] DEBUG org.apache.http.impl.execchain.MainClientExec -- Executing request POST /api/v1/products HTTP/1.1
10:58:10.802 [main] DEBUG org.apache.http.impl.execchain.MainClientExec -- Target auth state: UNCHALLENGED
10:58:10.815 [main] DEBUG org.apache.http.impl.execchain.MainClientExec -- Proxy auth state: UNCHALLENGED
10:58:10.816 [main] DEBUG org.apache.http.headers -- http-outgoing-0 >> POST /api/v1/products HTTP/1.1
10:58:10.816 [main] DEBUG org.apache.http.headers -- http-outgoing-0 >> Content-Type: application/json; charset=UTF-8
10:58:10.816 [main] DEBUG org.apache.http.headers -- http-outgoing-0 >> Content-Length: 162
10:58:10.816 [main] DEBUG org.apache.http.headers -- http-outgoing-0 >> Host: api.escuelajs.co
10:58:10.817 [main] DEBUG org.apache.http.headers -- http-outgoing-0 >> Connection: Keep-Alive
10:58:10.817 [main] DEBUG org.apache.http.headers -- http-outgoing-0 >> User-Agent: Apache-HttpClient/4.5.14 (Java/21.0.6)
10:58:10.817 [main] DEBUG org.apache.http.headers -- http-outgoing-0 >> Accept-Encoding: gzip,deflate
10:58:10.817 [main] DEBUG org.apache.http.wire -- http-outgoing-0 >> "POST /api/v1/products HTTP/1.1[\r][\n]"
10:58:10.817 [main] DEBUG org.apache.http.wire -- http-outgoing-0 >> "Content-Type: application/json; charset=UTF-8[\r][\n]"
10:58:10.817 [main] DEBUG org.apache.http.wire -- http-outgoing-0 >> "Content-Length: 162[\r][\n]"
10:58:10.817 [main] DEBUG org.apache.http.wire -- http-outgoing-0 >> "Host: api.escuelajs.co[\r][\n]"
10:58:10.817 [main] DEBUG org.apache.http.wire -- http-outgoing-0 >> "Connection: Keep-Alive[\r][\n]"
10:58:10.817 [main] DEBUG org.apache.http.wire -- http-outgoing-0 >> "User-Agent: Apache-HttpClient/4.5.14 (Java/21.0.6)[\r][\n]"
10:58:10.817 [main] DEBUG org.apache.http.wire -- http-outgoing-0 >> "Accept-Encoding: gzip,deflate[\r][\n]"
10:58:10.817 [main] DEBUG org.apache.http.wire -- http-outgoing-0 >> "[\r][\n]"
10:58:10.817 [main] DEBUG org.apache.http.wire -- http-outgoing-0 >> "{"title":"Sample Test 5","price":65,"description":"This is a test product created using Karate","categoryId":1,"images":["https:\/\/placeimg.com\/640\/480\/any"]}"
10:58:11.396 [main] DEBUG org.apache.http.wire -- http-outgoing-0 << "HTTP/1.1 201 Created[\r][\n]"
10:58:11.396 [main] DEBUG org.apache.http.wire -- http-outgoing-0 << "Access-Control-Allow-Origin: *[\r][\n]"
10:58:11.396 [main] DEBUG org.apache.http.wire -- http-outgoing-0 << "Content-Length: 428[\r][\n]"
10:58:11.396 [main] DEBUG org.apache.http.wire -- http-outgoing-0 << "Content-Security-Policy: script-src 'self' 'unsafe-inline' https://cdn.jsdelivr.net;img-src 'self' data: https://cdn.jsdelivr.net;default-src 'self';base-uri 'self';font-src 'self' https: data:;form-action 'self';frame-ancestors 'self';object-src 'none';script-src-attr 'none';style-src 'self' https: 'unsafe-inline';upgrade-insecure-requests[\r][\n]"
10:58:11.396 [main] DEBUG org.apache.http.wire -- http-outgoing-0 << "Content-Type: application/json; charset=utf-8[\r][\n]"
10:58:11.396 [main] DEBUG org.apache.http.wire -- http-outgoing-0 << "Cross-Origin-Opener-Policy: same-origin[\r][\n]"
10:58:11.396 [main] DEBUG org.apache.http.wire -- http-outgoing-0 << "Cross-Origin-Resource-Policy: same-origin[\r][\n]"
10:58:11.396 [main] DEBUG org.apache.http.wire -- http-outgoing-0 << "Date: Mon, 16 Jun 2025 05:28:10 GMT[\r][\n]"
10:58:11.396 [main] DEBUG org.apache.http.wire -- http-outgoing-0 << "Etag: W/"1ac-916o8+kjONmaCXku4YW05ZGWHOY"[\r][\n]"
10:58:11.396 [main] DEBUG org.apache.http.wire -- http-outgoing-0 << "Nel: {"report_to":"heroku-nel","response_headers":["Via"],"max_age":3600,"success_fraction":0.01,"failure_fraction":0.1}[\r][\n]"
10:58:11.396 [main] DEBUG org.apache.http.wire -- http-outgoing-0 << "Origin-Agent-Cluster: ?1[\r][\n]"
10:58:11.396 [main] DEBUG org.apache.http.wire -- http-outgoing-0 << "Referrer-Policy: no-referrer[\r][\n]"
10:58:11.396 [main] DEBUG org.apache.http.wire -- http-outgoing-0 << "Report-To: {"group":"heroku-nel","endpoints":[{"url":"https://nel.heroku.com/reports?s=0nDAe9rQiKxGygV4H1y25tZdnxwRh%2B%2BXKeaT%2FgEOCiM%3D\u0026sid=c46efe9b-d3d2-4a0c-8c76-bfafa16c5add\u0026ts=1750051690"}],"max_age":3600}[\r][\n]"
10:58:11.396 [main] DEBUG org.apache.http.wire -- http-outgoing-0 << "Reporting-Endpoints: heroku-nel="https://nel.heroku.com/reports?s=0nDAe9rQiKxGygV4H1y25tZdnxwRh%2B%2BXKeaT%2FgEOCiM%3D&sid=c46efe9b-d3d2-4a0c-8c76-bfafa1"
10:58:11.411 [main] DEBUG org.apache.http.wire -- http-outgoing-0 << "6c5add&ts=1750051690"[\r][\n]"
10:58:11.411 [main] DEBUG org.apache.http.wire -- http-outgoing-0 << "Server: Heroku[\r][\n]"
10:58:11.411 [main] DEBUG org.apache.http.wire -- http-outgoing-0 << "Strict-Transport-Security: max-age=31536000; includeSubDomains[\r][\n]"
10:58:11.411 [main] DEBUG org.apache.http.wire -- http-outgoing-0 << "Via: 1.1 heroku-router[\r][\n]"
10:58:11.411 [main] DEBUG org.apache.http.wire -- http-outgoing-0 << "X-Content-Type-Options: nosniff[\r][\n]"
10:58:11.411 [main] DEBUG org.apache.http.wire -- http-outgoing-0 << "X-Dns-Prefetch-Control: off[\r][\n]"
10:58:11.411 [main] DEBUG org.apache.http.wire -- http-outgoing-0 << "X-Download-Options: noopen[\r][\n]"
10:58:11.411 [main] DEBUG org.apache.http.wire -- http-outgoing-0 << "X-Frame-Options: SAMEORIGIN[\r][\n]"
10:58:11.411 [main] DEBUG org.apache.http.wire -- http-outgoing-0 << "X-Permitted-Cross-Domain-Policies: none[\r][\n]"
10:58:11.411 [main] DEBUG org.apache.http.wire -- http-outgoing-0 << "X-Xss-Protection: 0[\r][\n]"
10:58:11.411 [main] DEBUG org.apache.http.wire -- http-outgoing-0 << "[\r][\n]"
10:58:11.411 [main] DEBUG org.apache.http.wire -- http-outgoing-0 << "{"id":73,"title":"Sample Test 5","slug":"sample-test-5","price":65,"description":"This is a test product created using Karate","category":{"id":1,"name":"Clothes","slug":"clothes","image":"https://i.imgur.com/QkIa5tT.jpeg","creationAt":"2025-06-16T03:56:18.000Z","updatedAt":"2025-06-16T03:56:18.000Z"},"images":["https://placeimg.com/640/480/any"],"creationAt":"2025-06-16T05:28:10.000Z","updatedAt":"2025-06-16T05:28:10.000Z"}"
10:58:11.411 [main] DEBUG org.apache.http.headers -- http-outgoing-0 << HTTP/1.1 201 Created
10:58:11.411 [main] DEBUG org.apache.http.headers -- http-outgoing-0 << Access-Control-Allow-Origin: *
10:58:11.411 [main] DEBUG org.apache.http.headers -- http-outgoing-0 << Content-Length: 428
10:58:11.411 [main] DEBUG org.apache.http.headers -- http-outgoing-0 << Content-Security-Policy: script-src 'self' 'unsafe-inline' https://cdn.jsdelivr.net;img-src 'self' data: https://cdn.jsdelivr.net;default-src 'self';base-uri 'self';font-src 'self' https: data:;form-action 'self';frame-ancestors 'self';object-src 'none';script-src-attr 'none';style-src 'self' https: 'unsafe-inline';upgrade-insecure-requests
10:58:11.411 [main] DEBUG org.apache.http.headers -- http-outgoing-0 << Content-Type: application/json; charset=utf-8
10:58:11.411 [main] DEBUG org.apache.http.headers -- http-outgoing-0 << Cross-Origin-Opener-Policy: same-origin
10:58:11.411 [main] DEBUG org.apache.http.headers -- http-outgoing-0 << Cross-Origin-Resource-Policy: same-origin
10:58:11.411 [main] DEBUG org.apache.http.headers -- http-outgoing-0 << Date: Mon, 16 Jun 2025 05:28:10 GMT
10:58:11.411 [main] DEBUG org.apache.http.headers -- http-outgoing-0 << Etag: W/"1ac-916o8+kjONmaCXku4YW05ZGWHOY"
10:58:11.411 [main] DEBUG org.apache.http.headers -- http-outgoing-0 << Nel: {"report_to":"heroku-nel","response_headers":["Via"],"max_age":3600,"success_fraction":0.01,"failure_fraction":0.1}
10:58:11.411 [main] DEBUG org.apache.http.headers -- http-outgoing-0 << Origin-Agent-Cluster: ?1
10:58:11.411 [main] DEBUG org.apache.http.headers -- http-outgoing-0 << Referrer-Policy: no-referrer
10:58:11.411 [main] DEBUG org.apache.http.headers -- http-outgoing-0 << Report-To: {"group":"heroku-nel","endpoints":[{"url":"https://nel.heroku.com/reports?s=0nDAe9rQiKxGygV4H1y25tZdnxwRh%2B%2BXKeaT%2FgEOCiM%3D\u0026sid=c46efe9b-d3d2-4a0c-8c76-bfafa16c5add\u0026ts=1750051690"}],"max_age":3600}
10:58:11.411 [main] DEBUG org.apache.http.headers -- http-outgoing-0 << Reporting-Endpoints: heroku-nel="https://nel.heroku.com/reports?s=0nDAe9rQiKxGygV4H1y25tZdnxwRh%2B%2BXKeaT%2FgEOCiM%3D&sid=c46efe9b-d3d2-4a0c-8c76-bfafa16c5add&ts=1750051690"
10:58:11.411 [main] DEBUG org.apache.http.headers -- http-outgoing-0 << Server: Heroku
10:58:11.411 [main] DEBUG org.apache.http.headers -- http-outgoing-0 << Strict-Transport-Security: max-age=31536000; includeSubDomains
10:58:11.411 [main] DEBUG org.apache.http.headers -- http-outgoing-0 << Via: 1.1 heroku-router
10:58:11.411 [main] DEBUG org.apache.http.headers -- http-outgoing-0 << X-Content-Type-Options: nosniff
10:58:11.411 [main] DEBUG org.apache.http.headers -- http-outgoing-0 << X-Dns-Prefetch-Control: off
10:58:11.411 [main] DEBUG org.apache.http.headers -- http-outgoing-0 << X-Download-Options: noopen
10:58:11.411 [main] DEBUG org.apache.http.headers -- http-outgoing-0 << X-Frame-Options: SAMEORIGIN
10:58:11.411 [main] DEBUG org.apache.http.headers -- http-outgoing-0 << X-Permitted-Cross-Domain-Policies: none
10:58:11.411 [main] DEBUG org.apache.http.headers -- http-outgoing-0 << X-Xss-Protection: 0
10:58:11.411 [main] DEBUG org.apache.http.impl.execchain.MainClientExec -- Connection can be kept alive indefinitely
10:58:11.411 [main] DEBUG org.apache.http.impl.conn.PoolingHttpClientConnectionManager -- Connection [id: 0][route: {s}->https://api.escuelajs.co:443] can be kept alive indefinitely
10:58:11.411 [main] DEBUG org.apache.http.impl.conn.DefaultManagedHttpClientConnection -- http-outgoing-0: set socket timeout to 0
10:58:11.411 [main] DEBUG org.apache.http.impl.conn.PoolingHttpClientConnectionManager -- Connection released: [id: 0][route: {s}->https://api.escuelajs.co:443][total available: 1; route allocated: 1 of 5; total allocated: 1 of 10]
10:58:11.411 [main] DEBUG org.apache.http.impl.conn.PoolingHttpClientConnectionManager -- Connection manager is shutting down
10:58:11.411 [main] DEBUG org.apache.http.impl.conn.DefaultManagedHttpClientConnection -- http-outgoing-0: Close connection
10:58:11.411 [main] DEBUG org.apache.http.impl.conn.PoolingHttpClientConnectionManager -- Connection manager shut down
10:58:11.411 [main] DEBUG com.intuit.karate -- response time in milliseconds: 1555
1 < 201
1 < Access-Control-Allow-Origin: *
1 < Content-Length: 428
1 < Content-Security-Policy: script-src 'self' 'unsafe-inline' https://cdn.jsdelivr.net;img-src 'self' data: https://cdn.jsdelivr.net;default-src 'self';base-uri 'self';font-src 'self' https: data:;form-action 'self';frame-ancestors 'self';object-src 'none';script-src-attr 'none';style-src 'self' https: 'unsafe-inline';upgrade-insecure-requests
1 < Content-Type: application/json; charset=utf-8
1 < Cross-Origin-Opener-Policy: same-origin
1 < Cross-Origin-Resource-Policy: same-origin
1 < Date: Mon, 16 Jun 2025 05:28:10 GMT
1 < Etag: W/"1ac-916o8+kjONmaCXku4YW05ZGWHOY"
1 < Nel: {"report_to":"heroku-nel","response_headers":["Via"],"max_age":3600,"success_fraction":0.01,"failure_fraction":0.1}
1 < Origin-Agent-Cluster: ?1
1 < Referrer-Policy: no-referrer
1 < Report-To: {"group":"heroku-nel","endpoints":[{"url":"https://nel.heroku.com/reports?s=0nDAe9rQiKxGygV4H1y25tZdnxwRh%2B%2BXKeaT%2FgEOCiM%3D\u0026sid=c46efe9b-d3d2-4a0c-8c76-bfafa16c5add\u0026ts=1750051690"}],"max_age":3600}
1 < Reporting-Endpoints: heroku-nel="https://nel.heroku.com/reports?s=0nDAe9rQiKxGygV4H1y25tZdnxwRh%2B%2BXKeaT%2FgEOCiM%3D&sid=c46efe9b-d3d2-4a0c-8c76-bfafa16c5add&ts=1750051690"
1 < Server: Heroku
1 < Strict-Transport-Security: max-age=31536000; includeSubDomains
1 < Via: 1.1 heroku-router
1 < X-Content-Type-Options: nosniff
1 < X-Dns-Prefetch-Control: off
1 < X-Download-Options: noopen
1 < X-Frame-Options: SAMEORIGIN
1 < X-Permitted-Cross-Domain-Policies: none
1 < X-Xss-Protection: 0
{"id":73,"title":"Sample Test 5","slug":"sample-test-5","price":65,"description":"This is a test product created using Karate","category":{"id":1,"name":"Clothes","slug":"clothes","image":"https://i.imgur.com/QkIa5tT.jpeg","creationAt":"2025-06-16T03:56:18.000Z","updatedAt":"2025-06-16T03:56:18.000Z"},"images":["https://placeimg.com/640/480/any"],"creationAt":"2025-06-16T05:28:10.000Z","updatedAt":"2025-06-16T05:28:10.000Z"}

10:58:11.438 [main] INFO com.intuit.karate -- [print] {
  "id": 73,
  "title": "Sample Test 5",
  "slug": "sample-test-5",
  "price": 65,
  "description": "This is a test product created using Karate",
  "category": {
    "id": 1,
    "name": "Clothes",
    "slug": "clothes",
    "image": "https://i.imgur.com/QkIa5tT.jpeg",
    "creationAt": "2025-06-16T03:56:18.000Z",
    "updatedAt": "2025-06-16T03:56:18.000Z"
  },
  "images": [
    "https://placeimg.com/640/480/any"
  ],
  "creationAt": "2025-06-16T05:28:10.000Z",
  "updatedAt": "2025-06-16T05:28:10.000Z"
}
 
10:58:11.440 [main] INFO com.intuit.karate -- [print] 201 
10:58:11.446 [main] DEBUG com.jayway.jsonpath.internal.path.CompiledPath -- Evaluating path: $['title']
10:58:11.456 [main] INFO com.intuit.karate -- [print] Sample Test 5 
10:58:11.456 [main] INFO com.intuit.karate -- [print] 73 
10:58:11.456 [main] INFO com.intuit.karate -- << lock released, cached callonce: read('classpath:features/create-product.feature')
10:58:11.473 [main] DEBUG org.apache.http.client.protocol.RequestAddCookies -- CookieSpec selected: karate
10:58:11.473 [main] DEBUG org.apache.http.client.protocol.RequestAuthCache -- Auth cache not set in the context
10:58:11.473 [main] DEBUG com.intuit.karate -- request:
1 > GET https://api.escuelajs.co/api/v1/products/73
1 > Host: api.escuelajs.co
1 > Connection: Keep-Alive
1 > User-Agent: Apache-HttpClient/4.5.14 (Java/21.0.6)
1 > Accept-Encoding: gzip,deflate


10:58:11.473 [main] DEBUG org.apache.http.impl.conn.PoolingHttpClientConnectionManager -- Connection request: [route: {s}->https://api.escuelajs.co:443][total available: 0; route allocated: 0 of 5; total allocated: 0 of 10]
10:58:11.473 [main] DEBUG org.apache.http.impl.conn.PoolingHttpClientConnectionManager -- Connection leased: [id: 1][route: {s}->https://api.escuelajs.co:443][total available: 0; route allocated: 1 of 5; total allocated: 1 of 10]
10:58:11.473 [main] DEBUG org.apache.http.impl.execchain.MainClientExec -- Opening connection {s}->https://api.escuelajs.co:443
10:58:11.473 [main] DEBUG org.apache.http.impl.conn.DefaultHttpClientConnectionOperator -- Connecting to api.escuelajs.co/35.71.145.101:443
10:58:11.473 [main] DEBUG org.apache.http.conn.ssl.SSLConnectionSocketFactory -- Connecting socket to api.escuelajs.co/35.71.145.101:443 with timeout 30000
10:58:11.738 [main] DEBUG org.apache.http.conn.ssl.SSLConnectionSocketFactory -- Enabled protocols: [TLSv1.3, TLSv1.2]
10:58:11.738 [main] DEBUG org.apache.http.conn.ssl.SSLConnectionSocketFactory -- Enabled cipher suites:[TLS_AES_256_GCM_SHA384, TLS_AES_128_GCM_SHA256, TLS_CHACHA20_POLY1305_SHA256, TLS_ECDHE_ECDSA_WITH_AES_256_GCM_SHA384, TLS_ECDHE_ECDSA_WITH_AES_128_GCM_SHA256, TLS_ECDHE_ECDSA_WITH_CHACHA20_POLY1305_SHA256, TLS_ECDHE_RSA_WITH_AES_256_GCM_SHA384, TLS_ECDHE_RSA_WITH_CHACHA20_POLY1305_SHA256, TLS_ECDHE_RSA_WITH_AES_128_GCM_SHA256, TLS_DHE_RSA_WITH_AES_256_GCM_SHA384, TLS_DHE_RSA_WITH_CHACHA20_POLY1305_SHA256, TLS_DHE_DSS_WITH_AES_256_GCM_SHA384, TLS_DHE_RSA_WITH_AES_128_GCM_SHA256, TLS_DHE_DSS_WITH_AES_128_GCM_SHA256, TLS_ECDHE_ECDSA_WITH_AES_256_CBC_SHA384, TLS_ECDHE_RSA_WITH_AES_256_CBC_SHA384, TLS_ECDHE_ECDSA_WITH_AES_128_CBC_SHA256, TLS_ECDHE_RSA_WITH_AES_128_CBC_SHA256, TLS_DHE_RSA_WITH_AES_256_CBC_SHA256, TLS_DHE_DSS_WITH_AES_256_CBC_SHA256, TLS_DHE_RSA_WITH_AES_128_CBC_SHA256, TLS_DHE_DSS_WITH_AES_128_CBC_SHA256, TLS_ECDHE_ECDSA_WITH_AES_256_CBC_SHA, TLS_ECDHE_RSA_WITH_AES_256_CBC_SHA, TLS_ECDHE_ECDSA_WITH_AES_128_CBC_SHA, TLS_ECDHE_RSA_WITH_AES_128_CBC_SHA, TLS_DHE_RSA_WITH_AES_256_CBC_SHA, TLS_DHE_DSS_WITH_AES_256_CBC_SHA, TLS_DHE_RSA_WITH_AES_128_CBC_SHA, TLS_DHE_DSS_WITH_AES_128_CBC_SHA, TLS_RSA_WITH_AES_256_GCM_SHA384, TLS_RSA_WITH_AES_128_GCM_SHA256, TLS_RSA_WITH_AES_256_CBC_SHA256, TLS_RSA_WITH_AES_128_CBC_SHA256, TLS_RSA_WITH_AES_256_CBC_SHA, TLS_RSA_WITH_AES_128_CBC_SHA, TLS_EMPTY_RENEGOTIATION_INFO_SCSV]
10:58:11.738 [main] DEBUG org.apache.http.conn.ssl.SSLConnectionSocketFactory -- Starting handshake
10:58:12.017 [main] DEBUG org.apache.http.conn.ssl.SSLConnectionSocketFactory -- Secure session established
10:58:12.017 [main] DEBUG org.apache.http.conn.ssl.SSLConnectionSocketFactory --  negotiated protocol: TLSv1.3
10:58:12.017 [main] DEBUG org.apache.http.conn.ssl.SSLConnectionSocketFactory --  negotiated cipher suite: TLS_AES_128_GCM_SHA256
10:58:12.017 [main] DEBUG org.apache.http.conn.ssl.SSLConnectionSocketFactory --  peer principal: CN=api.escuelajs.co
10:58:12.017 [main] DEBUG org.apache.http.conn.ssl.SSLConnectionSocketFactory --  peer alternative names: [api.escuelajs.co]
10:58:12.017 [main] DEBUG org.apache.http.conn.ssl.SSLConnectionSocketFactory --  issuer principal: CN=R11, O=Let's Encrypt, C=US
10:58:12.017 [main] DEBUG org.apache.http.impl.conn.DefaultHttpClientConnectionOperator -- Connection established 192.168.31.107:54598<->35.71.145.101:443
10:58:12.017 [main] DEBUG org.apache.http.impl.conn.DefaultManagedHttpClientConnection -- http-outgoing-1: set socket timeout to 30000
10:58:12.017 [main] DEBUG org.apache.http.impl.execchain.MainClientExec -- Executing request GET /api/v1/products/73 HTTP/1.1
10:58:12.017 [main] DEBUG org.apache.http.impl.execchain.MainClientExec -- Target auth state: UNCHALLENGED
10:58:12.017 [main] DEBUG org.apache.http.impl.execchain.MainClientExec -- Proxy auth state: UNCHALLENGED
10:58:12.017 [main] DEBUG org.apache.http.headers -- http-outgoing-1 >> GET /api/v1/products/73 HTTP/1.1
10:58:12.017 [main] DEBUG org.apache.http.headers -- http-outgoing-1 >> Host: api.escuelajs.co
10:58:12.017 [main] DEBUG org.apache.http.headers -- http-outgoing-1 >> Connection: Keep-Alive
10:58:12.017 [main] DEBUG org.apache.http.headers -- http-outgoing-1 >> User-Agent: Apache-HttpClient/4.5.14 (Java/21.0.6)
10:58:12.017 [main] DEBUG org.apache.http.headers -- http-outgoing-1 >> Accept-Encoding: gzip,deflate
10:58:12.017 [main] DEBUG org.apache.http.wire -- http-outgoing-1 >> "GET /api/v1/products/73 HTTP/1.1[\r][\n]"
10:58:12.017 [main] DEBUG org.apache.http.wire -- http-outgoing-1 >> "Host: api.escuelajs.co[\r][\n]"
10:58:12.017 [main] DEBUG org.apache.http.wire -- http-outgoing-1 >> "Connection: Keep-Alive[\r][\n]"
10:58:12.017 [main] DEBUG org.apache.http.wire -- http-outgoing-1 >> "User-Agent: Apache-HttpClient/4.5.14 (Java/21.0.6)[\r][\n]"
10:58:12.017 [main] DEBUG org.apache.http.wire -- http-outgoing-1 >> "Accept-Encoding: gzip,deflate[\r][\n]"
10:58:12.017 [main] DEBUG org.apache.http.wire -- http-outgoing-1 >> "[\r][\n]"
10:58:12.285 [main] DEBUG org.apache.http.wire -- http-outgoing-1 << "HTTP/1.1 200 OK[\r][\n]"
10:58:12.285 [main] DEBUG org.apache.http.wire -- http-outgoing-1 << "Access-Control-Allow-Origin: *[\r][\n]"
10:58:12.285 [main] DEBUG org.apache.http.wire -- http-outgoing-1 << "Content-Length: 428[\r][\n]"
10:58:12.285 [main] DEBUG org.apache.http.wire -- http-outgoing-1 << "Content-Security-Policy: script-src 'self' 'unsafe-inline' https://cdn.jsdelivr.net;img-src 'self' data: https://cdn.jsdelivr.net;default-src 'self';base-uri 'self';font-src 'self' https: data:;form-action 'self';frame-ancestors 'self';object-src 'none';script-src-attr 'none';style-src 'self' https: 'unsafe-inline';upgrade-insecure-requests[\r][\n]"
10:58:12.285 [main] DEBUG org.apache.http.wire -- http-outgoing-1 << "Content-Type: application/json; charset=utf-8[\r][\n]"
10:58:12.285 [main] DEBUG org.apache.http.wire -- http-outgoing-1 << "Cross-Origin-Opener-Policy: same-origin[\r][\n]"
10:58:12.285 [main] DEBUG org.apache.http.wire -- http-outgoing-1 << "Cross-Origin-Resource-Policy: same-origin[\r][\n]"
10:58:12.285 [main] DEBUG org.apache.http.wire -- http-outgoing-1 << "Date: Mon, 16 Jun 2025 05:28:11 GMT[\r][\n]"
10:58:12.285 [main] DEBUG org.apache.http.wire -- http-outgoing-1 << "Etag: W/"1ac-916o8+kjONmaCXku4YW05ZGWHOY"[\r][\n]"
10:58:12.285 [main] DEBUG org.apache.http.wire -- http-outgoing-1 << "Nel: {"report_to":"heroku-nel","response_headers":["Via"],"max_age":3600,"success_fraction":0.01,"failure_fraction":0.1}[\r][\n]"
10:58:12.285 [main] DEBUG org.apache.http.wire -- http-outgoing-1 << "Origin-Agent-Cluster: ?1[\r][\n]"
10:58:12.285 [main] DEBUG org.apache.http.wire -- http-outgoing-1 << "Referrer-Policy: no-referrer[\r][\n]"
10:58:12.285 [main] DEBUG org.apache.http.wire -- http-outgoing-1 << "Report-To: {"group":"heroku-nel","endpoints":[{"url":"https://nel.heroku.com/reports?s=SxNRP1QDudrE4WYj9q5gW0c1luFrxx5kJT%2FfYd6J8vw%3D\u0026sid=c46efe9b-d3d2-4a0c-8c76-bfafa16c5add\u0026ts=1750051691"}],"max_age":3600}[\r][\n]"
10:58:12.285 [main] DEBUG org.apache.http.wire -- http-outgoing-1 << "Reporting-Endpoints: heroku-nel="https://nel.heroku.com/reports?s=SxNRP1QDudrE4WYj9q5gW0c1luFrxx5kJT%2FfYd6J8vw%3D&sid=c46efe9b-d3d2-4a0c-8c76-bfafa16c5add&ts=175"
10:58:12.285 [main] DEBUG org.apache.http.wire -- http-outgoing-1 << "0051691"[\r][\n]"
10:58:12.285 [main] DEBUG org.apache.http.wire -- http-outgoing-1 << "Server: Heroku[\r][\n]"
10:58:12.285 [main] DEBUG org.apache.http.wire -- http-outgoing-1 << "Strict-Transport-Security: max-age=31536000; includeSubDomains[\r][\n]"
10:58:12.285 [main] DEBUG org.apache.http.wire -- http-outgoing-1 << "Via: 1.1 heroku-router[\r][\n]"
10:58:12.285 [main] DEBUG org.apache.http.wire -- http-outgoing-1 << "X-Content-Type-Options: nosniff[\r][\n]"
10:58:12.285 [main] DEBUG org.apache.http.wire -- http-outgoing-1 << "X-Dns-Prefetch-Control: off[\r][\n]"
10:58:12.285 [main] DEBUG org.apache.http.wire -- http-outgoing-1 << "X-Download-Options: noopen[\r][\n]"
10:58:12.285 [main] DEBUG org.apache.http.wire -- http-outgoing-1 << "X-Frame-Options: SAMEORIGIN[\r][\n]"
10:58:12.285 [main] DEBUG org.apache.http.wire -- http-outgoing-1 << "X-Permitted-Cross-Domain-Policies: none[\r][\n]"
10:58:12.285 [main] DEBUG org.apache.http.wire -- http-outgoing-1 << "X-Xss-Protection: 0[\r][\n]"
10:58:12.285 [main] DEBUG org.apache.http.wire -- http-outgoing-1 << "[\r][\n]"
10:58:12.285 [main] DEBUG org.apache.http.wire -- http-outgoing-1 << "{"id":73,"title":"Sample Test 5","slug":"sample-test-5","price":65,"description":"This is a test product created using Karate","category":{"id":1,"name":"Clothes","slug":"clothes","image":"https://i.imgur.com/QkIa5tT.jpeg","creationAt":"2025-06-16T03:56:18.000Z","updatedAt":"2025-06-16T03:56:18.000Z"},"images":["https://placeimg.com/640/480/any"],"creationAt":"2025-06-16T05:28:10.000Z","updatedAt":"2025-06-16T05:28:10.000Z"}"
10:58:12.285 [main] DEBUG org.apache.http.headers -- http-outgoing-1 << HTTP/1.1 200 OK
10:58:12.285 [main] DEBUG org.apache.http.headers -- http-outgoing-1 << Access-Control-Allow-Origin: *
10:58:12.285 [main] DEBUG org.apache.http.headers -- http-outgoing-1 << Content-Length: 428
10:58:12.285 [main] DEBUG org.apache.http.headers -- http-outgoing-1 << Content-Security-Policy: script-src 'self' 'unsafe-inline' https://cdn.jsdelivr.net;img-src 'self' data: https://cdn.jsdelivr.net;default-src 'self';base-uri 'self';font-src 'self' https: data:;form-action 'self';frame-ancestors 'self';object-src 'none';script-src-attr 'none';style-src 'self' https: 'unsafe-inline';upgrade-insecure-requests
10:58:12.285 [main] DEBUG org.apache.http.headers -- http-outgoing-1 << Content-Type: application/json; charset=utf-8
10:58:12.285 [main] DEBUG org.apache.http.headers -- http-outgoing-1 << Cross-Origin-Opener-Policy: same-origin
10:58:12.285 [main] DEBUG org.apache.http.headers -- http-outgoing-1 << Cross-Origin-Resource-Policy: same-origin
10:58:12.285 [main] DEBUG org.apache.http.headers -- http-outgoing-1 << Date: Mon, 16 Jun 2025 05:28:11 GMT
10:58:12.285 [main] DEBUG org.apache.http.headers -- http-outgoing-1 << Etag: W/"1ac-916o8+kjONmaCXku4YW05ZGWHOY"
10:58:12.285 [main] DEBUG org.apache.http.headers -- http-outgoing-1 << Nel: {"report_to":"heroku-nel","response_headers":["Via"],"max_age":3600,"success_fraction":0.01,"failure_fraction":0.1}
10:58:12.285 [main] DEBUG org.apache.http.headers -- http-outgoing-1 << Origin-Agent-Cluster: ?1
10:58:12.285 [main] DEBUG org.apache.http.headers -- http-outgoing-1 << Referrer-Policy: no-referrer
10:58:12.285 [main] DEBUG org.apache.http.headers -- http-outgoing-1 << Report-To: {"group":"heroku-nel","endpoints":[{"url":"https://nel.heroku.com/reports?s=SxNRP1QDudrE4WYj9q5gW0c1luFrxx5kJT%2FfYd6J8vw%3D\u0026sid=c46efe9b-d3d2-4a0c-8c76-bfafa16c5add\u0026ts=1750051691"}],"max_age":3600}
10:58:12.285 [main] DEBUG org.apache.http.headers -- http-outgoing-1 << Reporting-Endpoints: heroku-nel="https://nel.heroku.com/reports?s=SxNRP1QDudrE4WYj9q5gW0c1luFrxx5kJT%2FfYd6J8vw%3D&sid=c46efe9b-d3d2-4a0c-8c76-bfafa16c5add&ts=1750051691"
10:58:12.285 [main] DEBUG org.apache.http.headers -- http-outgoing-1 << Server: Heroku
10:58:12.285 [main] DEBUG org.apache.http.headers -- http-outgoing-1 << Strict-Transport-Security: max-age=31536000; includeSubDomains
10:58:12.285 [main] DEBUG org.apache.http.headers -- http-outgoing-1 << Via: 1.1 heroku-router
10:58:12.285 [main] DEBUG org.apache.http.headers -- http-outgoing-1 << X-Content-Type-Options: nosniff
10:58:12.285 [main] DEBUG org.apache.http.headers -- http-outgoing-1 << X-Dns-Prefetch-Control: off
10:58:12.285 [main] DEBUG org.apache.http.headers -- http-outgoing-1 << X-Download-Options: noopen
10:58:12.285 [main] DEBUG org.apache.http.headers -- http-outgoing-1 << X-Frame-Options: SAMEORIGIN
10:58:12.285 [main] DEBUG org.apache.http.headers -- http-outgoing-1 << X-Permitted-Cross-Domain-Policies: none
10:58:12.285 [main] DEBUG org.apache.http.headers -- http-outgoing-1 << X-Xss-Protection: 0
10:58:12.285 [main] DEBUG org.apache.http.impl.execchain.MainClientExec -- Connection can be kept alive indefinitely
10:58:12.285 [main] DEBUG org.apache.http.impl.conn.PoolingHttpClientConnectionManager -- Connection [id: 1][route: {s}->https://api.escuelajs.co:443] can be kept alive indefinitely
10:58:12.285 [main] DEBUG org.apache.http.impl.conn.DefaultManagedHttpClientConnection -- http-outgoing-1: set socket timeout to 0
10:58:12.285 [main] DEBUG org.apache.http.impl.conn.PoolingHttpClientConnectionManager -- Connection released: [id: 1][route: {s}->https://api.escuelajs.co:443][total available: 1; route allocated: 1 of 5; total allocated: 1 of 10]
10:58:12.285 [main] DEBUG org.apache.http.impl.conn.PoolingHttpClientConnectionManager -- Connection manager is shutting down
10:58:12.285 [main] DEBUG org.apache.http.impl.conn.DefaultManagedHttpClientConnection -- http-outgoing-1: Close connection
10:58:12.285 [main] DEBUG org.apache.http.impl.conn.PoolingHttpClientConnectionManager -- Connection manager shut down
10:58:12.285 [main] DEBUG com.intuit.karate -- response time in milliseconds: 812
1 < 200
1 < Access-Control-Allow-Origin: *
1 < Content-Length: 428
1 < Content-Security-Policy: script-src 'self' 'unsafe-inline' https://cdn.jsdelivr.net;img-src 'self' data: https://cdn.jsdelivr.net;default-src 'self';base-uri 'self';font-src 'self' https: data:;form-action 'self';frame-ancestors 'self';object-src 'none';script-src-attr 'none';style-src 'self' https: 'unsafe-inline';upgrade-insecure-requests
1 < Content-Type: application/json; charset=utf-8
1 < Cross-Origin-Opener-Policy: same-origin
1 < Cross-Origin-Resource-Policy: same-origin
1 < Date: Mon, 16 Jun 2025 05:28:11 GMT
1 < Etag: W/"1ac-916o8+kjONmaCXku4YW05ZGWHOY"
1 < Nel: {"report_to":"heroku-nel","response_headers":["Via"],"max_age":3600,"success_fraction":0.01,"failure_fraction":0.1}
1 < Origin-Agent-Cluster: ?1
1 < Referrer-Policy: no-referrer
1 < Report-To: {"group":"heroku-nel","endpoints":[{"url":"https://nel.heroku.com/reports?s=SxNRP1QDudrE4WYj9q5gW0c1luFrxx5kJT%2FfYd6J8vw%3D\u0026sid=c46efe9b-d3d2-4a0c-8c76-bfafa16c5add\u0026ts=1750051691"}],"max_age":3600}
1 < Reporting-Endpoints: heroku-nel="https://nel.heroku.com/reports?s=SxNRP1QDudrE4WYj9q5gW0c1luFrxx5kJT%2FfYd6J8vw%3D&sid=c46efe9b-d3d2-4a0c-8c76-bfafa16c5add&ts=1750051691"
1 < Server: Heroku
1 < Strict-Transport-Security: max-age=31536000; includeSubDomains
1 < Via: 1.1 heroku-router
1 < X-Content-Type-Options: nosniff
1 < X-Dns-Prefetch-Control: off
1 < X-Download-Options: noopen
1 < X-Frame-Options: SAMEORIGIN
1 < X-Permitted-Cross-Domain-Policies: none
1 < X-Xss-Protection: 0
{"id":73,"title":"Sample Test 5","slug":"sample-test-5","price":65,"description":"This is a test product created using Karate","category":{"id":1,"name":"Clothes","slug":"clothes","image":"https://i.imgur.com/QkIa5tT.jpeg","creationAt":"2025-06-16T03:56:18.000Z","updatedAt":"2025-06-16T03:56:18.000Z"},"images":["https://placeimg.com/640/480/any"],"creationAt":"2025-06-16T05:28:10.000Z","updatedAt":"2025-06-16T05:28:10.000Z"}

10:58:12.285 [main] INFO com.intuit.karate -- [print] {
  "id": 73,
  "title": "Sample Test 5",
  "slug": "sample-test-5",
  "price": 65,
  "description": "This is a test product created using Karate",
  "category": {
    "id": 1,
    "name": "Clothes",
    "slug": "clothes",
    "image": "https://i.imgur.com/QkIa5tT.jpeg",
    "creationAt": "2025-06-16T03:56:18.000Z",
    "updatedAt": "2025-06-16T03:56:18.000Z"
  },
  "images": [
    "https://placeimg.com/640/480/any"
  ],
  "creationAt": "2025-06-16T05:28:10.000Z",
  "updatedAt": "2025-06-16T05:28:10.000Z"
}
 
10:58:12.285 [main] INFO com.intuit.karate -- [print] 200 
10:58:12.285 [main] DEBUG com.jayway.jsonpath.internal.path.CompiledPath -- Evaluating path: $['title']
10:58:12.285 [main] DEBUG com.jayway.jsonpath.internal.path.CompiledPath -- Evaluating path: $['price']
10:58:12.285 [main] DEBUG com.jayway.jsonpath.internal.path.CompiledPath -- Evaluating path: $['description']
]]></system-out>
  </testcase>
  <testcase name="[2:23] Update the product (PUT)" classname="features/product-crud" time="1.034">
    <system-out><![CDATA[10:58:12.308 [main] DEBUG com.jayway.jsonpath.internal.path.CompiledPath -- Evaluating path: $
10:58:12.308 [main] DEBUG org.apache.http.client.protocol.RequestAddCookies -- CookieSpec selected: karate
10:58:12.308 [main] DEBUG org.apache.http.client.protocol.RequestAuthCache -- Auth cache not set in the context
10:58:12.308 [main] DEBUG com.intuit.karate -- request:
1 > PUT https://api.escuelajs.co/api/v1/products/73
1 > Content-Type: application/json; charset=UTF-8
1 > Content-Length: 152
1 > Host: api.escuelajs.co
1 > Connection: Keep-Alive
1 > User-Agent: Apache-HttpClient/4.5.14 (Java/21.0.6)
1 > Accept-Encoding: gzip,deflate
{"title":"Sample Test 5","price":56,"description":"Updated description using Karate","categoryId":1,"images":["https:\/\/placeimg.com\/640\/480\/tech"]}

10:58:12.308 [main] DEBUG org.apache.http.impl.conn.PoolingHttpClientConnectionManager -- Connection request: [route: {s}->https://api.escuelajs.co:443][total available: 0; route allocated: 0 of 5; total allocated: 0 of 10]
10:58:12.308 [main] DEBUG org.apache.http.impl.conn.PoolingHttpClientConnectionManager -- Connection leased: [id: 2][route: {s}->https://api.escuelajs.co:443][total available: 0; route allocated: 1 of 5; total allocated: 1 of 10]
10:58:12.308 [main] DEBUG org.apache.http.impl.execchain.MainClientExec -- Opening connection {s}->https://api.escuelajs.co:443
10:58:12.308 [main] DEBUG org.apache.http.impl.conn.DefaultHttpClientConnectionOperator -- Connecting to api.escuelajs.co/35.71.145.101:443
10:58:12.308 [main] DEBUG org.apache.http.conn.ssl.SSLConnectionSocketFactory -- Connecting socket to api.escuelajs.co/35.71.145.101:443 with timeout 30000
10:58:12.587 [main] DEBUG org.apache.http.conn.ssl.SSLConnectionSocketFactory -- Enabled protocols: [TLSv1.3, TLSv1.2]
10:58:12.587 [main] DEBUG org.apache.http.conn.ssl.SSLConnectionSocketFactory -- Enabled cipher suites:[TLS_AES_256_GCM_SHA384, TLS_AES_128_GCM_SHA256, TLS_CHACHA20_POLY1305_SHA256, TLS_ECDHE_ECDSA_WITH_AES_256_GCM_SHA384, TLS_ECDHE_ECDSA_WITH_AES_128_GCM_SHA256, TLS_ECDHE_ECDSA_WITH_CHACHA20_POLY1305_SHA256, TLS_ECDHE_RSA_WITH_AES_256_GCM_SHA384, TLS_ECDHE_RSA_WITH_CHACHA20_POLY1305_SHA256, TLS_ECDHE_RSA_WITH_AES_128_GCM_SHA256, TLS_DHE_RSA_WITH_AES_256_GCM_SHA384, TLS_DHE_RSA_WITH_CHACHA20_POLY1305_SHA256, TLS_DHE_DSS_WITH_AES_256_GCM_SHA384, TLS_DHE_RSA_WITH_AES_128_GCM_SHA256, TLS_DHE_DSS_WITH_AES_128_GCM_SHA256, TLS_ECDHE_ECDSA_WITH_AES_256_CBC_SHA384, TLS_ECDHE_RSA_WITH_AES_256_CBC_SHA384, TLS_ECDHE_ECDSA_WITH_AES_128_CBC_SHA256, TLS_ECDHE_RSA_WITH_AES_128_CBC_SHA256, TLS_DHE_RSA_WITH_AES_256_CBC_SHA256, TLS_DHE_DSS_WITH_AES_256_CBC_SHA256, TLS_DHE_RSA_WITH_AES_128_CBC_SHA256, TLS_DHE_DSS_WITH_AES_128_CBC_SHA256, TLS_ECDHE_ECDSA_WITH_AES_256_CBC_SHA, TLS_ECDHE_RSA_WITH_AES_256_CBC_SHA, TLS_ECDHE_ECDSA_WITH_AES_128_CBC_SHA, TLS_ECDHE_RSA_WITH_AES_128_CBC_SHA, TLS_DHE_RSA_WITH_AES_256_CBC_SHA, TLS_DHE_DSS_WITH_AES_256_CBC_SHA, TLS_DHE_RSA_WITH_AES_128_CBC_SHA, TLS_DHE_DSS_WITH_AES_128_CBC_SHA, TLS_RSA_WITH_AES_256_GCM_SHA384, TLS_RSA_WITH_AES_128_GCM_SHA256, TLS_RSA_WITH_AES_256_CBC_SHA256, TLS_RSA_WITH_AES_128_CBC_SHA256, TLS_RSA_WITH_AES_256_CBC_SHA, TLS_RSA_WITH_AES_128_CBC_SHA, TLS_EMPTY_RENEGOTIATION_INFO_SCSV]
10:58:12.587 [main] DEBUG org.apache.http.conn.ssl.SSLConnectionSocketFactory -- Starting handshake
10:58:12.864 [main] DEBUG org.apache.http.conn.ssl.SSLConnectionSocketFactory -- Secure session established
10:58:12.864 [main] DEBUG org.apache.http.conn.ssl.SSLConnectionSocketFactory --  negotiated protocol: TLSv1.3
10:58:12.864 [main] DEBUG org.apache.http.conn.ssl.SSLConnectionSocketFactory --  negotiated cipher suite: TLS_AES_128_GCM_SHA256
10:58:12.864 [main] DEBUG org.apache.http.conn.ssl.SSLConnectionSocketFactory --  peer principal: CN=api.escuelajs.co
10:58:12.864 [main] DEBUG org.apache.http.conn.ssl.SSLConnectionSocketFactory --  peer alternative names: [api.escuelajs.co]
10:58:12.864 [main] DEBUG org.apache.http.conn.ssl.SSLConnectionSocketFactory --  issuer principal: CN=R11, O=Let's Encrypt, C=US
10:58:12.864 [main] DEBUG org.apache.http.impl.conn.DefaultHttpClientConnectionOperator -- Connection established 192.168.31.107:54599<->35.71.145.101:443
10:58:12.864 [main] DEBUG org.apache.http.impl.conn.DefaultManagedHttpClientConnection -- http-outgoing-2: set socket timeout to 30000
10:58:12.864 [main] DEBUG org.apache.http.impl.execchain.MainClientExec -- Executing request PUT /api/v1/products/73 HTTP/1.1
10:58:12.864 [main] DEBUG org.apache.http.impl.execchain.MainClientExec -- Target auth state: UNCHALLENGED
10:58:12.864 [main] DEBUG org.apache.http.impl.execchain.MainClientExec -- Proxy auth state: UNCHALLENGED
10:58:12.864 [main] DEBUG org.apache.http.headers -- http-outgoing-2 >> PUT /api/v1/products/73 HTTP/1.1
10:58:12.864 [main] DEBUG org.apache.http.headers -- http-outgoing-2 >> Content-Type: application/json; charset=UTF-8
10:58:12.864 [main] DEBUG org.apache.http.headers -- http-outgoing-2 >> Content-Length: 152
10:58:12.864 [main] DEBUG org.apache.http.headers -- http-outgoing-2 >> Host: api.escuelajs.co
10:58:12.864 [main] DEBUG org.apache.http.headers -- http-outgoing-2 >> Connection: Keep-Alive
10:58:12.864 [main] DEBUG org.apache.http.headers -- http-outgoing-2 >> User-Agent: Apache-HttpClient/4.5.14 (Java/21.0.6)
10:58:12.864 [main] DEBUG org.apache.http.headers -- http-outgoing-2 >> Accept-Encoding: gzip,deflate
10:58:12.864 [main] DEBUG org.apache.http.wire -- http-outgoing-2 >> "PUT /api/v1/products/73 HTTP/1.1[\r][\n]"
10:58:12.864 [main] DEBUG org.apache.http.wire -- http-outgoing-2 >> "Content-Type: application/json; charset=UTF-8[\r][\n]"
10:58:12.864 [main] DEBUG org.apache.http.wire -- http-outgoing-2 >> "Content-Length: 152[\r][\n]"
10:58:12.864 [main] DEBUG org.apache.http.wire -- http-outgoing-2 >> "Host: api.escuelajs.co[\r][\n]"
10:58:12.864 [main] DEBUG org.apache.http.wire -- http-outgoing-2 >> "Connection: Keep-Alive[\r][\n]"
10:58:12.864 [main] DEBUG org.apache.http.wire -- http-outgoing-2 >> "User-Agent: Apache-HttpClient/4.5.14 (Java/21.0.6)[\r][\n]"
10:58:12.864 [main] DEBUG org.apache.http.wire -- http-outgoing-2 >> "Accept-Encoding: gzip,deflate[\r][\n]"
10:58:12.864 [main] DEBUG org.apache.http.wire -- http-outgoing-2 >> "[\r][\n]"
10:58:12.864 [main] DEBUG org.apache.http.wire -- http-outgoing-2 >> "{"title":"Sample Test 5","price":56,"description":"Updated description using Karate","categoryId":1,"images":["https:\/\/placeimg.com\/640\/480\/tech"]}"
10:58:13.318 [main] DEBUG org.apache.http.wire -- http-outgoing-2 << "HTTP/1.1 200 OK[\r][\n]"
10:58:13.318 [main] DEBUG org.apache.http.wire -- http-outgoing-2 << "Access-Control-Allow-Origin: *[\r][\n]"
10:58:13.318 [main] DEBUG org.apache.http.wire -- http-outgoing-2 << "Content-Length: 418[\r][\n]"
10:58:13.318 [main] DEBUG org.apache.http.wire -- http-outgoing-2 << "Content-Security-Policy: script-src 'self' 'unsafe-inline' https://cdn.jsdelivr.net;img-src 'self' data: https://cdn.jsdelivr.net;default-src 'self';base-uri 'self';font-src 'self' https: data:;form-action 'self';frame-ancestors 'self';object-src 'none';script-src-attr 'none';style-src 'self' https: 'unsafe-inline';upgrade-insecure-requests[\r][\n]"
10:58:13.318 [main] DEBUG org.apache.http.wire -- http-outgoing-2 << "Content-Type: application/json; charset=utf-8[\r][\n]"
10:58:13.318 [main] DEBUG org.apache.http.wire -- http-outgoing-2 << "Cross-Origin-Opener-Policy: same-origin[\r][\n]"
10:58:13.318 [main] DEBUG org.apache.http.wire -- http-outgoing-2 << "Cross-Origin-Resource-Policy: same-origin[\r][\n]"
10:58:13.318 [main] DEBUG org.apache.http.wire -- http-outgoing-2 << "Date: Mon, 16 Jun 2025 05:28:12 GMT[\r][\n]"
10:58:13.318 [main] DEBUG org.apache.http.wire -- http-outgoing-2 << "Etag: W/"1a2-9NuBBRikxe3u1QIs9oJEQVoDwVc"[\r][\n]"
10:58:13.318 [main] DEBUG org.apache.http.wire -- http-outgoing-2 << "Nel: {"report_to":"heroku-nel","response_headers":["Via"],"max_age":3600,"success_fraction":0.01,"failure_fraction":0.1}[\r][\n]"
10:58:13.318 [main] DEBUG org.apache.http.wire -- http-outgoing-2 << "Origin-Agent-Cluster: ?1[\r][\n]"
10:58:13.318 [main] DEBUG org.apache.http.wire -- http-outgoing-2 << "Referrer-Policy: no-referrer[\r][\n]"
10:58:13.318 [main] DEBUG org.apache.http.wire -- http-outgoing-2 << "Report-To: {"group":"heroku-nel","endpoints":[{"url":"https://nel.heroku.com/reports?s=VK6E30WnT8eaKyjwyZqdcwiAoCEiEut4jB2t%2B9%2FBIjo%3D\u0026sid=c46efe9b-d3d2-4a0c-8c76-bfafa16c5add\u0026ts=1750051692"}],"max_age":3600}[\r][\n]"
10:58:13.318 [main] DEBUG org.apache.http.wire -- http-outgoing-2 << "Reporting-Endpoints: heroku-nel="https://nel.heroku.com/reports?s=VK6E30WnT8eaKyjwyZqdcwiAoCEiEut4jB2t%2B9%2FBIjo%3D&sid=c46efe9b-d3d2-4a0c-8c76-bfafa16c5add&ts"
10:58:13.318 [main] DEBUG org.apache.http.wire -- http-outgoing-2 << "=1750051692"[\r][\n]"
10:58:13.318 [main] DEBUG org.apache.http.wire -- http-outgoing-2 << "Server: Heroku[\r][\n]"
10:58:13.318 [main] DEBUG org.apache.http.wire -- http-outgoing-2 << "Strict-Transport-Security: max-age=31536000; includeSubDomains[\r][\n]"
10:58:13.318 [main] DEBUG org.apache.http.wire -- http-outgoing-2 << "Via: 1.1 heroku-router[\r][\n]"
10:58:13.318 [main] DEBUG org.apache.http.wire -- http-outgoing-2 << "X-Content-Type-Options: nosniff[\r][\n]"
10:58:13.318 [main] DEBUG org.apache.http.wire -- http-outgoing-2 << "X-Dns-Prefetch-Control: off[\r][\n]"
10:58:13.318 [main] DEBUG org.apache.http.wire -- http-outgoing-2 << "X-Download-Options: noopen[\r][\n]"
10:58:13.318 [main] DEBUG org.apache.http.wire -- http-outgoing-2 << "X-Frame-Options: SAMEORIGIN[\r][\n]"
10:58:13.318 [main] DEBUG org.apache.http.wire -- http-outgoing-2 << "X-Permitted-Cross-Domain-Policies: none[\r][\n]"
10:58:13.318 [main] DEBUG org.apache.http.wire -- http-outgoing-2 << "X-Xss-Protection: 0[\r][\n]"
10:58:13.318 [main] DEBUG org.apache.http.wire -- http-outgoing-2 << "[\r][\n]"
10:58:13.318 [main] DEBUG org.apache.http.wire -- http-outgoing-2 << "{"id":73,"title":"Sample Test 5","slug":"sample-test-5","price":56,"description":"Updated description using Karate","category":{"id":1,"name":"Clothes","slug":"clothes","image":"https://i.imgur.com/QkIa5tT.jpeg","creationAt":"2025-06-16T03:56:18.000Z","updatedAt":"2025-06-16T03:56:18.000Z"},"images":["https://placeimg.com/640/480/tech"],"creationAt":"2025-06-16T05:28:10.000Z","updatedAt":"2025-06-16T05:28:12.000Z"}"
10:58:13.318 [main] DEBUG org.apache.http.headers -- http-outgoing-2 << HTTP/1.1 200 OK
10:58:13.318 [main] DEBUG org.apache.http.headers -- http-outgoing-2 << Access-Control-Allow-Origin: *
10:58:13.318 [main] DEBUG org.apache.http.headers -- http-outgoing-2 << Content-Length: 418
10:58:13.318 [main] DEBUG org.apache.http.headers -- http-outgoing-2 << Content-Security-Policy: script-src 'self' 'unsafe-inline' https://cdn.jsdelivr.net;img-src 'self' data: https://cdn.jsdelivr.net;default-src 'self';base-uri 'self';font-src 'self' https: data:;form-action 'self';frame-ancestors 'self';object-src 'none';script-src-attr 'none';style-src 'self' https: 'unsafe-inline';upgrade-insecure-requests
10:58:13.318 [main] DEBUG org.apache.http.headers -- http-outgoing-2 << Content-Type: application/json; charset=utf-8
10:58:13.318 [main] DEBUG org.apache.http.headers -- http-outgoing-2 << Cross-Origin-Opener-Policy: same-origin
10:58:13.318 [main] DEBUG org.apache.http.headers -- http-outgoing-2 << Cross-Origin-Resource-Policy: same-origin
10:58:13.318 [main] DEBUG org.apache.http.headers -- http-outgoing-2 << Date: Mon, 16 Jun 2025 05:28:12 GMT
10:58:13.318 [main] DEBUG org.apache.http.headers -- http-outgoing-2 << Etag: W/"1a2-9NuBBRikxe3u1QIs9oJEQVoDwVc"
10:58:13.318 [main] DEBUG org.apache.http.headers -- http-outgoing-2 << Nel: {"report_to":"heroku-nel","response_headers":["Via"],"max_age":3600,"success_fraction":0.01,"failure_fraction":0.1}
10:58:13.318 [main] DEBUG org.apache.http.headers -- http-outgoing-2 << Origin-Agent-Cluster: ?1
10:58:13.318 [main] DEBUG org.apache.http.headers -- http-outgoing-2 << Referrer-Policy: no-referrer
10:58:13.318 [main] DEBUG org.apache.http.headers -- http-outgoing-2 << Report-To: {"group":"heroku-nel","endpoints":[{"url":"https://nel.heroku.com/reports?s=VK6E30WnT8eaKyjwyZqdcwiAoCEiEut4jB2t%2B9%2FBIjo%3D\u0026sid=c46efe9b-d3d2-4a0c-8c76-bfafa16c5add\u0026ts=1750051692"}],"max_age":3600}
10:58:13.318 [main] DEBUG org.apache.http.headers -- http-outgoing-2 << Reporting-Endpoints: heroku-nel="https://nel.heroku.com/reports?s=VK6E30WnT8eaKyjwyZqdcwiAoCEiEut4jB2t%2B9%2FBIjo%3D&sid=c46efe9b-d3d2-4a0c-8c76-bfafa16c5add&ts=1750051692"
10:58:13.318 [main] DEBUG org.apache.http.headers -- http-outgoing-2 << Server: Heroku
10:58:13.333 [main] DEBUG org.apache.http.headers -- http-outgoing-2 << Strict-Transport-Security: max-age=31536000; includeSubDomains
10:58:13.333 [main] DEBUG org.apache.http.headers -- http-outgoing-2 << Via: 1.1 heroku-router
10:58:13.333 [main] DEBUG org.apache.http.headers -- http-outgoing-2 << X-Content-Type-Options: nosniff
10:58:13.333 [main] DEBUG org.apache.http.headers -- http-outgoing-2 << X-Dns-Prefetch-Control: off
10:58:13.333 [main] DEBUG org.apache.http.headers -- http-outgoing-2 << X-Download-Options: noopen
10:58:13.333 [main] DEBUG org.apache.http.headers -- http-outgoing-2 << X-Frame-Options: SAMEORIGIN
10:58:13.333 [main] DEBUG org.apache.http.headers -- http-outgoing-2 << X-Permitted-Cross-Domain-Policies: none
10:58:13.333 [main] DEBUG org.apache.http.headers -- http-outgoing-2 << X-Xss-Protection: 0
10:58:13.333 [main] DEBUG org.apache.http.impl.execchain.MainClientExec -- Connection can be kept alive indefinitely
10:58:13.333 [main] DEBUG org.apache.http.impl.conn.PoolingHttpClientConnectionManager -- Connection [id: 2][route: {s}->https://api.escuelajs.co:443] can be kept alive indefinitely
10:58:13.333 [main] DEBUG org.apache.http.impl.conn.DefaultManagedHttpClientConnection -- http-outgoing-2: set socket timeout to 0
10:58:13.333 [main] DEBUG org.apache.http.impl.conn.PoolingHttpClientConnectionManager -- Connection released: [id: 2][route: {s}->https://api.escuelajs.co:443][total available: 1; route allocated: 1 of 5; total allocated: 1 of 10]
10:58:13.333 [main] DEBUG org.apache.http.impl.conn.PoolingHttpClientConnectionManager -- Connection manager is shutting down
10:58:13.333 [main] DEBUG org.apache.http.impl.conn.DefaultManagedHttpClientConnection -- http-outgoing-2: Close connection
10:58:13.334 [main] DEBUG org.apache.http.impl.conn.PoolingHttpClientConnectionManager -- Connection manager shut down
10:58:13.334 [main] DEBUG com.intuit.karate -- response time in milliseconds: 1025
1 < 200
1 < Access-Control-Allow-Origin: *
1 < Content-Length: 418
1 < Content-Security-Policy: script-src 'self' 'unsafe-inline' https://cdn.jsdelivr.net;img-src 'self' data: https://cdn.jsdelivr.net;default-src 'self';base-uri 'self';font-src 'self' https: data:;form-action 'self';frame-ancestors 'self';object-src 'none';script-src-attr 'none';style-src 'self' https: 'unsafe-inline';upgrade-insecure-requests
1 < Content-Type: application/json; charset=utf-8
1 < Cross-Origin-Opener-Policy: same-origin
1 < Cross-Origin-Resource-Policy: same-origin
1 < Date: Mon, 16 Jun 2025 05:28:12 GMT
1 < Etag: W/"1a2-9NuBBRikxe3u1QIs9oJEQVoDwVc"
1 < Nel: {"report_to":"heroku-nel","response_headers":["Via"],"max_age":3600,"success_fraction":0.01,"failure_fraction":0.1}
1 < Origin-Agent-Cluster: ?1
1 < Referrer-Policy: no-referrer
1 < Report-To: {"group":"heroku-nel","endpoints":[{"url":"https://nel.heroku.com/reports?s=VK6E30WnT8eaKyjwyZqdcwiAoCEiEut4jB2t%2B9%2FBIjo%3D\u0026sid=c46efe9b-d3d2-4a0c-8c76-bfafa16c5add\u0026ts=1750051692"}],"max_age":3600}
1 < Reporting-Endpoints: heroku-nel="https://nel.heroku.com/reports?s=VK6E30WnT8eaKyjwyZqdcwiAoCEiEut4jB2t%2B9%2FBIjo%3D&sid=c46efe9b-d3d2-4a0c-8c76-bfafa16c5add&ts=1750051692"
1 < Server: Heroku
1 < Strict-Transport-Security: max-age=31536000; includeSubDomains
1 < Via: 1.1 heroku-router
1 < X-Content-Type-Options: nosniff
1 < X-Dns-Prefetch-Control: off
1 < X-Download-Options: noopen
1 < X-Frame-Options: SAMEORIGIN
1 < X-Permitted-Cross-Domain-Policies: none
1 < X-Xss-Protection: 0
{"id":73,"title":"Sample Test 5","slug":"sample-test-5","price":56,"description":"Updated description using Karate","category":{"id":1,"name":"Clothes","slug":"clothes","image":"https://i.imgur.com/QkIa5tT.jpeg","creationAt":"2025-06-16T03:56:18.000Z","updatedAt":"2025-06-16T03:56:18.000Z"},"images":["https://placeimg.com/640/480/tech"],"creationAt":"2025-06-16T05:28:10.000Z","updatedAt":"2025-06-16T05:28:12.000Z"}

10:58:13.334 [main] INFO com.intuit.karate -- [print] {
  "id": 73,
  "title": "Sample Test 5",
  "slug": "sample-test-5",
  "price": 56,
  "description": "Updated description using Karate",
  "category": {
    "id": 1,
    "name": "Clothes",
    "slug": "clothes",
    "image": "https://i.imgur.com/QkIa5tT.jpeg",
    "creationAt": "2025-06-16T03:56:18.000Z",
    "updatedAt": "2025-06-16T03:56:18.000Z"
  },
  "images": [
    "https://placeimg.com/640/480/tech"
  ],
  "creationAt": "2025-06-16T05:28:10.000Z",
  "updatedAt": "2025-06-16T05:28:12.000Z"
}
 
10:58:13.334 [main] INFO com.intuit.karate -- [print] 200 
10:58:13.334 [main] DEBUG com.jayway.jsonpath.internal.path.CompiledPath -- Evaluating path: $['title']
10:58:13.334 [main] DEBUG com.jayway.jsonpath.internal.path.CompiledPath -- Evaluating path: $['price']
10:58:13.334 [main] DEBUG com.jayway.jsonpath.internal.path.CompiledPath -- Evaluating path: $['description']
]]></system-out>
  </testcase>
  <testcase name="[3:45] Delete the product (DELETE)" classname="features/product-crud" time="0.821">
    <system-out><![CDATA[10:58:13.355 [main] DEBUG org.apache.http.client.protocol.RequestAddCookies -- CookieSpec selected: karate
10:58:13.356 [main] DEBUG org.apache.http.client.protocol.RequestAuthCache -- Auth cache not set in the context
10:58:13.356 [main] DEBUG com.intuit.karate -- request:
1 > DELETE https://api.escuelajs.co/api/v1/products/73
1 > Host: api.escuelajs.co
1 > Connection: Keep-Alive
1 > User-Agent: Apache-HttpClient/4.5.14 (Java/21.0.6)
1 > Accept-Encoding: gzip,deflate


10:58:13.356 [main] DEBUG org.apache.http.impl.conn.PoolingHttpClientConnectionManager -- Connection request: [route: {s}->https://api.escuelajs.co:443][total available: 0; route allocated: 0 of 5; total allocated: 0 of 10]
10:58:13.356 [main] DEBUG org.apache.http.impl.conn.PoolingHttpClientConnectionManager -- Connection leased: [id: 3][route: {s}->https://api.escuelajs.co:443][total available: 0; route allocated: 1 of 5; total allocated: 1 of 10]
10:58:13.356 [main] DEBUG org.apache.http.impl.execchain.MainClientExec -- Opening connection {s}->https://api.escuelajs.co:443
10:58:13.356 [main] DEBUG org.apache.http.impl.conn.DefaultHttpClientConnectionOperator -- Connecting to api.escuelajs.co/35.71.145.101:443
10:58:13.356 [main] DEBUG org.apache.http.conn.ssl.SSLConnectionSocketFactory -- Connecting socket to api.escuelajs.co/35.71.145.101:443 with timeout 30000
10:58:13.604 [main] DEBUG org.apache.http.conn.ssl.SSLConnectionSocketFactory -- Enabled protocols: [TLSv1.3, TLSv1.2]
10:58:13.604 [main] DEBUG org.apache.http.conn.ssl.SSLConnectionSocketFactory -- Enabled cipher suites:[TLS_AES_256_GCM_SHA384, TLS_AES_128_GCM_SHA256, TLS_CHACHA20_POLY1305_SHA256, TLS_ECDHE_ECDSA_WITH_AES_256_GCM_SHA384, TLS_ECDHE_ECDSA_WITH_AES_128_GCM_SHA256, TLS_ECDHE_ECDSA_WITH_CHACHA20_POLY1305_SHA256, TLS_ECDHE_RSA_WITH_AES_256_GCM_SHA384, TLS_ECDHE_RSA_WITH_CHACHA20_POLY1305_SHA256, TLS_ECDHE_RSA_WITH_AES_128_GCM_SHA256, TLS_DHE_RSA_WITH_AES_256_GCM_SHA384, TLS_DHE_RSA_WITH_CHACHA20_POLY1305_SHA256, TLS_DHE_DSS_WITH_AES_256_GCM_SHA384, TLS_DHE_RSA_WITH_AES_128_GCM_SHA256, TLS_DHE_DSS_WITH_AES_128_GCM_SHA256, TLS_ECDHE_ECDSA_WITH_AES_256_CBC_SHA384, TLS_ECDHE_RSA_WITH_AES_256_CBC_SHA384, TLS_ECDHE_ECDSA_WITH_AES_128_CBC_SHA256, TLS_ECDHE_RSA_WITH_AES_128_CBC_SHA256, TLS_DHE_RSA_WITH_AES_256_CBC_SHA256, TLS_DHE_DSS_WITH_AES_256_CBC_SHA256, TLS_DHE_RSA_WITH_AES_128_CBC_SHA256, TLS_DHE_DSS_WITH_AES_128_CBC_SHA256, TLS_ECDHE_ECDSA_WITH_AES_256_CBC_SHA, TLS_ECDHE_RSA_WITH_AES_256_CBC_SHA, TLS_ECDHE_ECDSA_WITH_AES_128_CBC_SHA, TLS_ECDHE_RSA_WITH_AES_128_CBC_SHA, TLS_DHE_RSA_WITH_AES_256_CBC_SHA, TLS_DHE_DSS_WITH_AES_256_CBC_SHA, TLS_DHE_RSA_WITH_AES_128_CBC_SHA, TLS_DHE_DSS_WITH_AES_128_CBC_SHA, TLS_RSA_WITH_AES_256_GCM_SHA384, TLS_RSA_WITH_AES_128_GCM_SHA256, TLS_RSA_WITH_AES_256_CBC_SHA256, TLS_RSA_WITH_AES_128_CBC_SHA256, TLS_RSA_WITH_AES_256_CBC_SHA, TLS_RSA_WITH_AES_128_CBC_SHA, TLS_EMPTY_RENEGOTIATION_INFO_SCSV]
10:58:13.604 [main] DEBUG org.apache.http.conn.ssl.SSLConnectionSocketFactory -- Starting handshake
10:58:13.885 [main] DEBUG org.apache.http.conn.ssl.SSLConnectionSocketFactory -- Secure session established
10:58:13.885 [main] DEBUG org.apache.http.conn.ssl.SSLConnectionSocketFactory --  negotiated protocol: TLSv1.3
10:58:13.885 [main] DEBUG org.apache.http.conn.ssl.SSLConnectionSocketFactory --  negotiated cipher suite: TLS_AES_128_GCM_SHA256
10:58:13.885 [main] DEBUG org.apache.http.conn.ssl.SSLConnectionSocketFactory --  peer principal: CN=api.escuelajs.co
10:58:13.885 [main] DEBUG org.apache.http.conn.ssl.SSLConnectionSocketFactory --  peer alternative names: [api.escuelajs.co]
10:58:13.885 [main] DEBUG org.apache.http.conn.ssl.SSLConnectionSocketFactory --  issuer principal: CN=R11, O=Let's Encrypt, C=US
10:58:13.885 [main] DEBUG org.apache.http.impl.conn.DefaultHttpClientConnectionOperator -- Connection established 192.168.31.107:54600<->35.71.145.101:443
10:58:13.885 [main] DEBUG org.apache.http.impl.conn.DefaultManagedHttpClientConnection -- http-outgoing-3: set socket timeout to 30000
10:58:13.885 [main] DEBUG org.apache.http.impl.execchain.MainClientExec -- Executing request DELETE /api/v1/products/73 HTTP/1.1
10:58:13.885 [main] DEBUG org.apache.http.impl.execchain.MainClientExec -- Target auth state: UNCHALLENGED
10:58:13.885 [main] DEBUG org.apache.http.impl.execchain.MainClientExec -- Proxy auth state: UNCHALLENGED
10:58:13.885 [main] DEBUG org.apache.http.headers -- http-outgoing-3 >> DELETE /api/v1/products/73 HTTP/1.1
10:58:13.885 [main] DEBUG org.apache.http.headers -- http-outgoing-3 >> Host: api.escuelajs.co
10:58:13.885 [main] DEBUG org.apache.http.headers -- http-outgoing-3 >> Connection: Keep-Alive
10:58:13.885 [main] DEBUG org.apache.http.headers -- http-outgoing-3 >> User-Agent: Apache-HttpClient/4.5.14 (Java/21.0.6)
10:58:13.885 [main] DEBUG org.apache.http.headers -- http-outgoing-3 >> Accept-Encoding: gzip,deflate
10:58:13.885 [main] DEBUG org.apache.http.wire -- http-outgoing-3 >> "DELETE /api/v1/products/73 HTTP/1.1[\r][\n]"
10:58:13.885 [main] DEBUG org.apache.http.wire -- http-outgoing-3 >> "Host: api.escuelajs.co[\r][\n]"
10:58:13.885 [main] DEBUG org.apache.http.wire -- http-outgoing-3 >> "Connection: Keep-Alive[\r][\n]"
10:58:13.885 [main] DEBUG org.apache.http.wire -- http-outgoing-3 >> "User-Agent: Apache-HttpClient/4.5.14 (Java/21.0.6)[\r][\n]"
10:58:13.885 [main] DEBUG org.apache.http.wire -- http-outgoing-3 >> "Accept-Encoding: gzip,deflate[\r][\n]"
10:58:13.885 [main] DEBUG org.apache.http.wire -- http-outgoing-3 >> "[\r][\n]"
10:58:14.153 [main] DEBUG org.apache.http.wire -- http-outgoing-3 << "HTTP/1.1 200 OK[\r][\n]"
10:58:14.153 [main] DEBUG org.apache.http.wire -- http-outgoing-3 << "Access-Control-Allow-Origin: *[\r][\n]"
10:58:14.153 [main] DEBUG org.apache.http.wire -- http-outgoing-3 << "Content-Length: 4[\r][\n]"
10:58:14.154 [main] DEBUG org.apache.http.wire -- http-outgoing-3 << "Content-Security-Policy: script-src 'self' 'unsafe-inline' https://cdn.jsdelivr.net;img-src 'self' data: https://cdn.jsdelivr.net;default-src 'self';base-uri 'self';font-src 'self' https: data:;form-action 'self';frame-ancestors 'self';object-src 'none';script-src-attr 'none';style-src 'self' https: 'unsafe-inline';upgrade-insecure-requests[\r][\n]"
10:58:14.154 [main] DEBUG org.apache.http.wire -- http-outgoing-3 << "Content-Type: text/html; charset=utf-8[\r][\n]"
10:58:14.154 [main] DEBUG org.apache.http.wire -- http-outgoing-3 << "Cross-Origin-Opener-Policy: same-origin[\r][\n]"
10:58:14.154 [main] DEBUG org.apache.http.wire -- http-outgoing-3 << "Cross-Origin-Resource-Policy: same-origin[\r][\n]"
10:58:14.154 [main] DEBUG org.apache.http.wire -- http-outgoing-3 << "Date: Mon, 16 Jun 2025 05:28:13 GMT[\r][\n]"
10:58:14.154 [main] DEBUG org.apache.http.wire -- http-outgoing-3 << "Etag: W/"4-X/5TO4MPCKAyY0ipFgr6/IraRNs"[\r][\n]"
10:58:14.154 [main] DEBUG org.apache.http.wire -- http-outgoing-3 << "Nel: {"report_to":"heroku-nel","response_headers":["Via"],"max_age":3600,"success_fraction":0.01,"failure_fraction":0.1}[\r][\n]"
10:58:14.154 [main] DEBUG org.apache.http.wire -- http-outgoing-3 << "Origin-Agent-Cluster: ?1[\r][\n]"
10:58:14.154 [main] DEBUG org.apache.http.wire -- http-outgoing-3 << "Referrer-Policy: no-referrer[\r][\n]"
10:58:14.154 [main] DEBUG org.apache.http.wire -- http-outgoing-3 << "Report-To: {"group":"heroku-nel","endpoints":[{"url":"https://nel.heroku.com/reports?s=roiK98ureeqQoVKTydSoaAWkQDEXQEFIkjmZlIFIVPo%3D\u0026sid=c46efe9b-d3d2-4a0c-8c76-bfafa16c5add\u0026ts=1750051693"}],"max_age":3600}[\r][\n]"
10:58:14.154 [main] DEBUG org.apache.http.wire -- http-outgoing-3 << "Reporting-Endpoints: heroku-nel="https://nel.heroku.com/reports?s=roiK98ureeqQoVKTydSoaAWkQDEXQEFIkjmZlIFIVPo%3D&sid=c46efe9b-d3d2-4a0c-8c76-bfafa16c5add&ts=1750051693"[\r][\n]"
10:58:14.155 [main] DEBUG org.apache.http.wire -- http-outgoing-3 << "Serve"
10:58:14.155 [main] DEBUG org.apache.http.wire -- http-outgoing-3 << "r: Heroku[\r][\n]"
10:58:14.155 [main] DEBUG org.apache.http.wire -- http-outgoing-3 << "Strict-Transport-Security: max-age=31536000; includeSubDomains[\r][\n]"
10:58:14.155 [main] DEBUG org.apache.http.wire -- http-outgoing-3 << "Via: 1.1 heroku-router[\r][\n]"
10:58:14.155 [main] DEBUG org.apache.http.wire -- http-outgoing-3 << "X-Content-Type-Options: nosniff[\r][\n]"
10:58:14.155 [main] DEBUG org.apache.http.wire -- http-outgoing-3 << "X-Dns-Prefetch-Control: off[\r][\n]"
10:58:14.155 [main] DEBUG org.apache.http.wire -- http-outgoing-3 << "X-Download-Options: noopen[\r][\n]"
10:58:14.155 [main] DEBUG org.apache.http.wire -- http-outgoing-3 << "X-Frame-Options: SAMEORIGIN[\r][\n]"
10:58:14.155 [main] DEBUG org.apache.http.wire -- http-outgoing-3 << "X-Permitted-Cross-Domain-Policies: none[\r][\n]"
10:58:14.155 [main] DEBUG org.apache.http.wire -- http-outgoing-3 << "X-Xss-Protection: 0[\r][\n]"
10:58:14.155 [main] DEBUG org.apache.http.wire -- http-outgoing-3 << "[\r][\n]"
10:58:14.155 [main] DEBUG org.apache.http.wire -- http-outgoing-3 << "true"
10:58:14.155 [main] DEBUG org.apache.http.headers -- http-outgoing-3 << HTTP/1.1 200 OK
10:58:14.155 [main] DEBUG org.apache.http.headers -- http-outgoing-3 << Access-Control-Allow-Origin: *
10:58:14.155 [main] DEBUG org.apache.http.headers -- http-outgoing-3 << Content-Length: 4
10:58:14.155 [main] DEBUG org.apache.http.headers -- http-outgoing-3 << Content-Security-Policy: script-src 'self' 'unsafe-inline' https://cdn.jsdelivr.net;img-src 'self' data: https://cdn.jsdelivr.net;default-src 'self';base-uri 'self';font-src 'self' https: data:;form-action 'self';frame-ancestors 'self';object-src 'none';script-src-attr 'none';style-src 'self' https: 'unsafe-inline';upgrade-insecure-requests
10:58:14.155 [main] DEBUG org.apache.http.headers -- http-outgoing-3 << Content-Type: text/html; charset=utf-8
10:58:14.155 [main] DEBUG org.apache.http.headers -- http-outgoing-3 << Cross-Origin-Opener-Policy: same-origin
10:58:14.155 [main] DEBUG org.apache.http.headers -- http-outgoing-3 << Cross-Origin-Resource-Policy: same-origin
10:58:14.155 [main] DEBUG org.apache.http.headers -- http-outgoing-3 << Date: Mon, 16 Jun 2025 05:28:13 GMT
10:58:14.155 [main] DEBUG org.apache.http.headers -- http-outgoing-3 << Etag: W/"4-X/5TO4MPCKAyY0ipFgr6/IraRNs"
10:58:14.155 [main] DEBUG org.apache.http.headers -- http-outgoing-3 << Nel: {"report_to":"heroku-nel","response_headers":["Via"],"max_age":3600,"success_fraction":0.01,"failure_fraction":0.1}
10:58:14.155 [main] DEBUG org.apache.http.headers -- http-outgoing-3 << Origin-Agent-Cluster: ?1
10:58:14.155 [main] DEBUG org.apache.http.headers -- http-outgoing-3 << Referrer-Policy: no-referrer
10:58:14.155 [main] DEBUG org.apache.http.headers -- http-outgoing-3 << Report-To: {"group":"heroku-nel","endpoints":[{"url":"https://nel.heroku.com/reports?s=roiK98ureeqQoVKTydSoaAWkQDEXQEFIkjmZlIFIVPo%3D\u0026sid=c46efe9b-d3d2-4a0c-8c76-bfafa16c5add\u0026ts=1750051693"}],"max_age":3600}
10:58:14.155 [main] DEBUG org.apache.http.headers -- http-outgoing-3 << Reporting-Endpoints: heroku-nel="https://nel.heroku.com/reports?s=roiK98ureeqQoVKTydSoaAWkQDEXQEFIkjmZlIFIVPo%3D&sid=c46efe9b-d3d2-4a0c-8c76-bfafa16c5add&ts=1750051693"
10:58:14.155 [main] DEBUG org.apache.http.headers -- http-outgoing-3 << Server: Heroku
10:58:14.155 [main] DEBUG org.apache.http.headers -- http-outgoing-3 << Strict-Transport-Security: max-age=31536000; includeSubDomains
10:58:14.155 [main] DEBUG org.apache.http.headers -- http-outgoing-3 << Via: 1.1 heroku-router
10:58:14.155 [main] DEBUG org.apache.http.headers -- http-outgoing-3 << X-Content-Type-Options: nosniff
10:58:14.155 [main] DEBUG org.apache.http.headers -- http-outgoing-3 << X-Dns-Prefetch-Control: off
10:58:14.155 [main] DEBUG org.apache.http.headers -- http-outgoing-3 << X-Download-Options: noopen
10:58:14.155 [main] DEBUG org.apache.http.headers -- http-outgoing-3 << X-Frame-Options: SAMEORIGIN
10:58:14.155 [main] DEBUG org.apache.http.headers -- http-outgoing-3 << X-Permitted-Cross-Domain-Policies: none
10:58:14.155 [main] DEBUG org.apache.http.headers -- http-outgoing-3 << X-Xss-Protection: 0
10:58:14.155 [main] DEBUG org.apache.http.impl.execchain.MainClientExec -- Connection can be kept alive indefinitely
10:58:14.155 [main] DEBUG org.apache.http.impl.conn.PoolingHttpClientConnectionManager -- Connection [id: 3][route: {s}->https://api.escuelajs.co:443] can be kept alive indefinitely
10:58:14.155 [main] DEBUG org.apache.http.impl.conn.DefaultManagedHttpClientConnection -- http-outgoing-3: set socket timeout to 0
10:58:14.155 [main] DEBUG org.apache.http.impl.conn.PoolingHttpClientConnectionManager -- Connection released: [id: 3][route: {s}->https://api.escuelajs.co:443][total available: 1; route allocated: 1 of 5; total allocated: 1 of 10]
10:58:14.155 [main] DEBUG org.apache.http.impl.conn.PoolingHttpClientConnectionManager -- Connection manager is shutting down
10:58:14.155 [main] DEBUG org.apache.http.impl.conn.DefaultManagedHttpClientConnection -- http-outgoing-3: Close connection
10:58:14.155 [main] DEBUG org.apache.http.impl.conn.PoolingHttpClientConnectionManager -- Connection manager shut down
10:58:14.155 [main] DEBUG com.intuit.karate -- response time in milliseconds: 799
1 < 200
1 < Access-Control-Allow-Origin: *
1 < Content-Length: 4
1 < Content-Security-Policy: script-src 'self' 'unsafe-inline' https://cdn.jsdelivr.net;img-src 'self' data: https://cdn.jsdelivr.net;default-src 'self';base-uri 'self';font-src 'self' https: data:;form-action 'self';frame-ancestors 'self';object-src 'none';script-src-attr 'none';style-src 'self' https: 'unsafe-inline';upgrade-insecure-requests
1 < Content-Type: text/html; charset=utf-8
1 < Cross-Origin-Opener-Policy: same-origin
1 < Cross-Origin-Resource-Policy: same-origin
1 < Date: Mon, 16 Jun 2025 05:28:13 GMT
1 < Etag: W/"4-X/5TO4MPCKAyY0ipFgr6/IraRNs"
1 < Nel: {"report_to":"heroku-nel","response_headers":["Via"],"max_age":3600,"success_fraction":0.01,"failure_fraction":0.1}
1 < Origin-Agent-Cluster: ?1
1 < Referrer-Policy: no-referrer
1 < Report-To: {"group":"heroku-nel","endpoints":[{"url":"https://nel.heroku.com/reports?s=roiK98ureeqQoVKTydSoaAWkQDEXQEFIkjmZlIFIVPo%3D\u0026sid=c46efe9b-d3d2-4a0c-8c76-bfafa16c5add\u0026ts=1750051693"}],"max_age":3600}
1 < Reporting-Endpoints: heroku-nel="https://nel.heroku.com/reports?s=roiK98ureeqQoVKTydSoaAWkQDEXQEFIkjmZlIFIVPo%3D&sid=c46efe9b-d3d2-4a0c-8c76-bfafa16c5add&ts=1750051693"
1 < Server: Heroku
1 < Strict-Transport-Security: max-age=31536000; includeSubDomains
1 < Via: 1.1 heroku-router
1 < X-Content-Type-Options: nosniff
1 < X-Dns-Prefetch-Control: off
1 < X-Download-Options: noopen
1 < X-Frame-Options: SAMEORIGIN
1 < X-Permitted-Cross-Domain-Policies: none
1 < X-Xss-Protection: 0
true

10:58:14.155 [main] INFO com.intuit.karate -- [print] true 
10:58:14.155 [main] INFO com.intuit.karate -- [print] 200 
]]></system-out>
  </testcase>
  <testcase name="[4:53] Verify product has been deleted (GET)" classname="features/product-crud" time="0.826">
    <system-out><![CDATA[10:58:14.173 [main] DEBUG org.apache.http.client.protocol.RequestAddCookies -- CookieSpec selected: karate
10:58:14.173 [main] DEBUG org.apache.http.client.protocol.RequestAuthCache -- Auth cache not set in the context
10:58:14.173 [main] DEBUG com.intuit.karate -- request:
1 > GET https://api.escuelajs.co/api/v1/products/73
1 > Host: api.escuelajs.co
1 > Connection: Keep-Alive
1 > User-Agent: Apache-HttpClient/4.5.14 (Java/21.0.6)
1 > Accept-Encoding: gzip,deflate


10:58:14.174 [main] DEBUG org.apache.http.impl.conn.PoolingHttpClientConnectionManager -- Connection request: [route: {s}->https://api.escuelajs.co:443][total available: 0; route allocated: 0 of 5; total allocated: 0 of 10]
10:58:14.174 [main] DEBUG org.apache.http.impl.conn.PoolingHttpClientConnectionManager -- Connection leased: [id: 4][route: {s}->https://api.escuelajs.co:443][total available: 0; route allocated: 1 of 5; total allocated: 1 of 10]
10:58:14.174 [main] DEBUG org.apache.http.impl.execchain.MainClientExec -- Opening connection {s}->https://api.escuelajs.co:443
10:58:14.174 [main] DEBUG org.apache.http.impl.conn.DefaultHttpClientConnectionOperator -- Connecting to api.escuelajs.co/35.71.145.101:443
10:58:14.174 [main] DEBUG org.apache.http.conn.ssl.SSLConnectionSocketFactory -- Connecting socket to api.escuelajs.co/35.71.145.101:443 with timeout 30000
10:58:14.435 [main] DEBUG org.apache.http.conn.ssl.SSLConnectionSocketFactory -- Enabled protocols: [TLSv1.3, TLSv1.2]
10:58:14.449 [main] DEBUG org.apache.http.conn.ssl.SSLConnectionSocketFactory -- Enabled cipher suites:[TLS_AES_256_GCM_SHA384, TLS_AES_128_GCM_SHA256, TLS_CHACHA20_POLY1305_SHA256, TLS_ECDHE_ECDSA_WITH_AES_256_GCM_SHA384, TLS_ECDHE_ECDSA_WITH_AES_128_GCM_SHA256, TLS_ECDHE_ECDSA_WITH_CHACHA20_POLY1305_SHA256, TLS_ECDHE_RSA_WITH_AES_256_GCM_SHA384, TLS_ECDHE_RSA_WITH_CHACHA20_POLY1305_SHA256, TLS_ECDHE_RSA_WITH_AES_128_GCM_SHA256, TLS_DHE_RSA_WITH_AES_256_GCM_SHA384, TLS_DHE_RSA_WITH_CHACHA20_POLY1305_SHA256, TLS_DHE_DSS_WITH_AES_256_GCM_SHA384, TLS_DHE_RSA_WITH_AES_128_GCM_SHA256, TLS_DHE_DSS_WITH_AES_128_GCM_SHA256, TLS_ECDHE_ECDSA_WITH_AES_256_CBC_SHA384, TLS_ECDHE_RSA_WITH_AES_256_CBC_SHA384, TLS_ECDHE_ECDSA_WITH_AES_128_CBC_SHA256, TLS_ECDHE_RSA_WITH_AES_128_CBC_SHA256, TLS_DHE_RSA_WITH_AES_256_CBC_SHA256, TLS_DHE_DSS_WITH_AES_256_CBC_SHA256, TLS_DHE_RSA_WITH_AES_128_CBC_SHA256, TLS_DHE_DSS_WITH_AES_128_CBC_SHA256, TLS_ECDHE_ECDSA_WITH_AES_256_CBC_SHA, TLS_ECDHE_RSA_WITH_AES_256_CBC_SHA, TLS_ECDHE_ECDSA_WITH_AES_128_CBC_SHA, TLS_ECDHE_RSA_WITH_AES_128_CBC_SHA, TLS_DHE_RSA_WITH_AES_256_CBC_SHA, TLS_DHE_DSS_WITH_AES_256_CBC_SHA, TLS_DHE_RSA_WITH_AES_128_CBC_SHA, TLS_DHE_DSS_WITH_AES_128_CBC_SHA, TLS_RSA_WITH_AES_256_GCM_SHA384, TLS_RSA_WITH_AES_128_GCM_SHA256, TLS_RSA_WITH_AES_256_CBC_SHA256, TLS_RSA_WITH_AES_128_CBC_SHA256, TLS_RSA_WITH_AES_256_CBC_SHA, TLS_RSA_WITH_AES_128_CBC_SHA, TLS_EMPTY_RENEGOTIATION_INFO_SCSV]
10:58:14.449 [main] DEBUG org.apache.http.conn.ssl.SSLConnectionSocketFactory -- Starting handshake
10:58:14.718 [main] DEBUG org.apache.http.conn.ssl.SSLConnectionSocketFactory -- Secure session established
10:58:14.718 [main] DEBUG org.apache.http.conn.ssl.SSLConnectionSocketFactory --  negotiated protocol: TLSv1.3
10:58:14.718 [main] DEBUG org.apache.http.conn.ssl.SSLConnectionSocketFactory --  negotiated cipher suite: TLS_AES_128_GCM_SHA256
10:58:14.718 [main] DEBUG org.apache.http.conn.ssl.SSLConnectionSocketFactory --  peer principal: CN=api.escuelajs.co
10:58:14.718 [main] DEBUG org.apache.http.conn.ssl.SSLConnectionSocketFactory --  peer alternative names: [api.escuelajs.co]
10:58:14.718 [main] DEBUG org.apache.http.conn.ssl.SSLConnectionSocketFactory --  issuer principal: CN=R11, O=Let's Encrypt, C=US
10:58:14.718 [main] DEBUG org.apache.http.impl.conn.DefaultHttpClientConnectionOperator -- Connection established 192.168.31.107:54601<->35.71.145.101:443
10:58:14.718 [main] DEBUG org.apache.http.impl.conn.DefaultManagedHttpClientConnection -- http-outgoing-4: set socket timeout to 30000
10:58:14.718 [main] DEBUG org.apache.http.impl.execchain.MainClientExec -- Executing request GET /api/v1/products/73 HTTP/1.1
10:58:14.718 [main] DEBUG org.apache.http.impl.execchain.MainClientExec -- Target auth state: UNCHALLENGED
10:58:14.718 [main] DEBUG org.apache.http.impl.execchain.MainClientExec -- Proxy auth state: UNCHALLENGED
10:58:14.718 [main] DEBUG org.apache.http.headers -- http-outgoing-4 >> GET /api/v1/products/73 HTTP/1.1
10:58:14.718 [main] DEBUG org.apache.http.headers -- http-outgoing-4 >> Host: api.escuelajs.co
10:58:14.718 [main] DEBUG org.apache.http.headers -- http-outgoing-4 >> Connection: Keep-Alive
10:58:14.718 [main] DEBUG org.apache.http.headers -- http-outgoing-4 >> User-Agent: Apache-HttpClient/4.5.14 (Java/21.0.6)
10:58:14.718 [main] DEBUG org.apache.http.headers -- http-outgoing-4 >> Accept-Encoding: gzip,deflate
10:58:14.718 [main] DEBUG org.apache.http.wire -- http-outgoing-4 >> "GET /api/v1/products/73 HTTP/1.1[\r][\n]"
10:58:14.718 [main] DEBUG org.apache.http.wire -- http-outgoing-4 >> "Host: api.escuelajs.co[\r][\n]"
10:58:14.718 [main] DEBUG org.apache.http.wire -- http-outgoing-4 >> "Connection: Keep-Alive[\r][\n]"
10:58:14.718 [main] DEBUG org.apache.http.wire -- http-outgoing-4 >> "User-Agent: Apache-HttpClient/4.5.14 (Java/21.0.6)[\r][\n]"
10:58:14.718 [main] DEBUG org.apache.http.wire -- http-outgoing-4 >> "Accept-Encoding: gzip,deflate[\r][\n]"
10:58:14.718 [main] DEBUG org.apache.http.wire -- http-outgoing-4 >> "[\r][\n]"
10:58:14.965 [main] DEBUG org.apache.http.wire -- http-outgoing-4 << "HTTP/1.1 400 Bad Request[\r][\n]"
10:58:14.965 [main] DEBUG org.apache.http.wire -- http-outgoing-4 << "Access-Control-Allow-Origin: *[\r][\n]"
10:58:14.965 [main] DEBUG org.apache.http.wire -- http-outgoing-4 << "Content-Length: 268[\r][\n]"
10:58:14.965 [main] DEBUG org.apache.http.wire -- http-outgoing-4 << "Content-Security-Policy: script-src 'self' 'unsafe-inline' https://cdn.jsdelivr.net;img-src 'self' data: https://cdn.jsdelivr.net;default-src 'self';base-uri 'self';font-src 'self' https: data:;form-action 'self';frame-ancestors 'self';object-src 'none';script-src-attr 'none';style-src 'self' https: 'unsafe-inline';upgrade-insecure-requests[\r][\n]"
10:58:14.965 [main] DEBUG org.apache.http.wire -- http-outgoing-4 << "Content-Type: application/json; charset=utf-8[\r][\n]"
10:58:14.965 [main] DEBUG org.apache.http.wire -- http-outgoing-4 << "Cross-Origin-Opener-Policy: same-origin[\r][\n]"
10:58:14.965 [main] DEBUG org.apache.http.wire -- http-outgoing-4 << "Cross-Origin-Resource-Policy: same-origin[\r][\n]"
10:58:14.965 [main] DEBUG org.apache.http.wire -- http-outgoing-4 << "Date: Mon, 16 Jun 2025 05:28:14 GMT[\r][\n]"
10:58:14.965 [main] DEBUG org.apache.http.wire -- http-outgoing-4 << "Etag: W/"10c-Wks4jPzq3pEYyiX1jdasNqwEtVw"[\r][\n]"
10:58:14.965 [main] DEBUG org.apache.http.wire -- http-outgoing-4 << "Nel: {"report_to":"heroku-nel","response_headers":["Via"],"max_age":3600,"success_fraction":0.01,"failure_fraction":0.1}[\r][\n]"
10:58:14.965 [main] DEBUG org.apache.http.wire -- http-outgoing-4 << "Origin-Agent-Cluster: ?1[\r][\n]"
10:58:14.965 [main] DEBUG org.apache.http.wire -- http-outgoing-4 << "Referrer-Policy: no-referrer[\r][\n]"
10:58:14.965 [main] DEBUG org.apache.http.wire -- http-outgoing-4 << "Report-To: {"group":"heroku-nel","endpoints":[{"url":"https://nel.heroku.com/reports?s=VMQh%2B3HcNKV0FO5v050bcr1dZ9iqTZimFtGTNkHXkTU%3D\u0026sid=c46efe9b-d3d2-4a0c-8c76-bfafa16c5add\u0026ts=1750051694"}],"max_age":3600}[\r][\n]"
10:58:14.965 [main] DEBUG org.apache.http.wire -- http-outgoing-4 << "Reporting-Endpoints: heroku-nel="https://nel.heroku.com/reports?s=VMQh%2B3HcNKV0FO5v050bcr1dZ9iqTZimFtGTNkHXkTU%3D&sid=c46efe9b-d3d2-4a0c-8c76-bfafa16c5a"
10:58:14.965 [main] DEBUG org.apache.http.wire -- http-outgoing-4 << "dd&ts=1750051694"[\r][\n]"
10:58:14.965 [main] DEBUG org.apache.http.wire -- http-outgoing-4 << "Server: Heroku[\r][\n]"
10:58:14.965 [main] DEBUG org.apache.http.wire -- http-outgoing-4 << "Strict-Transport-Security: max-age=31536000; includeSubDomains[\r][\n]"
10:58:14.965 [main] DEBUG org.apache.http.wire -- http-outgoing-4 << "Via: 1.1 heroku-router[\r][\n]"
10:58:14.965 [main] DEBUG org.apache.http.wire -- http-outgoing-4 << "X-Content-Type-Options: nosniff[\r][\n]"
10:58:14.965 [main] DEBUG org.apache.http.wire -- http-outgoing-4 << "X-Dns-Prefetch-Control: off[\r][\n]"
10:58:14.965 [main] DEBUG org.apache.http.wire -- http-outgoing-4 << "X-Download-Options: noopen[\r][\n]"
10:58:14.965 [main] DEBUG org.apache.http.wire -- http-outgoing-4 << "X-Frame-Options: SAMEORIGIN[\r][\n]"
10:58:14.965 [main] DEBUG org.apache.http.wire -- http-outgoing-4 << "X-Permitted-Cross-Domain-Policies: none[\r][\n]"
10:58:14.965 [main] DEBUG org.apache.http.wire -- http-outgoing-4 << "X-Xss-Protection: 0[\r][\n]"
10:58:14.965 [main] DEBUG org.apache.http.wire -- http-outgoing-4 << "[\r][\n]"
[...]
[THYMELEAF]             * [* {th:rows,data-th-rows}] [1000]: org.thymeleaf.standard.processor.StandardRemovableAttributeTagProcessor
[THYMELEAF]             * [* {th:axis,data-th-axis}] [1000]: org.thymeleaf.standard.processor.StandardRemovableAttributeTagProcessor
[THYMELEAF]             * [* {th:cellspacing,data-th-cellspacing}] [1000]: org.thymeleaf.standard.processor.StandardRemovableAttributeTagProcessor
[THYMELEAF]             * [* {th:autocomplete,data-th-autocomplete}] [1000]: org.thymeleaf.standard.processor.StandardRemovableAttributeTagProcessor
[THYMELEAF]             * [* {th:colspan,data-th-colspan}] [1000]: org.thymeleaf.standard.processor.StandardRemovableAttributeTagProcessor
[THYMELEAF]             * [* {th:bgcolor,data-th-bgcolor}] [1000]: org.thymeleaf.standard.processor.StandardRemovableAttributeTagProcessor
[THYMELEAF]             * [* {th:cols,data-th-cols}] [1000]: org.thymeleaf.standard.processor.StandardRemovableAttributeTagProcessor
[THYMELEAF]             * [* {th:codebase,data-th-codebase}] [1000]: org.thymeleaf.standard.processor.StandardRemovableAttributeTagProcessor
[THYMELEAF]             * [* {th:max,data-th-max}] [1000]: org.thymeleaf.standard.processor.StandardRemovableAttributeTagProcessor
[THYMELEAF]             * [* {th:sizes,data-th-sizes}] [1000]: org.thymeleaf.standard.processor.StandardRemovableAttributeTagProcessor
[THYMELEAF]             * [* {th:accept-charset,data-th-accept-charset}] [1000]: org.thymeleaf.standard.processor.StandardRemovableAttributeTagProcessor
[THYMELEAF]             * [* {th:draggable,data-th-draggable}] [1000]: org.thymeleaf.standard.processor.StandardRemovableAttributeTagProcessor
[THYMELEAF]             * [* {th:min,data-th-min}] [1000]: org.thymeleaf.standard.processor.StandardRemovableAttributeTagProcessor
[THYMELEAF]             * [* {th:data,data-th-data}] [1000]: org.thymeleaf.standard.processor.StandardRemovableAttributeTagProcessor
[THYMELEAF]             * [* {th:abbr,data-th-abbr}] [1000]: org.thymeleaf.standard.processor.StandardRemovableAttributeTagProcessor
[THYMELEAF]             * [* {th:placeholder,data-th-placeholder}] [1000]: org.thymeleaf.standard.processor.StandardRemovableAttributeTagProcessor
[THYMELEAF]             * [* {th:step,data-th-step}] [1000]: org.thymeleaf.standard.processor.StandardRemovableAttributeTagProcessor
[THYMELEAF]             * [* {th:rules,data-th-rules}] [1000]: org.thymeleaf.standard.processor.StandardRemovableAttributeTagProcessor
[THYMELEAF]             * [* {th:marginwidth,data-th-marginwidth}] [1000]: org.thymeleaf.standard.processor.StandardRemovableAttributeTagProcessor
[THYMELEAF]             * [* {th:alt,data-th-alt}] [1000]: org.thymeleaf.standard.processor.StandardRemovableAttributeTagProcessor
[THYMELEAF]             * [* {th:scrolling,data-th-scrolling}] [1000]: org.thymeleaf.standard.processor.StandardRemovableAttributeTagProcessor
[THYMELEAF]             * [* {th:audio,data-th-audio}] [1000]: org.thymeleaf.standard.processor.StandardRemovableAttributeTagProcessor
[THYMELEAF]             * [* {th:media,data-th-media}] [1000]: org.thymeleaf.standard.processor.StandardRemovableAttributeTagProcessor
[THYMELEAF]             * [* {th:srclang,data-th-srclang}] [1000]: org.thymeleaf.standard.processor.StandardRemovableAttributeTagProcessor
[THYMELEAF]             * [* {th:enctype,data-th-enctype}] [1000]: org.thymeleaf.standard.processor.StandardRemovableAttributeTagProcessor
[THYMELEAF]             * [* {th:valuetype,data-th-valuetype}] [1000]: org.thymeleaf.standard.processor.StandardRemovableAttributeTagProcessor
[THYMELEAF]             * [* {th:kind,data-th-kind}] [1000]: org.thymeleaf.standard.processor.StandardRemovableAttributeTagProcessor
[THYMELEAF]             * [* {th:formaction,data-th-formaction}] [1000]: org.thymeleaf.standard.processor.StandardRemovableAttributeTagProcessor
[THYMELEAF]             * [* {th:id,data-th-id}] [1000]: org.thymeleaf.standard.processor.StandardRemovableAttributeTagProcessor
[THYMELEAF]             * [* {th:accesskey,data-th-accesskey}] [1000]: org.thymeleaf.standard.processor.StandardRemovableAttributeTagProcessor
[THYMELEAF]             * [* {th:manifest,data-th-manifest}] [1000]: org.thymeleaf.standard.processor.StandardRemovableAttributeTagProcessor
[THYMELEAF]             * [* {th:spellcheck,data-th-spellcheck}] [1000]: org.thymeleaf.standard.processor.StandardRemovableAttributeTagProcessor
[THYMELEAF]             * [* {th:scope,data-th-scope}] [1000]: org.thymeleaf.standard.processor.StandardRemovableAttributeTagProcessor
[THYMELEAF]             * [* {th:content,data-th-content}] [1000]: org.thymeleaf.standard.processor.StandardRemovableAttributeTagProcessor
[THYMELEAF]             * [* {th:summary,data-th-summary}] [1000]: org.thymeleaf.standard.processor.StandardRemovableAttributeTagProcessor
[THYMELEAF]             * [* {th:form,data-th-form}] [1000]: org.thymeleaf.standard.processor.StandardRemovableAttributeTagProcessor
[THYMELEAF]             * [* {th:title,data-th-title}] [1000]: org.thymeleaf.standard.processor.StandardRemovableAttributeTagProcessor
[THYMELEAF]             * [* {th:style,data-th-style}] [1000]: org.thymeleaf.standard.processor.StandardRemovableAttributeTagProcessor
[THYMELEAF]             * [* {th:challenge,data-th-challenge}] [1000]: org.thymeleaf.standard.processor.StandardRemovableAttributeTagProcessor
[THYMELEAF]             * [* {th:src,data-th-src}] [1000]: org.thymeleaf.standard.processor.StandardSrcTagProcessor
[THYMELEAF]             * [* {th:value,data-th-value}] [1000]: org.thymeleaf.standard.processor.StandardValueTagProcessor
[THYMELEAF]             * [* {th:xmlbase,data-th-xmlbase}] [1000]: org.thymeleaf.standard.processor.StandardXmlBaseTagProcessor
[THYMELEAF]             * [* {th:xmllang,data-th-xmllang}] [1000]: org.thymeleaf.standard.processor.StandardXmlLangTagProcessor
[THYMELEAF]             * [* {xmlns:th}] [1000]: org.thymeleaf.standard.processor.StandardXmlNsTagProcessor
[THYMELEAF]             * [* {th:xmlspace,data-th-xmlspace}] [1000]: org.thymeleaf.standard.processor.StandardXmlSpaceTagProcessor
[THYMELEAF]             * [* {th:classappend,data-th-classappend}] [1100]: org.thymeleaf.standard.processor.StandardClassappendTagProcessor
[THYMELEAF]             * [* {th:styleappend,data-th-styleappend}] [1100]: org.thymeleaf.standard.processor.StandardStyleappendTagProcessor
[THYMELEAF]             * [* {th:text,data-th-text}] [1300]: org.thymeleaf.standard.processor.StandardTextTagProcessor
[THYMELEAF]             * [* {th:utext,data-th-utext}] [1400]: org.thymeleaf.standard.processor.StandardUtextTagProcessor
[THYMELEAF]             * [* {th:fragment,data-th-fragment}] [1500]: org.thymeleaf.standard.processor.StandardFragmentTagProcessor
[THYMELEAF]             * [* {th:assert,data-th-assert}] [1550]: org.thymeleaf.standard.processor.StandardAssertTagProcessor
[THYMELEAF]             * [* {th:remove,data-th-remove}] [1600]: org.thymeleaf.standard.processor.StandardRemoveTagProcessor
[THYMELEAF]             * [* {th:ref,data-th-ref}] [10000]: org.thymeleaf.standard.processor.StandardRefAttributeTagProcessor
[THYMELEAF]             * [{th:block,th-block} *] [100000]: org.thymeleaf.standard.processor.StandardBlockTagProcessor
[THYMELEAF]             * [* th:*] [2147483647]: org.thymeleaf.standard.processor.StandardDefaultAttributesTagProcessor
[THYMELEAF]         * Text Processors by [precedence]:
[THYMELEAF]             * [1000]: org.thymeleaf.standard.processor.StandardInliningTextProcessor
[THYMELEAF]         * DOCTYPE Processors by [precedence]:
[THYMELEAF]             * [1000]: org.thymeleaf.standard.processor.StandardTranslationDocTypeProcessor
[THYMELEAF]         * CDATA Section Processors by [precedence]:
[THYMELEAF]             * [1000]: org.thymeleaf.standard.processor.StandardInliningCDATASectionProcessor
[THYMELEAF]         * Comment Processors by [precedence]:
[THYMELEAF]             * [1000]: org.thymeleaf.standard.processor.StandardInliningCommentProcessor
[THYMELEAF]             * [1100]: org.thymeleaf.standard.processor.StandardConditionalCommentProcessor
[THYMELEAF]     * Processors for Template Mode: XML
[THYMELEAF]         * Element Tag Processors by [matching element and attribute name] [precedence]:
[THYMELEAF]             * [* {th:include}] [100]: org.thymeleaf.standard.processor.StandardIncludeTagProcessor
[THYMELEAF]             * [* {th:insert}] [100]: org.thymeleaf.standard.processor.StandardInsertTagProcessor
[THYMELEAF]             * [* {th:replace}] [100]: org.thymeleaf.standard.processor.StandardReplaceTagProcessor
[THYMELEAF]             * [* {th:each}] [200]: com.intuit.karate.template.KarateEachTagProcessor
[THYMELEAF]             * [* {th:switch}] [250]: org.thymeleaf.standard.processor.StandardSwitchTagProcessor
[THYMELEAF]             * [* {th:case}] [275]: org.thymeleaf.standard.processor.StandardCaseTagProcessor
[THYMELEAF]             * [* {th:if}] [300]: org.thymeleaf.standard.processor.StandardIfTagProcessor
[THYMELEAF]             * [* {th:unless}] [400]: org.thymeleaf.standard.processor.StandardUnlessTagProcessor
[THYMELEAF]             * [* {th:object}] [500]: org.thymeleaf.standard.processor.StandardObjectTagProcessor
[THYMELEAF]             * [* {th:with}] [600]: com.intuit.karate.template.KarateWithTagProcessor
[THYMELEAF]             * [* {th:attr}] [700]: com.intuit.karate.template.KarateAttributeTagProcessor.KarateAttrTagProcessor
[THYMELEAF]             * [* {th:attrappend}] [900]: com.intuit.karate.template.KarateAttributeTagProcessor.KarateAttrappendTagProcessor
[THYMELEAF]             * [* {th:attrprepend}] [900]: com.intuit.karate.template.KarateAttributeTagProcessor.KarateAttrprependTagProcessor
[THYMELEAF]             * [* {th:inline}] [1000]: org.thymeleaf.standard.processor.StandardInlineXMLTagProcessor
[THYMELEAF]             * [* {xmlns:th}] [1000]: org.thymeleaf.standard.processor.StandardXmlNsTagProcessor
[THYMELEAF]             * [* {th:text}] [1300]: org.thymeleaf.standard.processor.StandardTextTagProcessor
[THYMELEAF]             * [* {th:utext}] [1400]: org.thymeleaf.standard.processor.StandardUtextTagProcessor
[THYMELEAF]             * [* {th:fragment}] [1500]: org.thymeleaf.standard.processor.StandardFragmentTagProcessor
[THYMELEAF]             * [* {th:assert}] [1550]: org.thymeleaf.standard.processor.StandardAssertTagProcessor
[THYMELEAF]             * [* {th:remove}] [1600]: org.thymeleaf.standard.processor.StandardRemoveTagProcessor
[THYMELEAF]             * [* {th:ref}] [10000]: org.thymeleaf.standard.processor.StandardRefAttributeTagProcessor
[THYMELEAF]             * [{th:block} *] [100000]: org.thymeleaf.standard.processor.StandardBlockTagProcessor
[THYMELEAF]             * [* th:*] [2147483647]: org.thymeleaf.standard.processor.StandardDefaultAttributesTagProcessor
[THYMELEAF]         * Text Processors by [precedence]:
[THYMELEAF]             * [1000]: org.thymeleaf.standard.processor.StandardInliningTextProcessor
[THYMELEAF]         * CDATA Section Processors by [precedence]:
[THYMELEAF]             * [1000]: org.thymeleaf.standard.processor.StandardInliningCDATASectionProcessor
[THYMELEAF]         * Comment Processors by [precedence]:
[THYMELEAF]             * [1000]: org.thymeleaf.standard.processor.StandardInliningCommentProcessor
[THYMELEAF]     * Processors for Template Mode: TEXT
[THYMELEAF]         * Element Tag Processors by [matching element and attribute name] [precedence]:
[THYMELEAF]             * [* {th:insert}] [100]: org.thymeleaf.standard.processor.StandardInsertTagProcessor
[THYMELEAF]             * [* {th:replace}] [100]: org.thymeleaf.standard.processor.StandardReplaceTagProcessor
[THYMELEAF]             * [* {th:each}] [200]: com.intuit.karate.template.KarateEachTagProcessor
[THYMELEAF]             * [* {th:switch}] [250]: org.thymeleaf.standard.processor.StandardSwitchTagProcessor
[THYMELEAF]             * [* {th:case}] [275]: org.thymeleaf.standard.processor.StandardCaseTagProcessor
[THYMELEAF]             * [* {th:if}] [300]: org.thymeleaf.standard.processor.StandardIfTagProcessor
[THYMELEAF]             * [* {th:unless}] [400]: org.thymeleaf.standard.processor.StandardUnlessTagProcessor
[THYMELEAF]             * [* {th:object}] [500]: org.thymeleaf.standard.processor.StandardObjectTagProcessor
[THYMELEAF]             * [* {th:with}] [600]: com.intuit.karate.template.KarateWithTagProcessor
[THYMELEAF]             * [* {th:inline}] [1000]: org.thymeleaf.standard.processor.StandardInlineTextualTagProcessor
[THYMELEAF]             * [* {th:text}] [1300]: org.thymeleaf.standard.processor.StandardTextTagProcessor
[THYMELEAF]             * [* {th:utext}] [1400]: org.thymeleaf.standard.processor.StandardUtextTagProcessor
[THYMELEAF]             * [* {th:assert}] [1550]: org.thymeleaf.standard.processor.StandardAssertTagProcessor
[THYMELEAF]             * [* {th:remove}] [1600]: org.thymeleaf.standard.processor.StandardRemoveTagProcessor
[THYMELEAF]             * [{th:block} *] [100000]: org.thymeleaf.standard.processor.StandardBlockTagProcessor
[THYMELEAF]             * [* 100000] [org.thymeleaf.standard.processor.StandardBlockTagProcessor]: {}
[THYMELEAF]         * Text Processors by [precedence]:
[THYMELEAF]             * [1000]: org.thymeleaf.standard.processor.StandardInliningTextProcessor
[THYMELEAF]     * Processors for Template Mode: JAVASCRIPT
[THYMELEAF]         * Element Tag Processors by [matching element and attribute name] [precedence]:
[THYMELEAF]             * [* {th:insert}] [100]: org.thymeleaf.standard.processor.StandardInsertTagProcessor
[THYMELEAF]             * [* {th:replace}] [100]: org.thymeleaf.standard.processor.StandardReplaceTagProcessor
[THYMELEAF]             * [* {th:each}] [200]: com.intuit.karate.template.KarateEachTagProcessor
[THYMELEAF]             * [* {th:switch}] [250]: org.thymeleaf.standard.processor.StandardSwitchTagProcessor
[THYMELEAF]             * [* {th:case}] [275]: org.thymeleaf.standard.processor.StandardCaseTagProcessor
[THYMELEAF]             * [* {th:if}] [300]: org.thymeleaf.standard.processor.StandardIfTagProcessor
[THYMELEAF]             * [* {th:unless}] [400]: org.thymeleaf.standard.processor.StandardUnlessTagProcessor
[THYMELEAF]             * [* {th:object}] [500]: org.thymeleaf.standard.processor.StandardObjectTagProcessor
[THYMELEAF]             * [* {th:with}] [600]: com.intuit.karate.template.KarateWithTagProcessor
[THYMELEAF]             * [* {th:inline}] [1000]: org.thymeleaf.standard.processor.StandardInlineTextualTagProcessor
[THYMELEAF]             * [* {th:text}] [1300]: org.thymeleaf.standard.processor.StandardTextTagProcessor
[THYMELEAF]             * [* {th:utext}] [1400]: org.thymeleaf.standard.processor.StandardUtextTagProcessor
[THYMELEAF]             * [* {th:assert}] [1550]: org.thymeleaf.standard.processor.StandardAssertTagProcessor
[THYMELEAF]             * [* {th:remove}] [1600]: org.thymeleaf.standard.processor.StandardRemoveTagProcessor
[THYMELEAF]             * [{th:block} *] [100000]: org.thymeleaf.standard.processor.StandardBlockTagProcessor
[THYMELEAF]             * [* 100000] [org.thymeleaf.standard.processor.StandardBlockTagProcessor]: {}
[THYMELEAF]         * Text Processors by [precedence]:
[THYMELEAF]             * [1000]: org.thymeleaf.standard.processor.StandardInliningTextProcessor
[THYMELEAF]     * Processors for Template Mode: CSS
[THYMELEAF]         * Element Tag Processors by [matching element and attribute name] [precedence]:
[THYMELEAF]             * [* {th:insert}] [100]: org.thymeleaf.standard.processor.StandardInsertTagProcessor
[THYMELEAF]             * [* {th:replace}] [100]: org.thymeleaf.standard.processor.StandardReplaceTagProcessor
[THYMELEAF]             * [* {th:each}] [200]: com.intuit.karate.template.KarateEachTagProcessor
[THYMELEAF]             * [* {th:switch}] [250]: org.thymeleaf.standard.processor.StandardSwitchTagProcessor
[THYMELEAF]             * [* {th:case}] [275]: org.thymeleaf.standard.processor.StandardCaseTagProcessor
[THYMELEAF]             * [* {th:if}] [300]: org.thymeleaf.standard.processor.StandardIfTagProcessor
[THYMELEAF]             * [* {th:unless}] [400]: org.thymeleaf.standard.processor.StandardUnlessTagProcessor
[THYMELEAF]             * [* {th:object}] [500]: org.thymeleaf.standard.processor.StandardObjectTagProcessor
[THYMELEAF]             * [* {th:with}] [600]: com.intuit.karate.template.KarateWithTagProcessor
[THYMELEAF]             * [* {th:inline}] [1000]: org.thymeleaf.standard.processor.StandardInlineTextualTagProcessor
[THYMELEAF]             * [* {th:text}] [1300]: org.thymeleaf.standard.processor.StandardTextTagProcessor
[THYMELEAF]             * [* {th:utext}] [1400]: org.thymeleaf.standard.processor.StandardUtextTagProcessor
[THYMELEAF]             * [* {th:assert}] [1550]: org.thymeleaf.standard.processor.StandardAssertTagProcessor
[THYMELEAF]             * [* {th:remove}] [1600]: org.thymeleaf.standard.processor.StandardRemoveTagProcessor
[THYMELEAF]             * [{th:block} *] [100000]: org.thymeleaf.standard.processor.StandardBlockTagProcessor
[THYMELEAF]             * [* 100000] [org.thymeleaf.standard.processor.StandardBlockTagProcessor]: {}
[THYMELEAF]         * Text Processors by [precedence]:
[THYMELEAF]             * [1000]: org.thymeleaf.standard.processor.StandardInliningTextProcessor
[THYMELEAF]     * Expression Objects:
[THYMELEAF]         * #ctx
[THYMELEAF]         * #root
[THYMELEAF]         * #vars
[THYMELEAF]         * #object
[THYMELEAF]         * #locale
[THYMELEAF]         * #conversions
[THYMELEAF]         * #uris
[THYMELEAF]         * #temporals
[THYMELEAF]         * #calendars
[THYMELEAF]         * #dates
[THYMELEAF]         * #bools
[THYMELEAF]         * #numbers
[THYMELEAF]         * #objects
[THYMELEAF]         * #strings
[THYMELEAF]         * #arrays
[THYMELEAF]         * #lists
[THYMELEAF]         * #sets
[THYMELEAF]         * #maps
[THYMELEAF]         * #aggregates
[THYMELEAF]         * #messages
[THYMELEAF]         * #ids
[THYMELEAF]         * #execInfo
[THYMELEAF]         * #request
[THYMELEAF]         * #response
[THYMELEAF]         * #session
[THYMELEAF]         * #servletContext
[THYMELEAF]     * Execution Attributes:
[THYMELEAF]         * "StandardExpressionParser": com.intuit.karate.template.KarateStandardDialect@1fa9692b
[THYMELEAF]         * "StandardJavaScriptSerializer": org.thymeleaf.standard.serializer.StandardJavaScriptSerializer@11cc9e1e
[THYMELEAF]         * "StandardCSSSerializer": org.thymeleaf.standard.serializer.StandardCSSSerializer@216328b2
[THYMELEAF]         * "StandardVariableExpressionEvaluator": com.intuit.karate.template.KarateStandardDialect@1fa9692b
[THYMELEAF]         * "StandardConversionService": org.thymeleaf.standard.expression.StandardConversionService@5b0e9e0c
[THYMELEAF] * Dialect [2 of 2]: karate (com.intuit.karate.template.KarateScriptDialect)
[THYMELEAF]     * Prefix: "ka"
[THYMELEAF]     * Processors for Template Mode: HTML
[THYMELEAF]         * Element Tag Processors by [matching element and attribute name] [precedence]:
[THYMELEAF]             * [* {src}] [1000]: com.intuit.karate.template.KaScriptAttrProcessor
[THYMELEAF]         * Element Model Processors by [matching element and attribute name] [precedence]:
[THYMELEAF]             * [{script} {ka:scope,data-ka-scope}] [1000]: com.intuit.karate.template.KaScriptElemProcessor
[THYMELEAF]             * [* {ka:set,data-ka-set}] [1000]: com.intuit.karate.template.KaSetElemProcessor
[THYMELEAF] TEMPLATE ENGINE CONFIGURED OK
10:58:19.536 [main] DEBUG org.thymeleaf.TemplateEngine -- [THYMELEAF] TEMPLATE ENGINE INITIALIZED

HTML report: (paste into browser to view) | Karate version: 1.4.1
file:///C:/Users/matsa/OneDrive/Desktop/git-projects/karate-api-tests/target/karate-reports/karate-summary.html
===================================================================

]]></system-out>
  </testcase>
</testsuite>